171013, 140721,deca0100c4b48784,  2.751318979085703e+00,  4.140061809824411e-02
171013, 140721,deca0100c4b48784,  2.987123134741760e+00,  5.334159746934772e-01
171013, 140721,deca0100c4b48784,  2.809828647940154e+00,  -1.081484786482530e-01
171013, 140721,deca0100c4b48784,  3.015332368937003e+00,  1.957370736935413e-01
171013, 140721,deca0100c4b48784,  2.941602482361459e+00,  4.635095523000881e-01
171013, 140721,deca0100c4b48784,  2.832574817012275e+00,  1.224405573233358e-01
171013, 140721,deca0100c4b48784,  2.903669678376209e+00,  1.065558208338207e-01
171014, 140721,deca0100c4b48784,  2.972137896436096e+00,  2.967709801564248e-01
171014, 140721,deca0100c4b48784,  3.008710987793792e+00,  3.381897486064601e-01
171014, 140721,deca0100c4b48784,  3.125932036533599e+00,  4.380968499953852e-01
171014, 140721,deca0100c4b48784,  3.044093745020255e+00,  5.067504956338023e-01
171014, 140721,deca0100c4b48784,  2.987864781406543e+00,  3.823463089084046e-01
171014, 140721,deca0100c4b48784,  3.010596440621261e+00,  3.032907728413964e-01
171014, 140721,deca0100c4b48784,  2.995768469393549e+00,  3.327667179327098e-01
171014, 140721,deca0100c4b48784,  3.030871518215168e+00,  4.662647534539114e-01
171014, 140721,deca0100c4b48784,  3.043650525129152e+00,  4.685700379507709e-01
171014, 140721,deca0100c4b48784,  3.160168097277439e+00,  5.103611446606307e-01
171015, 140721,deca0100c4b48784,  3.142584801106027e+00,  5.303881672975252e-01
171015, 140721,deca0100c4b48784,  2.870683244286482e+00,  1.433942839612448e-01
171015, 140721,deca0100c4b48784,  2.861613712439493e+00,  2.567664821922473e-01
171015, 140721,deca0100c4b48784,  2.915888457623192e+00,  3.034229706530644e-01
171015, 140721,deca0100c4b48784,  3.008681415453282e+00,  4.301906939486901e-01
171015, 140721,deca0100c4b48784,  2.965352288790005e+00,  3.380104873188806e-01
171015, 140721,deca0100c4b48784,  2.982408609419031e+00,  2.343502093635360e-01
171015, 140721,deca0100c4b48784,  3.093972148948812e+00,  3.819028133290566e-01
171015, 140721,deca0100c4b48784,  2.959219390381640e+00,  1.127557186601436e-01
171015, 140721,deca0100c4b48784,  3.140399404588596e+00,  2.700379388633357e-01
171016, 140721,deca0100c4b48784,  3.062095536484809e+00,  2.326306762900496e-01
171016, 140721,deca0100c4b48784,  3.085631283721232e+00,  1.002045477628614e-01
171016, 140721,deca0100c4b48784,  3.079726641007053e+00,  2.492342735382412e-01
171016, 140721,deca0100c4b48784,  2.942769040098929e+00,  8.241641213260106e-02
171016, 140721,deca0100c4b48784,  2.971797810661212e+00,  2.371180160812272e-02
171016, 140721,deca0100c4b48784,  3.039637005786160e+00,  1.383121718421891e-01
171016, 140721,deca0100c4b48784,  3.170713235748619e+00,  3.815717640145959e-01
171016, 140721,deca0100c4b48784,  3.008620490771627e+00,  6.408539663821808e-02
171016, 140721,deca0100c4b48784,  3.167867169276675e+00,  2.500343411986279e-01
171016, 140721,deca0100c4b48784,  2.966095796158836e+00,  -6.360587251751076e-02
171017, 140721,deca0100c4b48784,  3.157166007027359e+00,  2.342263811629671e-01
171017, 140721,deca0100c4b48784,  3.214306096905438e+00,  3.549993023410963e-01
171017, 140721,deca0100c4b48784,  3.104620476932094e+00,  6.965736638447989e-02
171017, 140721,deca0100c4b48784,  3.158414311382858e+00,  1.435983814857113e-01
171017, 140721,deca0100c4b48784,  3.183796976904420e+00,  1.231345406555802e-01
171017, 140721,deca0100c4b48784,  3.279311094417896e+00,  2.871091704529958e-01
171017, 140721,deca0100c4b48784,  3.304973508469604e+00,  2.361592488013526e-01
171017, 140721,deca0100c4b48784,  3.365826606272396e+00,  1.704684821984326e-01
171017, 140721,deca0100c4b48784,  3.396927399737121e+00,  2.282608715673081e-01
171017, 140721,deca0100c4b48784,  3.342529468538684e+00,  2.613306158961110e-01
171018, 140721,deca0100c4b48784,  3.888982664961289e+00,  -3.831904269423529e-01
171018, 140721,deca0100c4b48784,  3.890382282732881e+00,  -2.433201639802455e-01
171018, 140721,deca0100c4b48784,  3.897416795947382e+00,  -1.746648164407553e-01
171018, 140721,deca0100c4b48784,  3.791447656688951e+00,  -1.873186120958760e-01
171018, 140721,deca0100c4b48784,  3.869135973515264e+00,  1.135044897446408e-01
171018, 140721,deca0100c4b48784,  4.044818010633419e+00,  -2.841089068947145e-01
171018, 140721,deca0100c4b48784,  3.990712884090889e+00,  -4.761117078033055e-01
171018, 140721,deca0100c4b48784,  4.730861174895918e+00,  3.869346452580743e-01
171018, 140721,deca0100c4b48784,  5.009988734555333e+00,  -2.059513471467636e-01
171018, 140721,deca0100c4b48784,  5.110138501273342e+00,  -1.256769937552538e-02
171019, 140721,deca0100c4b48784,  5.066430361733806e+00,  -1.371364857398290e-01
171019, 140721,deca0100c4b48784,  5.048201170150962e+00,  -9.853059161332145e-02
171019, 140721,deca0100c4b48784,  4.787664992680050e+00,  -3.614809450627356e-01
171019, 140721,deca0100c4b48784,  4.751155141008153e+00,  -1.224275710965182e+00
171019, 140721,deca0100c4b48784,  4.819129924792954e+00,  -1.122162958994123e+00
171019, 140721,deca0100c4b48784,  5.674047927568698e+00,  -2.802070561072594e-01
171019, 140721,deca0100c4b48784,  5.934785274910133e+00,  -4.644832966037402e-01
171019, 140721,deca0100c4b48784,  3.945504662763561e+00,  2.446816303471393e-01
171019, 140721,deca0100c4b48784,  4.729613471268924e+00,  -1.788684433554583e+00
171019, 140721,deca0100c4b48784,  4.693156461188519e+00,  -1.889846287891324e+00
171019, 140721,deca0100c4b48784,  5.959895823154215e+00,  -2.908416674078094e-01
171020, 140721,deca0100c4b48784,  4.881362796619092e+00,  -1.566350046612481e+00
171020, 140721,deca0100c4b48784,  3.537533688437660e+00,  7.542836371120357e-01
171020, 140721,deca0100c4b48784,  3.400765916483849e+00,  6.891174187829224e-01
171020, 140721,deca0100c4b48784,  3.418800250191431e+00,  6.785010446095505e-01
171020, 140721,deca0100c4b48784,  3.462494093194845e+00,  6.449103534005362e-01
171020, 140721,deca0100c4b48784,  3.451959827906820e+00,  9.286361499816543e-01
171020, 140721,deca0100c4b48784,  3.310581830349375e+00,  4.829199077081245e-01
171020, 140721,deca0100c4b48784,  3.398301532143582e+00,  4.482118183973963e-01
171020, 140721,deca0100c4b48784,  3.374879769851846e+00,  4.013141623617308e-01
171020, 140721,deca0100c4b48784,  3.640215568549257e+00,  9.170468820966688e-01
171020, 140721,deca0100c4b48784,  3.570678616357849e+00,  7.262912468304097e-01
171021, 140721,deca0100c4b48784,  3.549532170719090e+00,  7.332838794106369e-01
171021, 140721,deca0100c4b48784,  3.576115580451345e+00,  7.617183156865130e-01
171021, 140721,deca0100c4b48784,  3.556037056212526e+00,  9.854011661800429e-01
171021, 140721,deca0100c4b48784,  3.470904452340233e+00,  6.650467100992514e-01
171021, 140721,deca0100c4b48784,  3.476436170341256e+00,  8.808625315165431e-01
171021, 140721,deca0100c4b48784,  3.394558588244595e+00,  9.035950881948225e-01
171021, 140721,deca0100c4b48784,  3.366263554110828e+00,  8.643232028349550e-01
171021, 140721,deca0100c4b48784,  3.348412805683078e+00,  6.060092618112364e-01
171021, 140721,deca0100c4b48784,  3.343479917998789e+00,  7.144886974800509e-01
171021, 140721,deca0100c4b48784,  3.457878838107999e+00,  1.145816982087459e+00
171022, 140721,deca0100c4b48784,  3.736651851919117e+00,  2.532290073795579e+00
171022, 140721,deca0100c4b48784,  3.751288989836269e+00,  2.474954053389380e+00
171022, 140721,deca0100c4b48784,  3.549959763303702e+00,  2.903226669096582e+00
171022, 140721,deca0100c4b48784,  3.698143735715699e+00,  2.794755398409669e+00
171022, 140721,deca0100c4b48784,  3.569524209835437e+00,  2.676659049410905e+00
171022, 140721,deca0100c4b48784,  3.557572770829129e+00,  2.555898370201548e+00
171022, 140721,deca0100c4b48784,  3.543684893667104e+00,  2.560252800576508e+00
171022, 140721,deca0100c4b48784,  3.508121170912419e+00,  2.476102278111836e+00
171022, 140721,deca0100c4b48784,  3.539332045654564e+00,  2.492052627876252e+00
171022, 140721,deca0100c4b48784,  3.463753992025227e+00,  2.468802788665772e+00
171023, 140721,deca0100c4b48784,  3.421649679968426e+00,  2.352920766170889e+00
171023, 140721,deca0100c4b48784,  3.408976907979856e+00,  2.500414529227367e+00
171023, 140721,deca0100c4b48784,  3.252051378965688e+00,  2.151581207619886e+00
171023, 140721,deca0100c4b48784,  3.289280207254155e+00,  2.138051608486710e+00
171023, 140721,deca0100c4b48784,  3.270146383913545e+00,  2.182513859988377e+00
171023, 140721,deca0100c4b48784,  3.230837458374682e+00,  2.022130875702584e+00
171023, 140721,deca0100c4b48784,  3.291366887624899e+00,  2.150894796875683e+00
171023, 140721,deca0100c4b48784,  3.307963406736101e+00,  2.419621879085935e+00
171023, 140721,deca0100c4b48784,  2.320197301433961e+00,  5.722990385166503e-01
171023, 140721,deca0100c4b48784,  2.437590277120925e+00,  8.678639322121169e-01
171023, 140721,deca0100c4b48784,  1.483733059647523e+00,  -1.369108385101915e+00
171024, 140721,deca0100c4b48784,  1.517767550373502e+00,  -1.346858456648648e+00
171024, 140721,deca0100c4b48784,  2.756697656667560e+00,  4.491830471412904e-01
171024, 140721,deca0100c4b48784,  2.796882987873670e+00,  6.100472014770930e-01
171024, 140721,deca0100c4b48784,  -2.407851875139794e-01,  -3.396478721130033e+00
171024, 140721,deca0100c4b48784,  -1.699522346823408e+00,  -5.022905980328005e+00
171024, 140721,deca0100c4b48784,  1.172781286229015e+00,  -1.805449476785801e+00
171024, 140721,deca0100c4b48784,  6.023076292935610e-01,  -2.635943780023239e+00
171024, 140721,deca0100c4b48784,  -5.603529937142084e-01,  -3.899828342475400e+00
171024, 140721,deca0100c4b48784,  -5.994704131563283e+01,  -4.923047788938396e+01
171024, 140721,deca0100c4b48784,  -7.864027183824274e+01,  -6.252936042818845e+01
171025, 140721,deca0100c4b48784,  -3.020213566071163e+00,  -6.593076219812392e+00
171025, 140721,deca0100c4b48784,  1.313716585235752e+00,  -1.829284409268981e+00
171025, 140721,deca0100c4b48784,  2.241247360447170e+00,  6.804423297985480e-01
171025, 140721,deca0100c4b48784,  3.028091138878132e+00,  1.570804236650732e+00
171025, 140721,deca0100c4b48784,  -5.759736759706502e+00,  -8.495214210407202e+00
171025, 140721,deca0100c4b48784,  -9.796819194198141e+00,  -1.200563855129761e+01
171025, 140721,deca0100c4b48784,  -9.738595719337638e+00,  -1.190865631393689e+01
171025, 140721,deca0100c4b48784,  1.266000649138219e+00,  -1.745550254002001e+00
171025, 140721,deca0100c4b48784,  1.338825578276949e+00,  -1.647687572746000e+00
171025, 140721,deca0100c4b48784,  1.483584911419483e+00,  -1.445116778645776e+00
171025, 140721,deca0100c4b48784,  9.098912499379702e-01,  -2.376610692077660e+00
171026, 140721,deca0100c4b48784,  1.328060544605876e+00,  -1.831784459647990e+00
171026, 140721,deca0100c4b48784,  1.141037140139278e+00,  -1.962555904928306e+00
171026, 140721,deca0100c4b48784,  1.685944500891751e+00,  -1.379874339427204e+00
171026, 140721,deca0100c4b48784,  1.394503358451339e+00,  -1.738613129097281e+00
171026, 140721,deca0100c4b48784,  2.453215495544240e+00,  -4.608669940402302e-01
171026, 140721,deca0100c4b48784,  2.764882186201001e+00,  -5.437643694113906e-02
171026, 140721,deca0100c4b48784,  2.889567656695499e+00,  2.052223926303823e-01
171026, 140721,deca0100c4b48784,  2.763476878710811e+00,  -9.239413459326551e-03
171026, 140721,deca0100c4b48784,  2.868121307702880e+00,  1.700061806074595e-01
171027, 140721,deca0100c4b48784,  2.799142406156351e+00,  2.189342385858073e-02
171027, 140721,deca0100c4b48784,  2.888014435336506e+00,  1.387851555087795e-01
171027, 140721,deca0100c4b48784,  2.887744039965691e+00,  7.788654548655018e-02
171027, 140721,deca0100c4b48784,  2.913319869436495e+00,  8.248704268853041e-02
171027, 140721,deca0100c4b48784,  2.990005677024278e+00,  1.984427404557806e-01
171027, 140721,deca0100c4b48784,  3.021521769848651e+00,  2.786393091079645e-01
171027, 140721,deca0100c4b48784,  2.983895284207928e+00,  2.241037785762631e-01
171027, 140721,deca0100c4b48784,  2.948826407262943e+00,  1.232451092474542e-01
171027, 140721,deca0100c4b48784,  3.025937652462985e+00,  7.371005694063534e-02
171027, 140721,deca0100c4b48784,  3.009702398220780e+00,  5.915996795122958e-02
171027, 140721,deca0100c4b48784,  3.051642301638683e+00,  1.413065790323631e-01
171028, 140721,deca0100c4b48784,  2.919329002306910e+00,  -1.464577178107855e-01
171028, 140721,deca0100c4b48784,  3.052707819642050e+00,  1.318498617819587e-01
171028, 140721,deca0100c4b48784,  2.982948262662759e+00,  -2.204217301240731e-02
171028, 140721,deca0100c4b48784,  2.999469205221224e+00,  -1.946364161313166e-02
171028, 140721,deca0100c4b48784,  3.049381873288272e+00,  7.856718238837632e-02
171028, 140721,deca0100c4b48784,  3.046797354157299e+00,  1.659453312083189e-02
171028, 140721,deca0100c4b48784,  3.026723471933260e+00,  1.095147999316405e-01
171028, 140721,deca0100c4b48784,  3.077861364639501e+00,  5.917091540888644e-02
171028, 140721,deca0100c4b48784,  3.176411519645414e+00,  2.641888506553447e-01
171029, 140721,deca0100c4b48784,  3.150444242563866e+00,  2.338363576329121e-01
171029, 140721,deca0100c4b48784,  3.175200689213764e+00,  -7.809276045017688e-06
171029, 140721,deca0100c4b48784,  3.629605915935652e+00,  -4.357600254157139e-01
171029, 140721,deca0100c4b48784,  3.419155085012277e+00,  -6.096196345441882e-02
171029, 140721,deca0100c4b48784,  3.296421939040776e+00,  -5.448116751427612e-02
171029, 140721,deca0100c4b48784,  3.368951253498600e+00,  9.619748229748731e-02
171029, 140721,deca0100c4b48784,  3.704688655604930e+00,  -4.048598504050883e-01
171029, 140721,deca0100c4b48784,  3.604885555839556e+00,  -5.727600799868698e-01
171029, 140721,deca0100c4b48784,  3.903237066320846e+00,  -9.149293815500805e-01
171029, 140721,deca0100c4b48784,  3.823606634471540e+00,  -1.272840763506613e+00
171030, 140721,deca0100c4b48784,  3.305126257416211e+00,  7.353865759456044e-02
171030, 140721,deca0100c4b48784,  3.313250097606097e+00,  2.190362387374320e-02
171030, 140721,deca0100c4b48784,  3.739041425888932e+00,  -3.879259556468355e-01
171030, 140721,deca0100c4b48784,  3.710412668867910e+00,  -3.349842481119790e-01
171030, 140721,deca0100c4b48784,  4.038561887627801e+00,  -1.323313734190952e+00
171030, 140721,deca0100c4b48784,  4.114129291516148e+00,  -1.233822794251785e+00
171030, 140721,deca0100c4b48784,  3.354904321347132e+00,  2.101995783151509e-01
171030, 140721,deca0100c4b48784,  4.501853558964095e+00,  -3.133771760798466e-01
171030, 140721,deca0100c4b48784,  3.416799453270659e+00,  3.193563315622344e-01
171030, 140721,deca0100c4b48784,  3.367927317732510e+00,  3.253194858729466e-01
171030, 140721,deca0100c4b48784,  3.335562900032086e+00,  3.163367867785427e-01
171031, 140721,deca0100c4b48784,  3.327011076330544e+00,  1.673669052118208e-01
171031, 140721,deca0100c4b48784,  4.079737022832098e+00,  9.963650972612743e-01
171031, 140721,deca0100c4b48784,  3.296580551883589e+00,  1.275853249321627e-01
171031, 140721,deca0100c4b48784,  3.378529957948482e+00,  2.816084740004283e-01
171031, 140721,deca0100c4b48784,  4.068992798730221e+00,  9.818111967131304e-01
171031, 140721,deca0100c4b48784,  3.335047646398160e+00,  2.197266995931682e-01
171031, 140721,deca0100c4b48784,  3.292907784367014e+00,  3.558213233942525e-02
171031, 140721,deca0100c4b48784,  3.369077225177867e+00,  2.138802081931919e-01
171031, 140721,deca0100c4b48784,  3.743093380719820e+00,  -1.802111494963430e-01
171031, 140721,deca0100c4b48784,  4.399978855033206e+00,  -9.304981685416044e-01
171032, 140721,deca0100c4b48784,  4.274540880969376e+00,  -8.664250675469204e-01
171032, 140721,deca0100c4b48784,  3.647085924410504e+00,  6.040116148651675e-01
171032, 140721,deca0100c4b48784,  3.714044926695591e+00,  8.479351505052006e-01
171032, 140721,deca0100c4b48784,  3.819359563958270e+00,  8.427980169379806e-01
171032, 140721,deca0100c4b48784,  3.865741084718925e+00,  9.032818913625903e-01
171032, 140721,deca0100c4b48784,  3.713876466042822e+00,  8.353096531635076e-01
171032, 140721,deca0100c4b48784,  3.348112635553750e+00,  4.348863052257490e-01
171032, 140721,deca0100c4b48784,  3.346078963145687e+00,  5.688704238721464e-01
171032, 140721,deca0100c4b48784,  3.375927890993797e+00,  6.476793143748546e-01
171032, 140721,deca0100c4b48784,  3.336553616261049e+00,  5.707147437861102e-01
171033, 140721,deca0100c4b48784,  3.326224993675930e+00,  7.021891187821129e-01
171033, 140721,deca0100c4b48784,  3.317558623528378e+00,  5.405322289442709e-01
171033, 140721,deca0100c4b48784,  3.299053055284648e+00,  6.308828668198689e-01
171033, 140721,deca0100c4b48784,  3.295762348986831e+00,  6.246779359008665e-01
171033, 140721,deca0100c4b48784,  3.241760799697696e+00,  5.332612754001960e-01
171033, 140721,deca0100c4b48784,  3.255842029070372e+00,  5.615748505140530e-01
171033, 140721,deca0100c4b48784,  3.212998282575458e+00,  5.910149130392287e-01
171033, 140721,deca0100c4b48784,  3.260245413688820e+00,  6.554324742726569e-01
171033, 140721,deca0100c4b48784,  3.203628287655800e+00,  4.325532926558151e-01
171033, 140721,deca0100c4b48784,  3.234627777241668e+00,  6.032225985359252e-01
171033, 140721,deca0100c4b48784,  3.145590999635876e+00,  4.341275459653360e-01
171034, 140721,deca0100c4b48784,  3.204368094628262e+00,  6.159615723661617e-01
171034, 140721,deca0100c4b48784,  3.278664384294241e+00,  7.853909452897827e-01
171034, 140721,deca0100c4b48784,  3.117949905323550e+00,  5.277882358943671e-01
171034, 140721,deca0100c4b48784,  3.255815586325163e+00,  8.467727501097840e-01
171034, 140721,deca0100c4b48784,  3.291118847273190e+00,  9.978628869922392e-01
171034, 140721,deca0100c4b48784,  3.213300693408242e+00,  8.292038741042340e-01
171034, 140721,deca0100c4b48784,  3.232581451277136e+00,  7.507214447982358e-01
171034, 140721,deca0100c4b48784,  3.252388771210031e+00,  8.400727786426422e-01
171034, 140721,deca0100c4b48784,  3.568946860121506e+00,  2.831077650805105e+00
171034, 140721,deca0100c4b48784,  3.568887370040061e+00,  2.685261857375504e+00
171035, 140721,deca0100c4b48784,  3.558464475546107e+00,  2.692121167024807e+00
171035, 140721,deca0100c4b48784,  3.153323148994438e+00,  7.084086924247072e-01
171035, 140721,deca0100c4b48784,  3.482077553228383e+00,  2.651478666692252e+00
171035, 140721,deca0100c4b48784,  3.354043884093026e+00,  2.364917604863939e+00
171035, 140721,deca0100c4b48784,  3.287184775745717e+00,  2.243159754767752e+00
171035, 140721,deca0100c4b48784,  3.206804785276005e+00,  2.136212873367027e+00
171035, 140721,deca0100c4b48784,  3.251992927273321e+00,  2.263095105864241e+00
171035, 140721,deca0100c4b48784,  3.216207579244536e+00,  2.065965564515782e+00
171035, 140721,deca0100c4b48784,  3.221164414280362e+00,  2.213311362847940e+00
171035, 140721,deca0100c4b48784,  3.342073944856061e+00,  2.502682091108500e+00
171036, 140721,deca0100c4b48784,  3.332581115188837e+00,  2.451945283145227e+00
171036, 140721,deca0100c4b48784,  3.245766031039312e+00,  2.174132904733574e+00
171036, 140721,deca0100c4b48784,  3.274490069731316e+00,  2.007334438360460e+00
171036, 140721,deca0100c4b48784,  3.212051665306634e+00,  2.098096515604555e+00
171036, 140721,deca0100c4b48784,  2.832669918543067e+00,  6.751034054883905e-01
171036, 140721,deca0100c4b48784,  1.291237829183608e+00,  -1.693782646796198e+00
171036, 140721,deca0100c4b48784,  1.117682292572101e+00,  -1.842685674224578e+00
171036, 140721,deca0100c4b48784,  4.558629767981780e-01,  -2.586938303463463e+00
171036, 140721,deca0100c4b48784,  -6.312327253305616e-01,  -3.896108906040118e+00
171036, 140721,deca0100c4b48784,  -2.625438624343639e+00,  -5.958311145634741e+00
171037, 140721,deca0100c4b48784,  2.126879139799355e+00,  -6.256282998197227e-01
171037, 140721,deca0100c4b48784,  2.450419236609808e+00,  -2.826929337679278e-01
171037, 140721,deca0100c4b48784,  -1.882707874644107e-02,  -3.384815863509617e+00
171037, 140721,deca0100c4b48784,  -6.728854137318439e+00,  -9.770519531771409e+00
171037, 140721,deca0100c4b48784,  2.722294110801474e+00,  3.493896191372781e-01
171037, 140721,deca0100c4b48784,  2.545684473281906e+00,  1.229867659052419e-03
171037, 140721,deca0100c4b48784,  8.094576979358038e-01,  -2.288022961702525e+00
171037, 140721,deca0100c4b48784,  -2.490701299492229e+00,  -5.725432805064962e+00
171037, 140721,deca0100c4b48784,  9.650569385937993e-01,  -2.081056201949881e+00
171037, 140721,deca0100c4b48784,  -2.431254347909977e+01,  -2.315466644202803e+01
171037, 140721,deca0100c4b48784,  -2.928948652809215e+00,  -6.214608208012003e+00
171038, 140721,deca0100c4b48784,  2.277439929647455e+00,  -5.388390006336427e-01
171038, 140721,deca0100c4b48784,  -9.876616971268024e-02,  -3.316666599394359e+00
171038, 140721,deca0100c4b48784,  4.300648876720990e-01,  -2.800446111306185e+00
171038, 140721,deca0100c4b48784,  2.605603295422485e+00,  1.400253048595757e-01
171038, 140721,deca0100c4b48784,  2.643861425590935e+00,  2.477019430999330e-01
171038, 140721,deca0100c4b48784,  1.850134248061023e+00,  -9.666764282810230e-01
171038, 140721,deca0100c4b48784,  2.797768970848018e+00,  4.101312792747490e-01
171038, 140721,deca0100c4b48784,  3.747847380242623e-01,  -2.932758160813176e+00
171038, 140721,deca0100c4b48784,  2.884429229965133e+00,  3.764728978292362e-01
171039, 140721,deca0100c4b48784,  8.906004838159913e-01,  -2.341103782723763e+00
171039, 140721,deca0100c4b48784,  2.956603412364692e+00,  4.642624688018137e-01
171039, 140721,deca0100c4b48784,  2.947675411889074e+00,  5.735394134605138e-01
171039, 140721,deca0100c4b48784,  2.835281036794956e+00,  2.841514028181727e-01
171039, 140721,deca0100c4b48784,  2.980034782344027e+00,  3.994335243371409e-01
171039, 140721,deca0100c4b48784,  2.953715261359508e+00,  4.029210537850849e-01
171039, 140721,deca0100c4b48784,  2.899202839254552e+00,  2.514551540826121e-01
171039, 140721,deca0100c4b48784,  3.006082416844878e+00,  3.055730377424775e-01
171039, 140721,deca0100c4b48784,  2.935201018357456e+00,  9.035530971526373e-03
171039, 140721,deca0100c4b48784,  2.931709958101072e+00,  8.320969092517572e-02
171039, 140721,deca0100c4b48784,  3.106301587801986e+00,  3.323735405881437e-01
171040, 140721,deca0100c4b48784,  3.026981447797711e+00,  1.556554468225353e-01
171040, 140721,deca0100c4b48784,  2.956510558697401e+00,  5.929635751274809e-02
171040, 140721,deca0100c4b48784,  2.940190593065595e+00,  1.182580893573509e-01
171040, 140721,deca0100c4b48784,  2.914186796087458e+00,  1.447209827009355e-02
171040, 140721,deca0100c4b48784,  2.922002413422798e+00,  -2.004141547427324e-02
171040, 140721,deca0100c4b48784,  2.929332405570143e+00,  1.377481607406528e-02
171040, 140721,deca0100c4b48784,  2.866489468901583e+00,  -8.646485808336071e-02
171040, 140721,deca0100c4b48784,  3.059494594372830e+00,  2.398568525072263e-01
171040, 140721,deca0100c4b48784,  3.075789561945768e+00,  2.503111119070687e-01
171040, 140721,deca0100c4b48784,  3.000539325140333e+00,  3.506413006050968e-02
171041, 140721,deca0100c4b48784,  3.046571382643242e+00,  8.409525883435398e-02
171041, 140721,deca0100c4b48784,  2.938476476910605e+00,  -1.202383889185628e-01
171041, 140721,deca0100c4b48784,  3.050269271410861e+00,  6.338010993556725e-02
171041, 140721,deca0100c4b48784,  3.031169582196864e+00,  5.304251054653220e-02
171041, 140721,deca0100c4b48784,  3.078627600878026e+00,  9.920958974943872e-02
171041, 140721,deca0100c4b48784,  3.051603676795960e+00,  8.908004068044237e-02
171041, 140721,deca0100c4b48784,  3.131673167748622e+00,  2.101010419623599e-01
171041, 140721,deca0100c4b48784,  3.142453343673010e+00,  1.881392464061833e-01
171041, 140721,deca0100c4b48784,  3.141103967970857e+00,  2.411467118325739e-01
171041, 140721,deca0100c4b48784,  3.204108467955276e+00,  3.095687104530433e-01
171042, 140721,deca0100c4b48784,  3.127391948782793e+00,  1.526056889935109e-01
171042, 140721,deca0100c4b48784,  3.205585054398247e+00,  2.010285163776212e-01
171042, 140721,deca0100c4b48784,  3.217867473587077e+00,  1.948048540277595e-01
171042, 140721,deca0100c4b48784,  3.116239465759745e+00,  -1.228154617452581e-01
171042, 140721,deca0100c4b48784,  3.111601466761554e+00,  9.240962366090089e-02
171042, 140721,deca0100c4b48784,  3.127382540801298e+00,  1.661468277482891e-01
171042, 140721,deca0100c4b48784,  3.256989300105579e+00,  -1.220913275826381e-01
171042, 140721,deca0100c4b48784,  3.321848647761989e+00,  2.108074350201642e-01
171042, 140721,deca0100c4b48784,  3.278074667276064e+00,  1.171892260649716e-01
171042, 140721,deca0100c4b48784,  3.564162955023611e+00,  -4.533745809853098e-01
171042, 140721,deca0100c4b48784,  3.851409659174014e+00,  -8.179810038378683e-01
171043, 140721,deca0100c4b48784,  3.892894249967504e+00,  -7.813599526480438e-01
171043, 140721,deca0100c4b48784,  3.858726207637754e+00,  -1.459394722613084e-01
171043, 140721,deca0100c4b48784,  3.236825511799927e+00,  -2.005623605285900e-02
171043, 140721,deca0100c4b48784,  3.337693363295620e+00,  2.634008232278370e-01
171043, 140721,deca0100c4b48784,  3.188249873574899e+00,  -1.141437519486944e-01
171043, 140721,deca0100c4b48784,  3.587063801024025e+00,  -1.749587814975277e-01
171043, 140721,deca0100c4b48784,  3.812772664692801e+00,  -4.886737806475533e-01
171043, 140721,deca0100c4b48784,  4.018609770225151e+00,  8.284011864201102e-01
171043, 140721,deca0100c4b48784,  3.866875713525738e+00,  7.990492971517638e-01
171043, 140721,deca0100c4b48784,  3.335118099798938e+00,  2.410894908014753e-01
171044, 140721,deca0100c4b48784,  3.793559170228912e+00,  7.444980194440274e-01
171044, 140721,deca0100c4b48784,  3.353013812310091e+00,  2.839872932140765e-01
171044, 140721,deca0100c4b48784,  3.364027367897398e+00,  1.764272979003595e-01
171044, 140721,deca0100c4b48784,  3.261575828256383e+00,  1.248623953806061e-01
171044, 140721,deca0100c4b48784,  3.735092290724121e+00,  5.835556105293638e-01
171044, 140721,deca0100c4b48784,  4.236732392615734e+00,  1.644922824408576e-01
171044, 140721,deca0100c4b48784,  3.740342754337303e+00,  6.657999534510788e-01
171044, 140721,deca0100c4b48784,  3.383672309257100e+00,  3.004441188184062e-01
171044, 140721,deca0100c4b48784,  3.853928050702633e+00,  8.431564661944193e-01
171045, 140721,deca0100c4b48784,  3.388281744204296e+00,  4.802078050021075e-01
171045, 140721,deca0100c4b48784,  3.819210205101794e+00,  9.479276628033295e-01
171045, 140721,deca0100c4b48784,  3.924961527687820e+00,  1.019651979820117e+00
171045, 140721,deca0100c4b48784,  3.360740918792705e+00,  5.391365106458978e-01
171045, 140721,deca0100c4b48784,  3.416823184125650e+00,  6.750611307382857e-01
171045, 140721,deca0100c4b48784,  3.383170079333403e+00,  7.113877413710137e-01
171045, 140721,deca0100c4b48784,  3.421313267461557e+00,  8.129992921275737e-01
171045, 140721,deca0100c4b48784,  3.585074471132680e+00,  1.137438868402278e+00
171045, 140721,deca0100c4b48784,  3.436761372007645e+00,  1.042998661144774e+00
171045, 140721,deca0100c4b48784,  3.377792051057920e+00,  9.797303859680229e-01
171045, 140721,deca0100c4b48784,  3.379272467345857e+00,  9.272162753910211e-01
171046, 140721,deca0100c4b48784,  3.404542427627191e+00,  9.707649533932329e-01
171046, 140721,deca0100c4b48784,  3.235125448223092e+00,  6.139009966089959e-01
171046, 140721,deca0100c4b48784,  3.362077970284431e+00,  7.613916616455761e-01
171046, 140721,deca0100c4b48784,  3.252662266092620e+00,  4.598452029576127e-01
171046, 140721,deca0100c4b48784,  3.285967664912004e+00,  6.124990387239024e-01
171046, 140721,deca0100c4b48784,  3.323917261812347e+00,  9.278641575014202e-01
171046, 140721,deca0100c4b48784,  3.610310183170896e+00,  2.876735127983025e+00
171046, 140721,deca0100c4b48784,  3.299403072937340e+00,  1.021081917315061e+00
171046, 140721,deca0100c4b48784,  3.214982757375462e+00,  7.396904818624815e-01
171047, 140721,deca0100c4b48784,  3.549471542990965e+00,  2.801504223727417e+00
171047, 140721,deca0100c4b48784,  3.473020870341866e+00,  2.686083418551755e+00
171047, 140721,deca0100c4b48784,  3.083561067096264e+00,  9.163625712814165e-01
171047, 140721,deca0100c4b48784,  2.910903775624740e+00,  3.636240014092296e-01
171047, 140721,deca0100c4b48784,  3.000011653428384e+00,  7.684211386722034e-01
171047, 140721,deca0100c4b48784,  3.337400448396486e+00,  2.372832335358088e+00
171047, 140721,deca0100c4b48784,  3.421460464541851e+00,  2.547875672203429e+00
171047, 140721,deca0100c4b48784,  3.459629665476156e+00,  2.710853796279803e+00
171047, 140721,deca0100c4b48784,  3.356284168227587e+00,  2.367991603517043e+00
171047, 140721,deca0100c4b48784,  3.416562687604062e+00,  2.449440698310291e+00
171047, 140721,deca0100c4b48784,  3.312149595011078e+00,  2.149581034875574e+00
171048, 140721,deca0100c4b48784,  3.233817288057097e+00,  1.968519004150529e+00
171048, 140721,deca0100c4b48784,  3.210226192023127e+00,  2.215195012211931e+00
171048, 140721,deca0100c4b48784,  3.243111103623136e+00,  2.091003634401027e+00
171048, 140721,deca0100c4b48784,  3.345310584996815e+00,  3.158759002207775e+00
171048, 140721,deca0100c4b48784,  3.321301197139685e+00,  2.676180303856765e+00
171048, 140721,deca0100c4b48784,  3.355545814763119e+00,  2.961004248161069e+00
171048, 140721,deca0100c4b48784,  2.802840931336608e+00,  5.451505251723389e-01
171048, 140721,deca0100c4b48784,  1.155394901602846e+00,  -1.660477077783762e+00
171048, 140721,deca0100c4b48784,  1.073946881785365e+00,  -1.802592399176120e+00
171048, 140721,deca0100c4b48784,  1.065382873467635e+00,  -1.861809722380777e+00
171049, 140721,deca0100c4b48784,  1.014598334145764e+00,  -1.981792512662200e+00
171049, 140721,deca0100c4b48784,  9.747779535177530e-01,  -2.131399944622839e+00
171049, 140721,deca0100c4b48784,  -9.015674274407605e+00,  -1.146661000109923e+01
171049, 140721,deca0100c4b48784,  -9.828648226853886e+00,  -1.228029239017103e+01
171049, 140721,deca0100c4b48784,  -6.975890983155211e+00,  -9.810535219841555e+00
171049, 140721,deca0100c4b48784,  -9.859663198313832e+00,  -1.202332474793933e+01
171049, 140721,deca0100c4b48784,  -1.227787263623168e+01,  -1.396147660540967e+01
171049, 140721,deca0100c4b48784,  6.752763655668902e-01,  -2.445902318645835e+00
171049, 140721,deca0100c4b48784,  8.303648851735895e-02,  -3.162804044831542e+00
171049, 140721,deca0100c4b48784,  1.985650930680953e+00,  -7.528100026126820e-01
171050, 140721,deca0100c4b48784,  1.930832603124888e+00,  -8.917072806411739e-01
171050, 140721,deca0100c4b48784,  1.819357785963941e+00,  -1.185800438847326e+00
171050, 140721,deca0100c4b48784,  1.586094082034254e+00,  -1.621892572843151e+00
171050, 140721,deca0100c4b48784,  1.464375618634248e+00,  -1.744169045063401e+00
171050, 140721,deca0100c4b48784,  2.988703973897336e+00,  4.247541575450882e-01
171050, 140721,deca0100c4b48784,  2.907216557290714e+00,  2.263304828660904e-01
171050, 140721,deca0100c4b48784,  2.999613876884240e+00,  3.793656905664456e-01
171050, 140721,deca0100c4b48784,  3.035169001435826e+00,  3.568673010923149e-01
171050, 140721,deca0100c4b48784,  3.023940325438444e+00,  2.690152535621526e-01
171050, 140721,deca0100c4b48784,  3.018963348843587e+00,  3.462543270113678e-01
171051, 140721,deca0100c4b48784,  3.020437142192610e+00,  1.927006036316621e-01
171051, 140721,deca0100c4b48784,  2.995644413242818e+00,  2.304618569058005e-01
171051, 140721,deca0100c4b48784,  2.951131893419490e+00,  1.165302614381601e-01
171051, 140721,deca0100c4b48784,  3.004575186771927e+00,  1.722237619376350e-01
171051, 140721,deca0100c4b48784,  3.051033052068389e+00,  1.712489769551637e-01
171051, 140721,deca0100c4b48784,  2.964091702927699e+00,  1.246216755695014e-01
171051, 140721,deca0100c4b48784,  3.057180128317626e+00,  3.779495315287698e-01
171051, 140721,deca0100c4b48784,  3.122704872494197e+00,  4.705710594989687e-01
171051, 140721,deca0100c4b48784,  3.094621891274048e+00,  3.990187263108953e-01
171051, 140721,deca0100c4b48784,  3.070231782801163e+00,  3.074124921480077e-01
171052, 140721,deca0100c4b48784,  3.090317982795817e+00,  3.886051653238198e-01
171052, 140721,deca0100c4b48784,  3.094538299561752e+00,  3.448041901861096e-01
171052, 140721,deca0100c4b48784,  3.149559580504837e+00,  4.420641640710801e-01
171052, 140721,deca0100c4b48784,  3.017586912398323e+00,  2.239602655010892e-01
171052, 140721,deca0100c4b48784,  3.040829979990034e+00,  2.966207559290114e-01
171052, 140721,deca0100c4b48784,  2.922786751345182e+00,  5.469877311403815e-02
171052, 140721,deca0100c4b48784,  2.963859142439298e+00,  2.480066950221420e-01
171052, 140721,deca0100c4b48784,  2.976742226620065e+00,  2.433255114555182e-01
171052, 140721,deca0100c4b48784,  2.861269067300218e+00,  1.052327375836483e-01
171052, 140721,deca0100c4b48784,  3.108469709124904e+00,  5.364930187051766e-01
171052, 140721,deca0100c4b48784,  2.983578110167935e+00,  3.035695361578208e-01
171053, 140721,deca0100c4b48784,  2.946552155180097e+00,  2.163125017641765e-01
171053, 140721,deca0100c4b48784,  3.007121498499774e+00,  4.334000082394901e-01
171053, 140721,deca0100c4b48784,  3.026252988670800e+00,  3.150546157331314e-01
171053, 140721,deca0100c4b48784,  2.899823203739839e+00,  2.393283370825089e-01
171053, 140721,deca0100c4b48784,  2.870031404986481e+00,  1.081292618469368e-01
171053, 140721,deca0100c4b48784,  3.040573813360957e+00,  3.986917655916400e-01
171053, 140721,deca0100c4b48784,  3.014083725393606e+00,  2.952833986172526e-01
171053, 140721,deca0100c4b48784,  2.878983287395481e+00,  1.178117281089505e-01
171053, 140721,deca0100c4b48784,  2.756304260689045e+00,  2.237181478645184e-02
171053, 140721,deca0100c4b48784,  2.791446368170981e+00,  -1.414789248543685e-02
171054, 140721,deca0100c4b48784,  2.875614358855251e+00,  1.979736294953231e-01
171054, 140721,deca0100c4b48784,  2.809982463165833e+00,  1.054022543948391e-01
171054, 140721,deca0100c4b48784,  2.934439090940641e+00,  4.244808903305144e-01
171054, 140721,deca0100c4b48784,  -1.221546281580007e+00,  -4.728222052154316e+00
171054, 140721,deca0100c4b48784,  -7.474130817701907e-01,  -4.188595662587160e+00
171054, 140721,deca0100c4b48784,  1.685593027188255e+00,  -1.319578487795672e+00
171054, 140721,deca0100c4b48784,  2.380730375591375e+00,  -2.457776601932254e-01
171054, 140721,deca0100c4b48784,  1.655760257238153e+00,  -1.304312521126926e+00
171054, 140721,deca0100c4b48784,  9.877422302931151e-01,  -2.168057626949894e+00
171054, 140721,deca0100c4b48784,  1.331783917820277e+00,  -1.755938703065407e+00
171055, 140721,deca0100c4b48784,  2.349140485999955e+00,  -3.022963110828341e-01
171055, 140721,deca0100c4b48784,  2.533854372657057e+00,  -1.690629671053828e-02
171055, 140721,deca0100c4b48784,  -1.104850644648133e+01,  -1.303383502019298e+01
171055, 140721,deca0100c4b48784,  4.837082453686410e-01,  -2.719111541311109e+00
171055, 140721,deca0100c4b48784,  1.112175714865508e+00,  -1.854664831701518e+00
171055, 140721,deca0100c4b48784,  2.908658770430424e+00,  8.242108690575075e-01
171055, 140721,deca0100c4b48784,  2.793875617124558e+00,  3.780196418213057e-01
171055, 140721,deca0100c4b48784,  3.274195972697980e+00,  2.171929379042106e+00
171055, 140721,deca0100c4b48784,  3.276777785671758e+00,  2.116254021523555e+00
171055, 140721,deca0100c4b48784,  3.337157334446423e+00,  2.400651187918244e+00
171055, 140721,deca0100c4b48784,  3.371805935873390e+00,  2.568508215857516e+00
171055, 140721,deca0100c4b48784,  3.316455216085080e+00,  2.243990985100110e+00
171056, 140721,deca0100c4b48784,  3.291539819253378e+00,  2.236890596957320e+00
171056, 140721,deca0100c4b48784,  3.448890082657568e+00,  2.571697764188073e+00
171056, 140721,deca0100c4b48784,  3.418683904138183e+00,  2.597817128771647e+00
171056, 140721,deca0100c4b48784,  3.475567721025649e+00,  2.760976588809426e+00
171056, 140721,deca0100c4b48784,  3.010248789961837e+00,  6.206311570668426e-01
171056, 140721,deca0100c4b48784,  3.435661434322522e+00,  2.636262672035506e+00
171056, 140721,deca0100c4b48784,  3.546449680494164e+00,  2.854182631335289e+00
171056, 140721,deca0100c4b48784,  3.535959132839125e+00,  2.847161513898620e+00
171056, 140721,deca0100c4b48784,  3.593641909504355e+00,  2.925769128276491e+00
171056, 140721,deca0100c4b48784,  3.284444977868409e+00,  1.136285475462091e+00
171057, 140721,deca0100c4b48784,  3.563991677749831e+00,  2.941747205955214e+00
171057, 140721,deca0100c4b48784,  3.209185094212476e+00,  9.233869239139196e-01
171057, 140721,deca0100c4b48784,  3.148964343349703e+00,  6.913713437898024e-01
171057, 140721,deca0100c4b48784,  3.180851128414518e+00,  6.733165331974280e-01
171057, 140721,deca0100c4b48784,  3.150324323633463e+00,  5.574411762947440e-01
171057, 140721,deca0100c4b48784,  3.226943028685671e+00,  7.656524405881293e-01
171057, 140721,deca0100c4b48784,  3.107356869478206e+00,  4.486534079493735e-01
171057, 140721,deca0100c4b48784,  3.079504878465602e+00,  2.612990503030204e-01
171057, 140721,deca0100c4b48784,  3.199578188146686e+00,  3.973026475680287e-01
171057, 140721,deca0100c4b48784,  3.285501842850473e+00,  5.383891396158826e-01
171058, 140721,deca0100c4b48784,  3.198166215659147e+00,  3.045106224826241e-01
171058, 140721,deca0100c4b48784,  3.264959911558747e+00,  5.140415671111030e-01
171058, 140721,deca0100c4b48784,  3.434391799360351e+00,  6.812245628260278e-01
171058, 140721,deca0100c4b48784,  3.462662514320161e+00,  6.597246895475067e-01
171058, 140721,deca0100c4b48784,  3.438163878365379e+00,  7.644166701940358e-01
171058, 140721,deca0100c4b48784,  3.353084028673000e+00,  5.161459806737654e-01
171058, 140721,deca0100c4b48784,  3.371326864054818e+00,  4.750576570991165e-01
171058, 140721,deca0100c4b48784,  3.338792550529348e+00,  3.328638448473139e-01
171058, 140721,deca0100c4b48784,  3.674198471702242e+00,  7.017902142239876e-01
171059, 140721,deca0100c4b48784,  3.316310777193421e+00,  2.941866079802838e-01
171059, 140721,deca0100c4b48784,  3.353219404661707e+00,  3.123407286779866e-01
171059, 140721,deca0100c4b48784,  3.423682620769795e+00,  3.780815184984429e-01
171059, 140721,deca0100c4b48784,  3.356198605599535e+00,  2.887453341392973e-01
171059, 140721,deca0100c4b48784,  3.666048402956734e+00,  6.510832746919226e-01
171059, 140721,deca0100c4b48784,  3.424577978480979e+00,  3.732372808375365e-01
171059, 140721,deca0100c4b48784,  3.292472145921972e+00,  3.373278187502000e-01
171059, 140721,deca0100c4b48784,  3.697952434827787e+00,  -1.437284549072960e-01
171059, 140721,deca0100c4b48784,  3.350186011047417e+00,  2.843855135250803e-01
171059, 140721,deca0100c4b48784,  3.224206492836816e+00,  2.648522769466833e-01
171059, 140721,deca0100c4b48784,  3.207393776306793e+00,  -2.993498473975176e-03
171100, 140721,deca0100c4b48784,  3.259182790386204e+00,  2.631385351551294e-01
171100, 140721,deca0100c4b48784,  3.141282517474727e+00,  6.340440700820091e-02
171100, 140721,deca0100c4b48784,  3.027610792878695e+00,  -1.074792283425532e-01
171100, 140721,deca0100c4b48784,  3.075978923781323e+00,  -7.878469158596280e-02
171100, 140721,deca0100c4b48784,  3.040180577246779e+00,  -5.396867156431448e-02
171100, 140721,deca0100c4b48784,  3.058244537908664e+00,  -1.506846583008757e-01
171100, 140721,deca0100c4b48784,  3.475596280453189e+00,  -5.991962853333027e-01
171100, 140721,deca0100c4b48784,  3.196228060428029e+00,  -2.913017613398855e-01
171100, 140721,deca0100c4b48784,  3.775986401040772e+00,  -5.629004964349598e-01
171100, 140721,deca0100c4b48784,  3.803488083169683e+00,  -8.013776049262875e-01
171101, 140721,deca0100c4b48784,  3.137262534916476e+00,  -3.642192582543809e-01
171101, 140721,deca0100c4b48784,  3.002388997850880e+00,  1.899228763613513e-01
171101, 140721,deca0100c4b48784,  3.100369226342984e+00,  2.915080957775619e-01
171101, 140721,deca0100c4b48784,  3.174150839087987e+00,  3.854203863038482e-01
171101, 140721,deca0100c4b48784,  3.036367699401699e+00,  1.539761516767931e-01
171101, 140721,deca0100c4b48784,  3.148273435799964e+00,  3.219440242491979e-01
171101, 140721,deca0100c4b48784,  3.008275427575167e+00,  1.366689273879350e-01
171101, 140721,deca0100c4b48784,  2.999305777094168e+00,  3.332676741771431e-02
171101, 140721,deca0100c4b48784,  3.088438964627275e+00,  2.506263997324120e-01
171101, 140721,deca0100c4b48784,  3.029253575249913e+00,  1.454620137046970e-01
171102, 140721,deca0100c4b48784,  3.008891837743545e+00,  9.840948632885116e-02
171102, 140721,deca0100c4b48784,  3.028271589959525e+00,  1.706533946647359e-01
171102, 140721,deca0100c4b48784,  2.940127323559857e+00,  1.770239828957668e-01
171102, 140721,deca0100c4b48784,  2.923616980493316e+00,  1.218076750758029e-01
171102, 140721,deca0100c4b48784,  2.922112481666813e+00,  1.809822721702983e-01
171102, 140721,deca0100c4b48784,  2.917029635842099e+00,  1.864998404115947e-01
171102, 140721,deca0100c4b48784,  3.139332847052685e+00,  5.062995162874000e-01
171102, 140721,deca0100c4b48784,  2.944226531870779e+00,  3.080102816038666e-01
171102, 140721,deca0100c4b48784,  3.144782486875507e+00,  6.077258003273740e-01
171102, 140721,deca0100c4b48784,  3.013735428057498e+00,  4.010927661087246e-01
171103, 140721,deca0100c4b48784,  3.127959073219603e+00,  5.805308781256808e-01
171103, 140721,deca0100c4b48784,  3.058825186234976e+00,  4.960966383251121e-01
171103, 140721,deca0100c4b48784,  2.857381253090416e+00,  1.475800951979481e-01
171103, 140721,deca0100c4b48784,  1.636067813486006e+00,  -1.494404965889890e+00
171103, 140721,deca0100c4b48784,  1.830724815510442e+00,  -1.180238857890652e+00
171103, 140721,deca0100c4b48784,  2.415210450097177e+00,  -2.363497882627107e-01
171103, 140721,deca0100c4b48784,  2.332916474778830e+00,  -4.144308038464198e-01
171103, 140721,deca0100c4b48784,  3.046218561253087e+00,  6.907378977714331e-01
171103, 140721,deca0100c4b48784,  1.650251372844747e+00,  -1.384848281101575e+00
171103, 140721,deca0100c4b48784,  8.451358328552906e-01,  -2.402499314800502e+00
171104, 140721,deca0100c4b48784,  2.752046503622890e+00,  1.840452265647616e-01
171104, 140721,deca0100c4b48784,  1.178103925032335e+00,  -1.976058143706906e+00
171104, 140721,deca0100c4b48784,  1.043417180758273e+00,  -1.876008584759094e+00
171104, 140721,deca0100c4b48784,  1.331056976539480e+00,  -1.666608972215303e+00
171104, 140721,deca0100c4b48784,  2.991316450087733e+00,  1.158492224104905e+00
171104, 140721,deca0100c4b48784,  3.203553581956577e+00,  1.676085986763115e+00
171104, 140721,deca0100c4b48784,  2.957029332854792e+00,  8.828461631931377e-01
171104, 140721,deca0100c4b48784,  3.282031514667515e+00,  2.311417607894511e+00
171105, 140721,deca0100c4b48784,  3.316014057323887e+00,  2.297420927773669e+00
171105, 140721,deca0100c4b48784,  3.390164036143786e+00,  2.361691306869403e+00
171105, 140721,deca0100c4b48784,  3.396265923637231e+00,  2.417504340447026e+00
171105, 140721,deca0100c4b48784,  3.335128313458207e+00,  2.326487969902853e+00
171105, 140721,deca0100c4b48784,  3.404014820609818e+00,  2.472423922955495e+00
171105, 140721,deca0100c4b48784,  3.407469801277088e+00,  2.547335131693644e+00
171105, 140721,deca0100c4b48784,  3.419907786293785e+00,  2.413630754131778e+00
171105, 140721,deca0100c4b48784,  3.407763815568203e+00,  2.397343545177935e+00
171105, 140721,deca0100c4b48784,  3.438722758024140e+00,  2.459988821327062e+00
171105, 140721,deca0100c4b48784,  3.423304991281336e+00,  2.397040482467046e+00
171106, 140721,deca0100c4b48784,  3.262145576609332e+00,  1.135030102478406e+00
171106, 140721,deca0100c4b48784,  3.267774190671513e+00,  8.987359588392466e-01
171106, 140721,deca0100c4b48784,  3.638504300132701e+00,  2.947763171334625e+00
171106, 140721,deca0100c4b48784,  3.566262686943916e+00,  2.655587384887038e+00
171106, 140721,deca0100c4b48784,  3.242233298704702e+00,  8.479713189086719e-01
171106, 140721,deca0100c4b48784,  3.235257692348703e+00,  7.874220522816340e-01
171106, 140721,deca0100c4b48784,  3.052093258398497e+00,  3.797167159322948e-01
171106, 140721,deca0100c4b48784,  3.209641803499620e+00,  5.390941406222042e-01
171106, 140721,deca0100c4b48784,  3.290494310181592e+00,  6.642314027494822e-01
171106, 140721,deca0100c4b48784,  3.374626994492631e+00,  7.695427182682959e-01
171106, 140721,deca0100c4b48784,  3.352288244798433e+00,  7.391132981141162e-01
171107, 140721,deca0100c4b48784,  3.446148887358882e+00,  6.005287281430023e-01
171107, 140721,deca0100c4b48784,  3.422407795195459e+00,  4.988629660963338e-01
171107, 140721,deca0100c4b48784,  3.426862219259152e+00,  7.417403715041879e-01
171107, 140721,deca0100c4b48784,  3.341225441569703e+00,  7.536461648314520e-01
171107, 140721,deca0100c4b48784,  3.359133864234708e+00,  8.289053297056701e-01
171107, 140721,deca0100c4b48784,  3.362594002334100e+00,  9.379670571509094e-01
171107, 140721,deca0100c4b48784,  3.355563068112866e+00,  9.083770374348334e-01
171107, 140721,deca0100c4b48784,  3.425346517967323e+00,  8.908923105052687e-01
171107, 140721,deca0100c4b48784,  3.497318396557652e+00,  1.142627035659932e+00
171107, 140721,deca0100c4b48784,  3.515621293609476e+00,  1.121351161593800e+00
171108, 140721,deca0100c4b48784,  3.424397566974132e+00,  7.934508510664251e-01
171108, 140721,deca0100c4b48784,  3.572388541855053e+00,  9.433601552862476e-01
171108, 140721,deca0100c4b48784,  3.471431044623180e+00,  7.372457639356040e-01
171108, 140721,deca0100c4b48784,  3.473307269823806e+00,  6.699169205322396e-01
171108, 140721,deca0100c4b48784,  3.476387603242267e+00,  6.486018491641776e-01
171108, 140721,deca0100c4b48784,  3.391358782122241e+00,  5.211722015979604e-01
171108, 140721,deca0100c4b48784,  3.372774276764296e+00,  4.455621969849918e-01
171108, 140721,deca0100c4b48784,  3.411039862538039e+00,  4.657795299067214e-01
171108, 140721,deca0100c4b48784,  3.401472670630025e+00,  3.052476220652361e-01
171108, 140721,deca0100c4b48784,  3.401243531143822e+00,  2.749604975121288e-01
171109, 140721,deca0100c4b48784,  3.389891212521996e+00,  2.918290686584172e-01
171109, 140721,deca0100c4b48784,  3.398979724922673e+00,  2.134853059462699e-01
171109, 140721,deca0100c4b48784,  3.335981122326166e+00,  5.470867595566542e-02
171109, 140721,deca0100c4b48784,  3.430538320463257e+00,  1.926013666455276e-01
171109, 140721,deca0100c4b48784,  3.611124564878198e+00,  -5.804946909584596e-01
171109, 140721,deca0100c4b48784,  3.308786038248297e+00,  4.505211407077725e-02
171109, 140721,deca0100c4b48784,  3.452564674403651e+00,  1.880118218539025e-01
171109, 140721,deca0100c4b48784,  3.352204037563197e+00,  3.049941924947079e-01
171109, 140721,deca0100c4b48784,  3.342471367053566e+00,  1.622843734136807e-01
171110, 140721,deca0100c4b48784,  3.410153092977276e+00,  2.581841207219088e-01
171110, 140721,deca0100c4b48784,  3.361658880698297e+00,  2.353205899944033e-01
171110, 140721,deca0100c4b48784,  3.547821746480627e+00,  1.362011740549083e-01
171110, 140721,deca0100c4b48784,  3.415488745218378e+00,  8.334131764967528e-02
171110, 140721,deca0100c4b48784,  3.399495502043471e+00,  3.105751931370624e-01
171110, 140721,deca0100c4b48784,  3.394275184495563e+00,  2.114340039206776e-01
171110, 140721,deca0100c4b48784,  3.373409415599085e+00,  2.369223030023513e-01
171110, 140721,deca0100c4b48784,  3.266176195482550e+00,  1.892366421321682e-01
171110, 140721,deca0100c4b48784,  3.271696811715051e+00,  2.301968414763669e-01
171110, 140721,deca0100c4b48784,  3.222387513571096e+00,  2.252806736373907e-01
171110, 140721,deca0100c4b48784,  3.192755691651115e+00,  1.766365389865029e-01
171111, 140721,deca0100c4b48784,  3.160259925635834e+00,  1.188730971108090e-01
171111, 140721,deca0100c4b48784,  3.167353320335401e+00,  2.283621757797287e-01
171111, 140721,deca0100c4b48784,  3.197145487610630e+00,  2.099684082861146e-01
171111, 140721,deca0100c4b48784,  3.095612384442879e+00,  -4.066848935800702e-02
171111, 140721,deca0100c4b48784,  3.102974197897068e+00,  2.916995278375911e-02
171111, 140721,deca0100c4b48784,  3.123993544980737e+00,  1.375830713171078e-01
171111, 140721,deca0100c4b48784,  3.168002685504638e+00,  2.684265608637104e-01
171111, 140721,deca0100c4b48784,  2.992820558926043e+00,  2.772168032415528e-02
171111, 140721,deca0100c4b48784,  3.151852221055782e+00,  2.519136928090038e-01
171111, 140721,deca0100c4b48784,  3.017327808480196e+00,  1.402501008131933e-01
171112, 140721,deca0100c4b48784,  3.049638666228475e+00,  2.037011983761993e-01
171112, 140721,deca0100c4b48784,  3.065062237310368e+00,  3.498493384367845e-01
171112, 140721,deca0100c4b48784,  3.034131036502994e+00,  1.120725185395267e-01
171112, 140721,deca0100c4b48784,  3.101893947521397e+00,  2.954650019455408e-01
171112, 140721,deca0100c4b48784,  3.111188176841371e+00,  4.115425679068265e-01
171112, 140721,deca0100c4b48784,  3.085487548837866e+00,  4.100453381229469e-01
171112, 140721,deca0100c4b48784,  3.120513331017769e+00,  3.603267449655283e-01
171112, 140721,deca0100c4b48784,  3.046226541625277e+00,  1.726587519753929e-01
171112, 140721,deca0100c4b48784,  3.114409328627702e+00,  3.012347346525764e-01
171112, 140721,deca0100c4b48784,  3.236954902815625e+00,  5.652396317527358e-01
171112, 140721,deca0100c4b48784,  3.152346449694139e+00,  3.650183112684035e-01
171113, 140721,deca0100c4b48784,  3.053677758080377e+00,  2.142516457272995e-01
171113, 140721,deca0100c4b48784,  2.913822139932138e+00,  1.965739965887869e-02
171113, 140721,deca0100c4b48784,  2.928454611591725e+00,  1.981807262732188e-01
171113, 140721,deca0100c4b48784,  2.916001195004772e+00,  1.609136202534169e-01
171113, 140721,deca0100c4b48784,  2.954556591454532e+00,  2.694900454977649e-01
171113, 140721,deca0100c4b48784,  2.991289806768224e+00,  3.351703234756519e-01
171113, 140721,deca0100c4b48784,  2.928911918193824e+00,  2.945307943576332e-01
171113, 140721,deca0100c4b48784,  3.030766437021515e+00,  4.815691821877547e-01
171113, 140721,deca0100c4b48784,  3.021643485980939e+00,  4.458917196474691e-01
171113, 140721,deca0100c4b48784,  1.574612036688581e+00,  -1.654874654976995e+00
171114, 140721,deca0100c4b48784,  1.478577510916391e+00,  -1.786562287244127e+00
171114, 140721,deca0100c4b48784,  1.522801255993342e+00,  -1.570039580111602e+00
171114, 140721,deca0100c4b48784,  1.412551203810350e+00,  -1.862168499507318e+00
171114, 140721,deca0100c4b48784,  1.711201589417071e+00,  -1.397182462580162e+00
171114, 140721,deca0100c4b48784,  2.131439058495576e+00,  -8.212248574269316e-01
171114, 140721,deca0100c4b48784,  2.519387028713377e+00,  -1.801999890221543e-01
171114, 140721,deca0100c4b48784,  8.549526186471026e-01,  -2.384878399956716e+00
171114, 140721,deca0100c4b48784,  1.208214198108645e+00,  -1.897559546252702e+00
171114, 140721,deca0100c4b48784,  1.711090707704915e+00,  -1.228638002921241e+00
171114, 140721,deca0100c4b48784,  2.246070804988513e+00,  -4.234998430468143e-01
171115, 140721,deca0100c4b48784,  1.803132657947202e+00,  -1.041814851451214e+00
171115, 140721,deca0100c4b48784,  2.948972321515250e+00,  7.262717742053358e-01
171115, 140721,deca0100c4b48784,  2.914858254165226e+00,  6.131730924637406e-01
171115, 140721,deca0100c4b48784,  3.331580823412879e+00,  2.445083294764910e+00
171115, 140721,deca0100c4b48784,  3.333185224868782e+00,  2.430029470232934e+00
171115, 140721,deca0100c4b48784,  3.340902590834526e+00,  2.309381446961125e+00
171115, 140721,deca0100c4b48784,  3.344864053360722e+00,  2.275831551706616e+00
171115, 140721,deca0100c4b48784,  3.386337345392216e+00,  2.554405006602617e+00
171115, 140721,deca0100c4b48784,  3.364524462220857e+00,  2.362567896157685e+00
171115, 140721,deca0100c4b48784,  3.385065817805493e+00,  2.345680706225251e+00
171115, 140721,deca0100c4b48784,  3.360702034775715e+00,  2.406164224465651e+00
171116, 140721,deca0100c4b48784,  3.442121232152352e+00,  2.729045339681302e+00
171116, 140721,deca0100c4b48784,  3.424799585388730e+00,  2.577581787495818e+00
171116, 140721,deca0100c4b48784,  3.479428600857936e+00,  2.679329114770223e+00
171116, 140721,deca0100c4b48784,  3.457004150289284e+00,  2.685548693986886e+00
171116, 140721,deca0100c4b48784,  3.515396769638201e+00,  2.756803355182457e+00
171116, 140721,deca0100c4b48784,  3.505190216111691e+00,  2.847352455208249e+00
171116, 140721,deca0100c4b48784,  3.177713635273825e+00,  1.106642143035900e+00
171116, 140721,deca0100c4b48784,  3.266320186529139e+00,  9.816536894195860e-01
171116, 140721,deca0100c4b48784,  3.558479740540484e+00,  2.789860697793440e+00
171116, 140721,deca0100c4b48784,  3.539360285854090e+00,  2.665595609979868e+00
171117, 140721,deca0100c4b48784,  3.034536330774737e+00,  3.915045353546750e-01
171117, 140721,deca0100c4b48784,  3.554348427010097e+00,  2.830050813062537e+00
171117, 140721,deca0100c4b48784,  3.562076319319169e+00,  2.886689180229295e+00
171117, 140721,deca0100c4b48784,  3.645370384103593e+00,  2.960595743626720e+00
171117, 140721,deca0100c4b48784,  3.357756244881112e+00,  1.059359726332187e+00
171117, 140721,deca0100c4b48784,  3.389878820670556e+00,  1.176666222855139e+00
171117, 140721,deca0100c4b48784,  3.328131982029626e+00,  8.820817553035032e-01
171117, 140721,deca0100c4b48784,  3.452784204695955e+00,  1.193128436255955e+00
171117, 140721,deca0100c4b48784,  3.434731323563080e+00,  9.648185886032717e-01
171117, 140721,deca0100c4b48784,  3.469596549182635e+00,  1.026167308435797e+00
171118, 140721,deca0100c4b48784,  3.329121739520975e+00,  6.799880562808309e-01
171118, 140721,deca0100c4b48784,  3.293970193955312e+00,  6.355945789795370e-01
171118, 140721,deca0100c4b48784,  3.383825622169331e+00,  9.048095936984735e-01
171118, 140721,deca0100c4b48784,  3.350601880710929e+00,  5.929851633089805e-01
171118, 140721,deca0100c4b48784,  3.238767471745581e+00,  2.249357298595152e-01
171118, 140721,deca0100c4b48784,  3.247464459918075e+00,  4.402290067648907e-01
171118, 140721,deca0100c4b48784,  3.334805778474683e+00,  6.210815131002378e-01
171118, 140721,deca0100c4b48784,  3.255470765121972e+00,  4.056181808379892e-01
171118, 140721,deca0100c4b48784,  3.347463808192483e+00,  6.152951855018427e-01
171118, 140721,deca0100c4b48784,  3.349811513151052e+00,  5.399918066857357e-01
171119, 140721,deca0100c4b48784,  3.271289393612969e+00,  6.136691571329341e-01
171119, 140721,deca0100c4b48784,  3.347727611555972e+00,  7.224803883321158e-01
171119, 140721,deca0100c4b48784,  3.325305858152892e+00,  5.623376121257793e-01
171119, 140721,deca0100c4b48784,  3.486880669500427e+00,  6.757936504254718e-01
171119, 140721,deca0100c4b48784,  3.531829869165630e+00,  6.850695488721898e-01
171119, 140721,deca0100c4b48784,  3.260094746897991e+00,  2.883893785349206e-01
171119, 140721,deca0100c4b48784,  3.665254800362178e+00,  6.213809136844941e-01
171119, 140721,deca0100c4b48784,  3.581055684688590e+00,  3.367663527459495e-01
171119, 140721,deca0100c4b48784,  3.304170123316058e+00,  8.752350678608095e-02
171119, 140721,deca0100c4b48784,  3.480713958877012e+00,  2.850237433146952e-01
171119, 140721,deca0100c4b48784,  3.518242782553041e+00,  3.745292045599054e-01
171120, 140721,deca0100c4b48784,  3.358287853298473e+00,  3.167418553008426e-01
171120, 140721,deca0100c4b48784,  3.246274486228112e+00,  5.997056423859592e-02
171120, 140721,deca0100c4b48784,  3.294053270014239e+00,  1.813603194257105e-01
171120, 140721,deca0100c4b48784,  3.992815463490338e+00,  -4.451362907228865e-01
171120, 140721,deca0100c4b48784,  3.884513091127549e+00,  -7.450080838703651e-01
171120, 140721,deca0100c4b48784,  3.227213019099548e+00,  1.950256776713298e-01
171120, 140721,deca0100c4b48784,  3.302775068574433e+00,  2.285647894963734e-01
171120, 140721,deca0100c4b48784,  3.311008694450887e+00,  2.359569024007245e-01
171120, 140721,deca0100c4b48784,  3.284061380835915e+00,  2.457677145066855e-01
171120, 140721,deca0100c4b48784,  3.432791833908967e+00,  3.723746942536975e-01
171121, 140721,deca0100c4b48784,  3.232998202677862e+00,  2.958390382140296e-01
171121, 140721,deca0100c4b48784,  3.187859879985885e+00,  1.792281577128381e-01
171121, 140721,deca0100c4b48784,  3.271943740243516e+00,  2.794228055070380e-01
171121, 140721,deca0100c4b48784,  3.128177412102563e+00,  9.150832334848347e-02
171121, 140721,deca0100c4b48784,  3.202212440457269e+00,  2.792307707665285e-01
171121, 140721,deca0100c4b48784,  3.127306667066021e+00,  2.186987102524581e-01
171121, 140721,deca0100c4b48784,  3.130822280408114e+00,  3.139770594202422e-01
171121, 140721,deca0100c4b48784,  3.109497019980854e+00,  2.664598679965165e-01
171121, 140721,deca0100c4b48784,  3.068825133319573e+00,  2.109657109087678e-01
171121, 140721,deca0100c4b48784,  3.121199570359214e+00,  3.614761634196336e-01
171121, 140721,deca0100c4b48784,  3.116992388736588e+00,  3.344766905905212e-01
171122, 140721,deca0100c4b48784,  3.128370534116266e+00,  3.816196611384464e-01
171122, 140721,deca0100c4b48784,  3.100487258333350e+00,  4.278704485630421e-01
171122, 140721,deca0100c4b48784,  3.088016569352964e+00,  4.753370999895211e-01
171122, 140721,deca0100c4b48784,  2.956462073446365e+00,  2.341521993180639e-01
171122, 140721,deca0100c4b48784,  2.884423056817580e+00,  1.038305597574445e-01
171122, 140721,deca0100c4b48784,  3.088515593842642e+00,  4.334552433302110e-01
171122, 140721,deca0100c4b48784,  3.028395552417210e+00,  3.129243759967529e-01
171122, 140721,deca0100c4b48784,  3.030404272638485e+00,  3.554940329201535e-01
171122, 140721,deca0100c4b48784,  2.923594513821073e+00,  1.555966091467295e-01
171122, 140721,deca0100c4b48784,  2.978706260368372e+00,  2.603543596815072e-01
171123, 140721,deca0100c4b48784,  3.037395029113398e+00,  3.984537629804806e-01
171123, 140721,deca0100c4b48784,  2.986128296020811e+00,  2.606160734252739e-01
171123, 140721,deca0100c4b48784,  3.049735033499458e+00,  3.505570086185211e-01
171123, 140721,deca0100c4b48784,  2.948019018599464e+00,  1.132165551698143e-01
171123, 140721,deca0100c4b48784,  3