165035, 140721,Tag ID: deca0100c4b48784, x: 2.220947822095404e+00,  y: -4.428987607157184e-01
165035, 140721,Tag ID: deca0100c4b48784, x: 2.220947822095404e+00,  y: -4.428987607157184e-01
165035, 140721,Tag ID: deca0100c4b48784, x: 2.243353528573364e+00,  y: -5.653320384022242e-01
165035, 140721,Tag ID: deca0100c4b48784, x: 2.219382810596728e+00,  y: -6.785159752443710e-01
165035, 140721,Tag ID: deca0100c4b48784, x: 2.230694489837675e+00,  y: -5.870542354510198e-01
165035, 140721,Tag ID: deca0100c4b48784, x: 2.222165580426242e+00,  y: -6.342374564245317e-01
165035, 140721,Tag ID: deca0100c4b48784, x: 2.206072398224827e+00,  y: -5.573925026240412e-01
165035, 140721,Tag ID: deca0100c4b48784, x: 2.226445900400765e+00,  y: -5.558788974320847e-01
165035, 140721,Tag ID: deca0100c4b48784, x: 2.257812529512093e+00,  y: -5.596664547583567e-01
165036, 140721,Tag ID: deca0100c4b48784, x: 2.230661237975740e+00,  y: -6.973599131970377e-01
165036, 140721,Tag ID: deca0100c4b48784, x: 2.218168095484717e+00,  y: -5.570495069071755e-01
165036, 140721,Tag ID: deca0100c4b48784, x: 2.191402348373650e+00,  y: -6.115361928783289e-01
165036, 140721,Tag ID: deca0100c4b48784, x: 2.186810300263833e+00,  y: -7.606312494093026e-01
165036, 140721,Tag ID: deca0100c4b48784, x: 2.222318365529959e+00,  y: -7.371885153399798e-01
165036, 140721,Tag ID: deca0100c4b48784, x: 2.235827259642114e+00,  y: -6.980650665724997e-01
165036, 140721,Tag ID: deca0100c4b48784, x: 2.260178902100572e+00,  y: -6.608076773125564e-01
165036, 140721,Tag ID: deca0100c4b48784, x: 2.282670145680116e+00,  y: -7.243970835458162e-01
165036, 140721,Tag ID: deca0100c4b48784, x: 2.287915984052003e+00,  y: -7.396829624968069e-01
165036, 140721,Tag ID: deca0100c4b48784, x: 2.278510976793110e+00,  y: -7.351656251569958e-01
165037, 140721,Tag ID: deca0100c4b48784, x: 2.317326528255087e+00,  y: -7.946968053687864e-01
165037, 140721,Tag ID: deca0100c4b48784, x: 2.314218663651181e+00,  y: -7.533179729948407e-01
165037, 140721,Tag ID: deca0100c4b48784, x: 2.398827117007190e+00,  y: -7.438965076416433e-01
165037, 140721,Tag ID: deca0100c4b48784, x: 2.328934636764317e+00,  y: -7.349066870193353e-01
165037, 140721,Tag ID: deca0100c4b48784, x: 2.343647622309899e+00,  y: -8.135128096227455e-01
165037, 140721,Tag ID: deca0100c4b48784, x: 2.423403072401634e+00,  y: -6.334877094397852e-01
165037, 140721,Tag ID: deca0100c4b48784, x: 2.405388253302208e+00,  y: -5.712513632573685e-01
165037, 140721,Tag ID: deca0100c4b48784, x: 2.398065771133961e+00,  y: -6.534718498000714e-01
165037, 140721,Tag ID: deca0100c4b48784, x: 2.421385805813968e+00,  y: -5.926115826401261e-01
165037, 140721,Tag ID: deca0100c4b48784, x: 2.403023246202575e+00,  y: -6.060540031936545e-01
165038, 140721,Tag ID: deca0100c4b48784, x: 2.409640511001459e+00,  y: -6.883584422271918e-01
165038, 140721,Tag ID: deca0100c4b48784, x: 2.369589085377036e+00,  y: -7.266143174219526e-01
165038, 140721,Tag ID: deca0100c4b48784, x: 2.397064420502985e+00,  y: -5.936722265932488e-01
165038, 140721,Tag ID: deca0100c4b48784, x: 2.391017934904226e+00,  y: -6.259626770431419e-01
165038, 140721,Tag ID: deca0100c4b48784, x: 2.411908839966451e+00,  y: -7.340112329670884e-01
165038, 140721,Tag ID: deca0100c4b48784, x: 2.394859718864508e+00,  y: -7.142437542125579e-01
165038, 140721,Tag ID: deca0100c4b48784, x: 2.401613994430289e+00,  y: -6.727423569513524e-01
165038, 140721,Tag ID: deca0100c4b48784, x: 2.407345451544507e+00,  y: -6.709627406045668e-01
165038, 140721,Tag ID: deca0100c4b48784, x: 2.397792101044129e+00,  y: -6.238098648858945e-01
165038, 140721,Tag ID: deca0100c4b48784, x: 2.397792101044129e+00,  y: -6.238098648858945e-01
165039, 140721,[Represh]  x: 0.000000000000000e+00,  y: 0.000000000000000e+00
165039, 140721,Tag ID: deca0100c4b48784, x: 2.397792101044129e+00,  y: -6.238098648858945e-01
165039, 140721,Tag ID: deca0100c4b48784, x: 2.351317741762696e+00,  y: -7.711329838425831e-01
165039, 140721,Tag ID: deca0100c4b48784, x: 2.351317741762696e+00,  y: -7.711329838425831e-01
165039, 140721,Tag ID: deca0100c4b48784, x: 2.380683848960294e+00,  y: -7.537619709927517e-01
165039, 140721,Tag ID: deca0100c4b48784, x: 2.435365547238422e+00,  y: -7.324934854025211e-01
165039, 140721,Tag ID: deca0100c4b48784, x: 2.392888265645678e+00,  y: -7.021261362166924e-01
165039, 140721,Tag ID: deca0100c4b48784, x: 2.457408395970810e+00,  y: -6.433608104903517e-01
165039, 140721,Tag ID: deca0100c4b48784, x: 2.457408395970810e+00,  y: -6.433608104903517e-01
165039, 140721,Tag ID: deca0100c4b48784, x: 2.503788861054664e+00,  y: -5.989524120567995e-01
165039, 140721,Tag ID: deca0100c4b48784, x: 2.486990474202599e+00,  y: -5.956483604197746e-01
165039, 140721,Tag ID: deca0100c4b48784, x: 2.454598843497751e+00,  y: -5.531871389237537e-01
165040, 140721,Tag ID: deca0100c4b48784, x: 2.450880402954775e+00,  y: -6.915578826954758e-01
165040, 140721,Tag ID: deca0100c4b48784, x: 2.467773922238964e+00,  y: -5.197172760649948e-01
165040, 140721,Tag ID: deca0100c4b48784, x: 2.436537649161933e+00,  y: -4.837256349178372e-01
165040, 140721,Tag ID: deca0100c4b48784, x: 2.422256013152361e+00,  y: -6.834884017767804e-01
165040, 140721,Tag ID: deca0100c4b48784, x: 2.408508956362128e+00,  y: -6.057891018911468e-01
165040, 140721,Tag ID: deca0100c4b48784, x: 2.395229660814057e+00,  y: -6.037464855956260e-01
165040, 140721,Tag ID: deca0100c4b48784, x: 2.435015346425247e+00,  y: -6.533975742910871e-01
165040, 140721,[Represh]  x: 0.000000000000000e+00,  y: 0.000000000000000e+00
165040, 140721,Tag ID: deca0100c4b48784, x: 2.435015346425247e+00,  y: -6.533975742910871e-01
165040, 140721,Tag ID: deca0100c4b48784, x: 2.353217350799763e+00,  y: -1.642421979976901e+00
165040, 140721,Tag ID: deca0100c4b48784, x: 2.353217350799763e+00,  y: -1.642421979976901e+00
165041, 140721,Tag ID: deca0100c4b48784, x: 2.353217350799763e+00,  y: -1.642421979976901e+00
165041, 140721,[Represh]  x: 0.000000000000000e+00,  y: 0.000000000000000e+00
165041, 140721,Tag ID: deca0100c4b48784, x: 2.353217350799763e+00,  y: -1.642421979976901e+00
165041, 140721,Tag ID: deca0100c4b48784, x: 2.544587189765923e+00,  y: -7.582054171575257e-01
165041, 140721,Tag ID: deca0100c4b48784, x: 2.544587189765923e+00,  y: -7.582054171575257e-01
165041, 140721,Tag ID: deca0100c4b48784, x: 2.544587189765923e+00,  y: -7.582054171575257e-01
165041, 140721,[Represh]  x: 0.000000000000000e+00,  y: 0.000000000000000e+00
165041, 140721,Tag ID: deca0100c4b48784, x: 2.544587189765923e+00,  y: -7.582054171575257e-01
165041, 140721,Tag ID: deca0100c4b48784, x: 2.653781678115025e+00,  y: -7.214045151517103e-01
165041, 140721,Tag ID: deca0100c4b48784, x: 2.653781678115025e+00,  y: -7.214045151517103e-01
165041, 140721,Tag ID: deca0100c4b48784, x: 2.586512216330411e+00,  y: -6.511125451436106e-01
165041, 140721,Tag ID: deca0100c4b48784, x: 2.586512216330411e+00,  y: -6.511125451436106e-01
165042, 140721,[Represh]  x: 0.000000000000000e+00,  y: 0.000000000000000e+00
165042, 140721,Tag ID: deca0100c4b48784, x: 2.586512216330411e+00,  y: -6.511125451436106e-01
165042, 140721,Tag ID: deca0100c4b48784, x: 3.259311113528476e+00,  y: 2.117870686931069e-01
165042, 140721,Tag ID: deca0100c4b48784, x: 3.259311113528476e+00,  y: 2.117870686931069e-01
165042, 140721,Tag ID: deca0100c4b48784, x: 3.259311113528476e+00,  y: 2.117870686931069e-01
165042, 140721,[Represh]  x: 0.000000000000000e+00,  y: 0.000000000000000e+00
165042, 140721,Tag ID: deca0100c4b48784, x: 3.259311113528476e+00,  y: 2.117870686931069e-01
165042, 140721,Tag ID: deca0100c4b48784, x: 3.177532763028973e+00,  y: 7.815425028764644e-03
165042, 140721,Tag ID: deca0100c4b48784, x: 3.177532763028973e+00,  y: 7.815425028764644e-03
165042, 140721,Tag ID: deca0100c4b48784, x: 3.177532763028973e+00,  y: 7.815425028764644e-03
165042, 140721,Tag ID: deca0100c4b48784, x: 3.241778508742604e+00,  y: 7.281530123185620e-02
165042, 140721,[Represh]  x: 0.000000000000000e+00,  y: 0.000000000000000e+00
165042, 140721,Tag ID: deca0100c4b48784, x: 3.241778508742604e+00,  y: 7.281530123185620e-02
165042, 140721,Tag ID: deca0100c4b48784, x: 2.700547297556573e+00,  y: -2.704808875002178e-01
165043, 140721,Tag ID: deca0100c4b48784, x: 2.700547297556573e+00,  y: -2.704808875002178e-01
165043, 140721,Tag ID: deca0100c4b48784, x: 2.828993797214698e+00,  y: -1.626926020921591e-01
165043, 140721,Tag ID: deca0100c4b48784, x: 2.851033591287596e+00,  y: -3.693770979141142e-02
165043, 140721,Tag ID: deca0100c4b48784, x: 2.744066214777027e+00,  y: -1.755116528647771e-01
165043, 140721,Tag ID: deca0100c4b48784, x: 2.690699784246271e+00,  y: -2.061693478577262e-01
165043, 140721,Tag ID: deca0100c4b48784, x: 2.625531498903222e+00,  y: -3.013596597930932e-01
165043, 140721,Tag ID: deca0100c4b48784, x: 2.625531498903222e+00,  y: -3.013596597930932e-01
165043, 140721,[Represh]  x: 0.000000000000000e+00,  y: 0.000000000000000e+00
165043, 140721,Tag ID: deca0100c4b48784, x: 2.625531498903222e+00,  y: -3.013596597930932e-01
165043, 140721,Tag ID: deca0100c4b48784, x: 2.563257416813797e+00,  y: -2.276006876133422e-01
165043, 140721,Tag ID: deca0100c4b48784, x: 2.563257416813797e+00,  y: -2.276006876133422e-01
165044, 140721,Tag ID: deca0100c4b48784, x: 2.550757165039394e+00,  y: -2.715884336109387e-01
165044, 140721,Tag ID: deca0100c4b48784, x: 2.488784407175792e+00,  y: -4.351726795964828e-01
165044, 140721,Tag ID: deca0100c4b48784, x: 2.469913587348599e+00,  y: -5.055092191153103e-01
165044, 140721,Tag ID: deca0100c4b48784, x: 2.536683910812943e+00,  y: -3.139696068977873e-01
165044, 140721,Tag ID: deca0100c4b48784, x: 2.544207577536125e+00,  y: -3.274017270460194e-01
165044, 140721,Tag ID: deca0100c4b48784, x: 2.521221562938084e+00,  y: -4.046358207498928e-01
165044, 140721,Tag ID: deca0100c4b48784, x: 2.521221562938084e+00,  y: -4.046358207498928e-01
165044, 140721,Tag ID: deca0100c4b48784, x: 2.533929328763201e+00,  y: -3.288519319305719e-01
165044, 140721,Tag ID: deca0100c4b48784, x: 2.450773575085571e+00,  y: -3.918589199522473e-01
165044, 140721,Tag ID: deca0100c4b48784, x: 2.468740074473715e+00,  y: -3.528863919755918e-01
165045, 140721,Tag ID: deca0100c4b48784, x: 2.426258944161269e+00,  y: -2.692295424466598e-01
165045, 140721,Tag ID: deca0100c4b48784, x: 2.403916188962951e+00,  y: -3.085061319561361e-01
165045, 140721,Tag ID: deca0100c4b48784, x: 2.380670857757356e+00,  y: -3.203607358595302e-01
165045, 140721,Tag ID: deca0100c4b48784, x: 2.326811918018221e+00,  y: -1.267230877961940e-01
165045, 140721,Tag ID: deca0100c4b48784, x: 2.369061285422553e+00,  y: -1.515460629895200e-01
165045, 140721,Tag ID: deca0100c4b48784, x: 2.356081245627405e+00,  y: -2.682629162087857e-01
165045, 140721,Tag ID: deca0100c4b48784, x: 2.321556461368950e+00,  y: -1.121557142816516e-01
165045, 140721,Tag ID: deca0100c4b48784, x: 2.266749615893227e+00,  y: -7.145113819702109e-02
165045, 140721,Tag ID: deca0100c4b48784, x: 2.306303773550409e+00,  y: -1.321702660716468e-01
165045, 140721,Tag ID: deca0100c4b48784, x: 2.330140241113509e+00,  y: -2.712793679631309e-01
165046, 140721,Tag ID: deca0100c4b48784, x: 2.314556924122842e+00,  y: -1.900022283581824e-01
165046, 140721,Tag ID: deca0100c4b48784, x: 2.345973399164286e+00,  y: -6.986362996017403e-02
165046, 140721,Tag ID: deca0100c4b48784, x: 2.331191359235326e+00,  y: 9.658885294247543e-02
165046, 140721,Tag ID: deca0100c4b48784, x: 2.346360306307591e+00,  y: 7.367210821483372e-02
165046, 140721,[Represh]  x: 0.000000000000000e+00,  y: 0.000000000000000e+00
165046, 140721,Tag ID: deca0100c4b48784, x: 2.346360306307591e+00,  y: 7.367210821483372e-02
165046, 140721,Tag ID: deca0100c4b48784, x: 2.407957643286101e+00,  y: -2.957932558617322e-01
165046, 140721,Tag ID: deca0100c4b48784, x: 2.407957643286101e+00,  y: -2.957932558617322e-01
165046, 140721,Tag ID: deca0100c4b48784, x: 2.407957643286101e+00,  y: -2.957932558617322e-01
165046, 140721,[Represh]  x: 0.000000000000000e+00,  y: 0.000000000000000e+00
165046, 140721,Tag ID: deca0100c4b48784, x: 2.407957643286101e+00,  y: -2.957932558617322e-01
165046, 140721,Tag ID: deca0100c4b48784, x: 2.365674958386970e+00,  y: -1.144939283278785e-01
165046, 140721,Tag ID: deca0100c4b48784, x: 2.365674958386970e+00,  y: -1.144939283278785e-01
165047, 140721,Tag ID: deca0100c4b48784, x: 2.365674958386970e+00,  y: -1.144939283278785e-01
165047, 140721,[Represh]  x: 0.000000000000000e+00,  y: 0.000000000000000e+00
165047, 140721,Tag ID: deca0100c4b48784, x: 2.365674958386970e+00,  y: -1.144939283278785e-01
165047, 140721,Tag ID: deca0100c4b48784, x: 1.990299179159071e+00,  y: 9.410058381752577e-01
165047, 140721,Tag ID: deca0100c4b48784, x: 1.990299179159071e+00,  y: 9.410058381752577e-01
165047, 140721,Tag ID: deca0100c4b48784, x: 1.941358601286352e+00,  y: 1.016490101529804e+00
165047, 140721,Tag ID: deca0100c4b48784, x: 1.939336452677509e+00,  y: 9.164955425841563e-01
165047, 140721,Tag ID: deca0100c4b48784, x: 1.881516772125823e+00,  y: 9.863289069057017e-01
165047, 140721,Tag ID: deca0100c4b48784, x: 1.855512343833636e+00,  y: 9.413381284273217e-01
165047, 140721,Tag ID: deca0100c4b48784, x: 1.821151337970285e+00,  y: 9.283952479763896e-01
165047, 140721,Tag ID: deca0100c4b48784, x: 1.827955793846264e+00,  y: 8.737434262838708e-01
165048, 140721,Tag ID: deca0100c4b48784, x: 1.817392755233455e+00,  y: 9.110259586091709e-01
165048, 140721,Tag ID: deca0100c4b48784, x: 1.817392755233455e+00,  y: 9.110259586091709e-01
165048, 140721,[Represh]  x: 0.000000000000000e+00,  y: 0.000000000000000e+00
165048, 140721,Tag ID: deca0100c4b48784, x: 1.817392755233455e+00,  y: 9.110259586091709e-01
165048, 140721,Tag ID: deca0100c4b48784, x: 2.121370617320514e+00,  y: -2.182885411781849e-01
165048, 140721,Tag ID: deca0100c4b48784, x: 2.121370617320514e+00,  y: -2.182885411781849e-01
165048, 140721,Tag ID: deca0100c4b48784, x: 2.121370617320514e+00,  y: -2.182885411781849e-01
165048, 140721,[Represh]  x: 0.000000000000000e+00,  y: 0.000000000000000e+00
165048, 140721,Tag ID: deca0100c4b48784, x: 2.121370617320514e+00,  y: -2.182885411781849e-01
165048, 140721,Tag ID: deca0100c4b48784, x: 1.985863076773859e+00,  y: -8.498272221967800e-01
165048, 140721,Tag ID: deca0100c4b48784, x: 1.985863076773859e+00,  y: -8.498272221967800e-01
165048, 140721,Tag ID: deca0100c4b48784, x: 1.985863076773859e+00,  y: -8.498272221967800e-01
165049, 140721,[Represh]  x: 0.000000000000000e+00,  y: 0.000000000000000e+00
165049, 140721,Tag ID: deca0100c4b48784, x: 1.985863076773859e+00,  y: -8.498272221967800e-01
165049, 140721,Tag ID: deca0100c4b48784, x: 1.875823636502024e+00,  y: -9.890075291538358e-01
165049, 140721,Tag ID: deca0100c4b48784, x: 1.875823636502024e+00,  y: -9.890075291538358e-01
165049, 140721,Tag ID: deca0100c4b48784, x: 1.875823636502024e+00,  y: -9.890075291538358e-01
165049, 140721,[Represh]  x: 0.000000000000000e+00,  y: 0.000000000000000e+00
165049, 140721,Tag ID: deca0100c4b48784, x: 1.875823636502024e+00,  y: -9.890075291538358e-01
165049, 140721,Tag ID: deca0100c4b48784, x: 2.054735176644613e+00,  y: -6.692344582663938e-01
165049, 140721,Tag ID: deca0100c4b48784, x: 2.054735176644613e+00,  y: -6.692344582663938e-01
165050, 140721,Tag ID: deca0100c4b48784, x: 2.054735176644613e+00,  y: -6.692344582663938e-01
165050, 140721,[Represh]  x: 0.000000000000000e+00,  y: 0.000000000000000e+00
165050, 140721,Tag ID: deca0100c4b48784, x: 2.054735176644613e+00,  y: -6.692344582663938e-01
165050, 140721,Tag ID: deca0100c4b48784, x: 1.977960595742054e+00,  y: -9.721945368498397e-01
165050, 140721,Tag ID: deca0100c4b48784, x: 1.977960595742054e+00,  y: -9.721945368498397e-01
165050, 140721,Tag ID: deca0100c4b48784, x: 1.975224318133880e+00,  y: -1.067919681060237e+00
165050, 140721,Tag ID: deca0100c4b48784, x: 1.999967518426493e+00,  y: -1.063927310003780e+00
165050, 140721,Tag ID: deca0100c4b48784, x: 1.993290141943694e+00,  y: -1.176025928921801e+00
165050, 140721,Tag ID: deca0100c4b48784, x: 2.034803887754301e+00,  y: -1.126067048419625e+00
165050, 140721,Tag ID: deca0100c4b48784, x: 2.049927604341764e+00,  y: -1.028678824170929e+00
165050, 140721,Tag ID: deca0100c4b48784, x: 2.050837082577809e+00,  y: -1.100597798938876e+00
165050, 140721,Tag ID: deca0100c4b48784, x: 2.050837082577809e+00,  y: -1.100597798938876e+00
165051, 140721,[Represh]  x: 0.000000000000000e+00,  y: 0.000000000000000e+00
165051, 140721,Tag ID: deca0100c4b48784, x: 2.050837082577809e+00,  y: -1.100597798938876e+00
165051, 140721,Tag ID: deca0100c4b48784, x: 2.163313990719078e+00,  y: -8.528127303914013e-01
165051, 140721,Tag ID: deca0100c4b48784, x: 2.163313990719078e+00,  y: -8.528127303914013e-01
165051, 140721,Tag ID: deca0100c4b48784, x: 2.192780815177562e+00,  y: -9.290970716392017e-01
165051, 140721,Tag ID: deca0100c4b48784, x: 2.192780815177562e+00,  y: -9.290970716392017e-01
165051, 140721,[Represh]  x: 0.000000000000000e+00,  y: 0.000000000000000e+00
165051, 140721,Tag ID: deca0100c4b48784, x: 2.192780815177562e+00,  y: -9.290970716392017e-01
165051, 140721,Tag ID: deca0100c4b48784, x: 2.083809278541055e+00,  y: -1.291111422832353e+00
165051, 140721,Tag ID: deca0100c4b48784, x: 2.083809278541055e+00,  y: -1.291111422832353e+00
165051, 140721,Tag ID: deca0100c4b48784, x: 2.037133926165662e+00,  y: -1.434167292132298e+00
165051, 140721,Tag ID: deca0100c4b48784, x: 1.961170193142114e+00,  y: -1.555199625616100e+00
165052, 140721,Tag ID: deca0100c4b48784, x: 1.961170193142114e+00,  y: -1.555199625616100e+00
165052, 140721,[Represh]  x: 0.000000000000000e+00,  y: 0.000000000000000e+00
165052, 140721,Tag ID: deca0100c4b48784, x: 1.961170193142114e+00,  y: -1.555199625616100e+00
165052, 140721,Tag ID: deca0100c4b48784, x: 2.304283441965640e+00,  y: -4.978974580151299e-01
165052, 140721,Tag ID: deca0100c4b48784, x: 2.304283441965640e+00,  y: -4.978974580151299e-01
165052, 140721,Tag ID: deca0100c4b48784, x: 2.300738001963435e+00,  y: -6.135091060606043e-01
165052, 140721,Tag ID: deca0100c4b48784, x: 2.321928162696651e+00,  y: -6.304366015075686e-01
165052, 140721,Tag ID: deca0100c4b48784, x: 2.335448962330072e+00,  y: -5.876021930602425e-01
165052, 140721,Tag ID: deca0100c4b48784, x: 2.310942973246747e+00,  y: -5.679557523999170e-01
165052, 140721,Tag ID: deca0100c4b48784, x: 2.363744893203519e+00,  y: -4.890866326449252e-01
165052, 140721,Tag ID: deca0100c4b48784, x: 2.365348156960882e+00,  y: -5.694053663113793e-01
165053, 140721,Tag ID: deca0100c4b48784, x: 2.344079628737517e+00,  y: -4.911448748801275e-01
165053, 140721,Tag ID: deca0100c4b48784, x: 2.374051678434490e+00,  y: -6.085243594517779e-01
165053, 140721,Tag ID: deca0100c4b48784, x: 2.402954601860237e+00,  y: -6.079759443448238e-01
165053, 140721,Tag ID: deca0100c4b48784, x: 2.423770731583972e+00,  y: -5.325320620767268e-01
165053, 140721,Tag ID: deca0100c4b48784, x: 2.396242312431969e+00,  y: -4.915048760872123e-01
165053, 140721,Tag ID: deca0100c4b48784, x: 2.444445789081936e+00,  y: -5.317010112232097e-01
165053, 140721,Tag ID: deca0100c4b48784, x: 2.456340462512349e+00,  y: -5.453747855085156e-01
165053, 140721,Tag ID: deca0100c4b48784, x: 2.475885009614174e+00,  y: -5.721232417810875e-01
165053, 140721,Tag ID: deca0100c4b48784, x: 2.474287291888622e+00,  y: -6.110985069456749e-01
165053, 140721,Tag ID: deca0100c4b48784, x: 2.457266030395073e+00,  y: -7.191901103886384e-01
165054, 140721,Tag ID: deca0100c4b48784, x: 2.460369451052807e+00,  y: -6.397562299089619e-01
165054, 140721,Tag ID: deca0100c4b48784, x: 2.460369451052807e+00,  y: -6.397562299089619e-01
165054, 140721,[Represh]  x: 0.000000000000000e+00,  y: 0.000000000000000e+00
165054, 140721,Tag ID: deca0100c4b48784, x: 2.460369451052807e+00,  y: -6.397562299089619e-01
165054, 140721,Tag ID: deca0100c4b48784, x: 2.327829692445790e+00,  y: -1.821451602854120e+00
165054, 140721,Tag ID: deca0100c4b48784, x: 2.327829692445790e+00,  y: -1.821451602854120e+00
165054, 140721,Tag ID: deca0100c4b48784, x: 2.327829692445790e+00,  y: -1.821451602854120e+00
165054, 140721,[Represh]  x: 0.000000000000000e+00,  y: 0.000000000000000e+00
165054, 140721,Tag ID: deca0100c4b48784, x: 2.327829692445790e+00,  y: -1.821451602854120e+00
165054, 140721,Tag ID: deca0100c4b48784, x: 2.590502148657066e+00,  y: -5.821089959899379e-01
165054, 140721,Tag ID: deca0100c4b48784, x: 2.590502148657066e+00,  y: -5.821089959899379e-01
165054, 140721,Tag ID: deca0100c4b48784, x: 2.535210249954113e+00,  y: -6.952485383137316e-01
165054, 140721,Tag ID: deca0100c4b48784, x: 2.536345419485875e+00,  y: -5.703006495837349e-01
165055, 140721,Tag ID: deca0100c4b48784, x: 2.536345419485875e+00,  y: -5.703006495837349e-01
165055, 140721,[Represh]  x: 0.000000000000000e+00,  y: 0.000000000000000e+00
165055, 140721,Tag ID: deca0100c4b48784, x: 2.536345419485875e+00,  y: -5.703006495837349e-01
165055, 140721,Tag ID: deca0100c4b48784, x: 3.112017867949233e+00,  y: -1.122509275231388e-01
165055, 140721,Tag ID: deca0100c4b48784, x: 3.112017867949233e+00,  y: -1.122509275231388e-01
165055, 140721,Tag ID: deca0100c4b48784, x: 3.112017867949233e+00,  y: -1.122509275231388e-01
165055, 140721,Tag ID: deca0100c4b48784, x: 3.115444807240121e+00,  y: -7.982438875338493e-02
165055, 140721,[Represh]  x: 0.000000000000000e+00,  y: 0.000000000000000e+00
165055, 140721,Tag ID: deca0100c4b48784, x: 3.115444807240121e+00,  y: -7.982438875338493e-02
165055, 140721,Tag ID: deca0100c4b48784, x: 3.312789893718861e+00,  y: 1.669601485123287e-01
165055, 140721,Tag ID: deca0100c4b48784, x: 3.312789893718861e+00,  y: 1.669601485123287e-01
165055, 140721,Tag ID: deca0100c4b48784, x: 3.312789893718861e+00,  y: 1.669601485123287e-01
165055, 140721,[Represh]  x: 0.000000000000000e+00,  y: 0.000000000000000e+00
165055, 140721,Tag ID: deca0100c4b48784, x: 3.312789893718861e+00,  y: 1.669601485123287e-01
165056, 140721,Tag ID: deca0100c4b48784, x: 3.808047719955236e+00,  y: 5.718871938566337e-01
165056, 140721,Tag ID: deca0100c4b48784, x: 3.808047719955236e+00,  y: 5.718871938566337e-01
165056, 140721,Tag ID: deca0100c4b48784, x: 3.808047719955236e+00,  y: 5.718871938566337e-01
165056, 140721,[Represh]  x: 0.000000000000000e+00,  y: 0.000000000000000e+00
165056, 140721,Tag ID: deca0100c4b48784, x: 3.808047719955236e+00,  y: 5.718871938566337e-01
165056, 140721,Tag ID: deca0100c4b48784, x: 2.866740213507709e+00,  y: -2.484567499785970e-01
165056, 140721,Tag ID: deca0100c4b48784, x: 2.866740213507709e+00,  y: -2.484567499785970e-01
165056, 140721,Tag ID: deca0100c4b48784, x: 2.798413559390232e+00,  y: -3.248870182133748e-01
165056, 140721,Tag ID: deca0100c4b48784, x: 2.959235472133956e+00,  y: -1.813099349543070e-01
165056, 140721,Tag ID: deca0100c4b48784, x: 2.959235472133956e+00,  y: -1.813099349543070e-01
165056, 140721,[Represh]  x: 0.000000000000000e+00,  y: 0.000000000000000e+00
165056, 140721,Tag ID: deca0100c4b48784, x: 2.959235472133956e+00,  y: -1.813099349543070e-01
165057, 140721,Tag ID: deca0100c4b48784, x: 2.666716202519502e+00,  y: -3.966383303879469e-01
165057, 140721,Tag ID: deca0100c4b48784, x: 2.666716202519502e+00,  y: -3.966383303879469e-01
165057, 140721,Tag ID: deca0100c4b48784, x: 2.485554139624315e+00,  y: -4.772667938031440e-01
165057, 140721,Tag ID: deca0100c4b48784, x: 2.451449052921867e+00,  y: -5.071274157247363e-01
165057, 140721,Tag ID: deca0100c4b48784, x: 2.438160674601629e+00,  y: -4.725226018463613e-01
165057, 140721,Tag ID: deca0100c4b48784, x: 2.438160674601629e+00,  y: -4.725226018463613e-01
165057, 140721,[Represh]  x: 0.000000000000000e+00,  y: 0.000000000000000e+00
165057, 140721,Tag ID: deca0100c4b48784, x: 2.438160674601629e+00,  y: -4.725226018463613e-01
165057, 140721,Tag ID: deca0100c4b48784, x: 2.550693489937690e+00,  y: -3.790598912134100e-01
165057, 140721,Tag ID: deca0100c4b48784, x: 2.550693489937690e+00,  y: -3.790598912134100e-01
165058, 140721,Tag ID: deca0100c4b48784, x: 2.475985963242608e+00,  y: -3.293367163374987e-01
165058, 140721,Tag ID: deca0100c4b48784, x: 2.502777617087334e+00,  y: -1.992210654561859e-01
165058, 140721,Tag ID: deca0100c4b48784, x: 2.517932383842636e+00,  y: -3.631168216046694e-01
165058, 140721,Tag ID: deca0100c4b48784, x: 2.482955844445457e+00,  y: -3.604226096508381e-01
165058, 140721,Tag ID: deca0100c4b48784, x: 2.460216422612195e+00,  y: -2.611947642655412e-01
165058, 140721,Tag ID: deca0100c4b48784, x: 2.509454413952616e+00,  y: -1.422749327165884e-01
165058, 140721,Tag ID: deca0100c4b48784, x: 2.548166124711631e+00,  y: -2.854257979351393e-02
165058, 140721,Tag ID: deca0100c4b48784, x: 2.626978642510288e+00,  y: 6.806535750642650e-02
165058, 140721,Tag ID: deca0100c4b48784, x: 2.534808940245274e+00,  y: -1.131857664235629e-01
165058, 140721,Tag ID: deca0100c4b48784, x: 2.502240886300794e+00,  y: -1.222260457581643e-01
165059, 140721,Tag ID: deca0100c4b48784, x: 2.500057710040038e+00,  y: -8.899731556521495e-02
165059, 140721,Tag ID: deca0100c4b48784, x: 2.490650109518027e+00,  y: -2.390151168158710e-01
165059, 140721,Tag ID: deca0100c4b48784, x: 2.482317132107644e+00,  y: -1.624498350745065e-01
165059, 140721,Tag ID: deca0100c4b48784, x: 2.454248182408529e+00,  y: -3.115863653479171e-01
165059, 140721,Tag ID: deca0100c4b48784, x: 2.448801995969069e+00,  y: -1.614759881498284e-01
165059, 140721,Tag ID: deca0100c4b48784, x: 2.415106304157207e+00,  y: -1.986683105903029e-01
165059, 140721,Tag ID: deca0100c4b48784, x: 2.384819180750577e+00,  y: -2.702831824242260e-01
165059, 140721,Tag ID: deca0100c4b48784, x: 2.316539881882520e+00,  y: -1.136630463509563e-01
165059, 140721,Tag ID: deca0100c4b48784, x: 2.268074485336236e+00,  y: -1.279872888467901e-01
165059, 140721,Tag ID: deca0100c4b48784, x: 2.268074485336236e+00,  y: -1.279872888467901e-01
165059, 140721,[Represh]  x: 0.000000000000000e+00,  y: 0.000000000000000e+00
165059, 140721,Tag ID: deca0100c4b48784, x: 2.268074485336236e+00,  y: -1.279872888467901e-01
165100, 140721,Tag ID: deca0100c4b48784, x: 2.238218025959076e+00,  y: 1.345908439394345e-01
165100, 140721,Tag ID: deca0100c4b48784, x: 2.238218025959076e+00,  y: 1.345908439394345e-01
165100, 140721,Tag ID: deca0100c4b48784, x: 2.269335420664037e+00,  y: -2.779475813795296e-02
165100, 140721,Tag ID: deca0100c4b48784, x: 2.259479902742883e+00,  y: -1.042456186746943e-02
165100, 140721,Tag ID: deca0100c4b48784, x: 2.291316219114977e+00,  y: 7.931573057789132e-02
165100, 140721,Tag ID: deca0100c4b48784, x: 2.291316219114977e+00,  y: 7.931573057789132e-02
165100, 140721,[Represh]  x: 0.000000000000000e+00,  y: 0.000000000000000e+00
165100, 140721,Tag ID: deca0100c4b48784, x: 2.291316219114977e+00,  y: 7.931573057789132e-02
165100, 140721,Tag ID: deca0100c4b48784, x: 1.902160881505834e+00,  y: 8.612835625239074e-01
165100, 140721,Tag ID: deca0100c4b48784, x: 1.902160881505834e+00,  y: 8.612835625239074e-01
165100, 140721,Tag ID: deca0100c4b48784, x: 1.933191953580185e+00,  y: 8.615912405625430e-01
165101, 140721,Tag ID: deca0100c4b48784, x: 1.931289494765733e+00,  y: 8.897398613464620e-01
165101, 140721,Tag ID: deca0100c4b48784, x: 1.916909392312061e+00,  y: 9.315984485064026e-01
165101, 140721,Tag ID: deca0100c4b48784, x: 1.952352315565160e+00,  y: 8.799744130807499e-01
165101, 140721,Tag ID: deca0100c4b48784, x: 1.947064714958190e+00,  y: 8.606061516892933e-01
165101, 140721,Tag ID: deca0100c4b48784, x: 1.919849022807799e+00,  y: 9.451534353052851e-01
165101, 140721,Tag ID: deca0100c4b48784, x: 1.923450589019255e+00,  y: 8.733901078460775e-01
165101, 140721,Tag ID: deca0100c4b48784, x: 1.897371340197729e+00,  y: 9.333347116557613e-01
165101, 140721,Tag ID: deca0100c4b48784, x: 1.879185612552347e+00,  y: 9.390046072190015e-01
165101, 140721,Tag ID: deca0100c4b48784, x: 1.844450809427940e+00,  y: 9.110607419189076e-01
165102, 140721,Tag ID: deca0100c4b48784, x: 1.816875348020066e+00,  y: 9.730081083988917e-01
165102, 140721,Tag ID: deca0100c4b48784, x: 1.774467340808312e+00,  y: 9.842293916618647e-01
165102, 140721,Tag ID: deca0100c4b48784, x: 1.790223720864284e+00,  y: 8.987615600387502e-01
165102, 140721,Tag ID: deca0100c4b48784, x: 1.782851703121024e+00,  y: 9.174204951817853e-01
165102, 140721,Tag ID: deca0100c4b48784, x: 1.747535395286015e+00,  y: 9.648661963608909e-01
165102, 140721,Tag ID: deca0100c4b48784, x: 1.747535395286015e+00,  y: 9.648661963608909e-01
165102, 140721,[Represh]  x: 0.000000000000000e+00,  y: 0.000000000000000e+00
165102, 140721,Tag ID: deca0100c4b48784, x: 1.747535395286015e+00,  y: 9.648661963608909e-01
165102, 140721,Tag ID: deca0100c4b48784, x: 2.120549716013405e+00,  y: -7.549042987763421e-01
165102, 140721,Tag ID: deca0100c4b48784, x: 2.120549716013405e+00,  y: -7.549042987763421e-01
165102, 140721,Tag ID: deca0100c4b48784, x: 2.120549716013405e+00,  y: -7.549042987763421e-01
165102, 140721,[Represh]  x: 0.000000000000000e+00,  y: 0.000000000000000e+00
165102, 140721,Tag ID: deca0100c4b48784, x: 2.120549716013405e+00,  y: -7.549042987763421e-01
165103, 140721,Tag ID: deca0100c4b48784, x: 1.271613683659759e+00,  y: -2.324383799131540e+00
165103, 140721,Tag ID: deca0100c4b48784, x: 1.271613683659759e+00,  y: -2.324383799131540e+00
165103, 140721,Tag ID: deca0100c4b48784, x: 1.271613683659759e+00,  y: -2.324383799131540e+00
165103, 140721,[Represh]  x: 0.000000000000000e+00,  y: 0.000000000000000e+00
165103, 140721,Tag ID: deca0100c4b48784, x: 1.271613683659759e+00,  y: -2.324383799131540e+00
165103, 140721,Tag ID: deca0100c4b48784, x: 1.928946777433723e+00,  y: -1.183672218050153e+00
165103, 140721,Tag ID: deca0100c4b48784, x: 1.928946777433723e+00,  y: -1.183672218050153e+00
165103, 140721,Tag ID: deca0100c4b48784, x: 1.864790484688995e+00,  y: -1.360708878154700e+00
165103, 140721,Tag ID: deca0100c4b48784, x: 1.899866626128646e+00,  y: -1.270938984289044e+00
165104, 140721,Tag ID: deca0100c4b48784, x: 1.903110792473651e+00,  y: -1.252429633249678e+00
165104, 140721,Tag ID: deca0100c4b48784, x: 1.903110792473651e+00,  y: -1.252429633249678e+00
165104, 140721,Tag ID: deca0100c4b48784, x: 1.878031367263328e+00,  y: -1.404990044439578e+00
165104, 140721,Tag ID: deca0100c4b48784, x: 1.918410061913843e+00,  y: -1.186728425556245e+00
165104, 140721,[Represh]  x: 0.000000000000000e+00,  y: 0.000000000000000e+00
165104, 140721,Tag ID: deca0100c4b48784, x: 1.918410061913843e+00,  y: -1.186728425556245e+00
165104, 140721,Tag ID: deca0100c4b48784, x: 2.184267599743527e+00,  y: -3.872776225949019e-01
165104, 140721,Tag ID: deca0100c4b48784, x: 2.184267599743527e+00,  y: -3.872776225949019e-01
165104, 140721,Tag ID: deca0100c4b48784, x: 2.184267599743527e+00,  y: -3.872776225949019e-01
165104, 140721,[Represh]  x: 0.000000000000000e+00,  y: 0.000000000000000e+00
165104, 140721,Tag ID: deca0100c4b48784, x: 2.184267599743527e+00,  y: -3.872776225949019e-01
165104, 140721,Tag ID: deca0100c4b48784, x: 1.971438806005705e+00,  y: -1.135165490657771e+00
165105, 140721,Tag ID: deca0100c4b48784, x: 1.971438806005705e+00,  y: -1.135165490657771e+00
165105, 140721,Tag ID: deca0100c4b48784, x: 2.030363969664772e+00,  y: -1.061402523896699e+00
165105, 140721,Tag ID: deca0100c4b48784, x: 2.012555104168549e+00,  y: -9.371121410051004e-01
165105, 140721,Tag ID: deca0100c4b48784, x: 2.011941242910199e+00,  y: -1.083175427872087e+00
165105, 140721,Tag ID: deca0100c4b48784, x: 2.038070564199411e+00,  y: -1.129487754064841e+00
165105, 140721,Tag ID: deca0100c4b48784, x: 2.010562097495881e+00,  y: -1.309677453947391e+00
165105, 140721,Tag ID: deca0100c4b48784, x: 2.003620067898610e+00,  y: -1.286914459251495e+00
165105, 140721,Tag ID: deca0100c4b48784, x: 2.003620067898610e+00,  y: -1.286914459251495e+00
165105, 140721,Tag ID: deca0100c4b48784, x: 2.073467800822971e+00,  y: -1.257186388411122e+00
165105, 140721,Tag ID: deca0100c4b48784, x: 2.007019069727944e+00,  y: -1.431656934114253e+00
165105, 140721,Tag ID: deca0100c4b48784, x: 1.940514580575162e+00,  y: -1.535551957239178e+00
165106, 140721,Tag ID: deca0100c4b48784, x: 2.006606851175676e+00,  y: -1.410927955470513e+00
165106, 140721,[Represh]  x: 0.000000000000000e+00,  y: 0.000000000000000e+00
165106, 140721,Tag ID: deca0100c4b48784, x: 2.006606851175676e+00,  y: -1.410927955470513e+00
165106, 140721,Tag ID: deca0100c4b48784, x: 2.314078185747443e+00,  y: -3.739663710192032e-01
165106, 140721,Tag ID: deca0100c4b48784, x: 2.314078185747443e+00,  y: -3.739663710192032e-01
165106, 140721,Tag ID: deca0100c4b48784, x: 2.309962075924851e+00,  y: -3.724563923501534e-01
165106, 140721,Tag ID: deca0100c4b48784, x: 2.308103894523744e+00,  y: -3.518181183766140e-01
165106, 140721,Tag ID: deca0100c4b48784, x: 2.289711495484300e+00,  y: -4.690621180234058e-01
165106, 140721,Tag ID: deca0100c4b48784, x: 2.286487338674634e+00,  y: -4.437150116194899e-01
165106, 140721,Tag ID: deca0100c4b48784, x: 2.285056766353397e+00,  y: -3.218216370825919e-01
165106, 140721,Tag ID: deca0100c4b48784, x: 2.328233331564255e+00,  y: -3.892282141813344e-01
165107, 140721,Tag ID: deca0100c4b48784, x: 2.330439348119572e+00,  y: -4.619083874257917e-01
165107, 140721,Tag ID: deca0100c4b48784, x: 2.358366533471342e+00,  y: -3.885443939232198e-01
165107, 140721,Tag ID: deca0100c4b48784, x: 2.345239938922883e+00,  y: -5.536113166768892e-01
165107, 140721,Tag ID: deca0100c4b48784, x: 2.353838040904419e+00,  y: -4.944828766154807e-01
165107, 140721,Tag ID: deca0100c4b48784, x: 2.353838040904419e+00,  y: -4.944828766154807e-01
165107, 140721,Tag ID: deca0100c4b48784, x: 2.383452641571568e+00,  y: -6.657770766979145e-01
165107, 140721,Tag ID: deca0100c4b48784, x: 2.412548999495725e+00,  y: -5.797861213016966e-01
165107, 140721,Tag ID: deca0100c4b48784, x: 2.376731807845216e+00,  y: -6.482097055294318e-01
165107, 140721,Tag ID: deca0100c4b48784, x: 2.356736745016464e+00,  y: -6.918436116886322e-01
165107, 140721,Tag ID: deca0100c4b48784, x: 2.354818460146529e+00,  y: -6.440924209777918e-01
165107, 140721,Tag ID: deca0100c4b48784, x: 2.327749785715680e+00,  y: -6.352330439270499e-01
165108, 140721,Tag ID: deca0100c4b48784, x: 2.339552445495291e+00,  y: -6.706054297926043e-01
165108, 140721,Tag ID: deca0100c4b48784, x: 2.345142093901919e+00,  y: -7.025193412600230e-01
165108, 140721,Tag ID: deca0100c4b48784, x: 2.330373633779686e+00,  y: -7.123519821478081e-01
165108, 140721,Tag ID: deca0100c4b48784, x: 2.332653149182740e+00,  y: -7.081021835426475e-01
165108, 140721,Tag ID: deca0100c4b48784, x: 2.373785054059105e+00,  y: -6.588899681487095e-01
165108, 140721,Tag ID: deca0100c4b48784, x: 2.348826510634920e+00,  y: -6.596191635764672e-01
165108, 140721,Tag ID: deca0100c4b48784, x: 2.388102298076032e+00,  y: -6.005049281475587e-01
165108, 140721,Tag ID: deca0100c4b48784, x: 2.367143605549852e+00,  y: -6.169217113653396e-01
165108, 140721,Tag ID: deca0100c4b48784, x: 2.353717311304699e+00,  y: -7.119593844113932e-01
165108, 140721,Tag ID: deca0100c4b48784, x: 2.406327805796904e+00,  y: -7.548726145382052e-01
165109, 140721,Tag ID: deca0100c4b48784, x: 2.396571329626202e+00,  y: -7.022310984349711e-01
165109, 140721,Tag ID: deca0100c4b48784, x: 2.402902369296138e+00,  y: -7.150180302812768e-01
165109, 140721,Tag ID: deca0100c4b48784, x: 2.435422938229716e+00,  y: -7.671329481130342e-01
165109, 140721,Tag ID: deca0100c4b48784, x: 2.424628656983351e+00,  y: -7.247523615666625e-01
165109, 140721,Tag ID: deca0100c4b48784, x: 2.398770936684269e+00,  y: -6.591026151893294e-01
165109, 140721,[Represh]  x: 0.000000000000000e+00,  y: 0.000000000000000e+00
165109, 140721,Tag ID: deca0100c4b48784, x: 2.398770936684269e+00,  y: -6.591026151893294e-01
165109, 140721,Tag ID: deca0100c4b48784, x: 2.195334049343935e+00,  y: -1.966362796780561e+00
165109, 140721,Tag ID: deca0100c4b48784, x: 2.195334049343935e+00,  y: -1.966362796780561e+00
165109, 140721,Tag ID: deca0100c4b48784, x: 2.306156334683260e+00,  y: -1.834332364631158e+00
165109, 140721,Tag ID: deca0100c4b48784, x: 2.307348537601364e+00,  y: -1.758533274637140e+00
165110, 140721,Tag ID: deca0100c4b48784, x: 2.293056510758815e+00,  y: -1.700108652361790e+00
165110, 140721,Tag ID: deca0100c4b48784, x: 2.359882874776968e+00,  y: -1.776881912079770e+00
165110, 140721,Tag ID: deca0100c4b48784, x: 2.359882874776968e+00,  y: -1.776881912079770e+00
165110, 140721,[Represh]  x: 0.000000000000000e+00,  y: 0.000000000000000e+00
165110, 140721,Tag ID: deca0100c4b48784, x: 2.359882874776968e+00,  y: -1.776881912079770e+00
165110, 140721,Tag ID: deca0100c4b48784, x: 2.486576524507830e+00,  y: -5.367528405622841e-01
165110, 140721,Tag ID: deca0100c4b48784, x: 2.486576524507830e+00,  y: -5.367528405622841e-01
165110, 140721,Tag ID: deca0100c4b48784, x: 2.527558764796546e+00,  y: -5.603107463117123e-01
165110, 140721,Tag ID: deca0100c4b48784, x: 2.534082674320435e+00,  y: -5.188511669105140e-01
165111, 140721,Tag ID: deca0100c4b48784, x: 2.534082674320435e+00,  y: -5.188511669105140e-01
165111, 140721,[Represh]  x: 0.000000000000000e+00,  y: 0.000000000000000e+00
165111, 140721,Tag ID: deca0100c4b48784, x: 2.534082674320435e+00,  y: -5.188511669105140e-01
165111, 140721,Tag ID: deca0100c4b48784, x: 3.693532103048909e+00,  y: -7.538035191716475e-02
165111, 140721,Tag ID: deca0100c4b48784, x: 3.693532103048909e+00,  y: -7.538035191716475e-02
165111, 140721,Tag ID: deca0100c4b48784, x: 3.693532103048909e+00,  y: -7.538035191716475e-02
165111, 140721,[Represh]  x: 0.000000000000000e+00,  y: 0.000000000000000e+00
165111, 140721,Tag ID: deca0100c4b48784, x: 3.693532103048909e+00,  y: -7.538035191716475e-02
165111, 140721,Tag ID: deca0100c4b48784, x: 3.580859852359794e+00,  y: 4.658111301901338e-01
165111, 140721,Tag ID: deca0100c4b48784, x: 3.580859852359794e+00,  y: 4.658111301901338e-01
165111, 140721,Tag ID: deca0100c4b48784, x: 3.580859852359794e+00,  y: 4.658111301901338e-01
165111, 140721,[Represh]  x: 0.000000000000000e+00,  y: 0.000000000000000e+00
165111, 140721,Tag ID: deca0100c4b48784, x: 3.580859852359794e+00,  y: 4.658111301901338e-01
165111, 140721,Tag ID: deca0100c4b48784, x: 2.677308785137887e+00,  y: -3.673062766072724e-01
165112, 140721,Tag ID: deca0100c4b48784, x: 2.677308785137887e+00,  y: -3.673062766072724e-01
165112, 140721,Tag ID: deca0100c4b48784, x: 2.759147976966720e+00,  y: -2.481776576046659e-01
165112, 140721,Tag ID: deca0100c4b48784, x: 2.762173658973704e+00,  y: -2.769663214604656e-01
165112, 140721,Tag ID: deca0100c4b48784, x: 2.844637152341504e+00,  y: -1.658354781003513e-01
165112, 140721,Tag ID: deca0100c4b48784, x: 2.815625107322411e+00,  y: -2.626733952933309e-01
165112, 140721,Tag ID: deca0100c4b48784, x: 2.787824475152576e+00,  y: -2.656371922699696e-01
165112, 140721,Tag ID: deca0100c4b48784, x: 2.716217901324588e+00,  y: -3.754821634708994e-01
165112, 140721,Tag ID: deca0100c4b48784, x: 2.843572398928558e+00,  y: -3.670715715512425e-01
165112, 140721,Tag ID: deca0100c4b48784, x: 2.946951201362199e+00,  y: -2.091292907476916e-01
165112, 140721,Tag ID: deca0100c4b48784, x: 2.946951201362199e+00,  y: -2.091292907476916e-01
165112, 140721,[Represh]  x: 0.000000000000000e+00,  y: 0.000000000000000e+00
165112, 140721,Tag ID: deca0100c4b48784, x: 2.946951201362199e+00,  y: -2.091292907476916e-01
165113, 140721,Tag ID: deca0100c4b48784, x: 2.490183643877395e+00,  y: -4.288670695624011e-01
165113, 140721,Tag ID: deca0100c4b48784, x: 2.490183643877395e+00,  y: -4.288670695624011e-01
165113, 140721,Tag ID: deca0100c4b48784, x: 2.490183643877395e+00,  y: -4.288670695624011e-01
165113, 140721,[Represh]  x: 0.000000000000000e+00,  y: 0.000000000000000e+00
165113, 140721,Tag ID: deca0100c4b48784, x: 2.490183643877395e+00,  y: -4.288670695624011e-01
165113, 140721,Tag ID: deca0100c4b48784, x: 2.724775946823682e+00,  y: -2.233778167077696e-01
165113, 140721,Tag ID: deca0100c4b48784, x: 2.724775946823682e+00,  y: -2.233778167077696e-01
165113, 140721,Tag ID: deca0100c4b48784, x: 2.605002587365291e+00,  y: -2.380459657261392e-01
165113, 140721,Tag ID: deca0100c4b48784, x: 2.605002587365291e+00,  y: -2.380459657261392e-01
165113, 140721,[Represh]  x: 0.000000000000000e+00,  y: 0.000000000000000e+00
165113, 140721,Tag ID: deca0100c4b48784, x: 2.605002587365291e+00,  y: -2.380459657261392e-01
165114, 140721,Tag ID: deca0100c4b48784, x: 2.479244098004424e+00,  y: -4.910743343046549e-01
165114, 140721,Tag ID: deca0100c4b48784, x: 2.479244098004424e+00,  y: -4.910743343046549e-01
165114, 140721,Tag ID: deca0100c4b48784, x: 2.565343511324100e+00,  y: -4.085688535716515e-01
165114, 140721,Tag ID: deca0100c4b48784, x: 2.516298596683536e+00,  y: -4.826212945990871e-01
165114, 140721,Tag ID: deca0100c4b48784, x: 2.510462830443039e+00,  y: -4.111270527084079e-01
165114, 140721,Tag ID: deca0100c4b48784, x: 2.478091411401258e+00,  y: -5.204332469890520e-01
165114, 140721,Tag ID: deca0100c4b48784, x: 2.436922718987088e+00,  y: -4.773585185881681e-01
165114, 140721,Tag ID: deca0100c4b48784, x: 2.436922718987088e+00,  y: -4.773585185881681e-01
165114, 140721,Tag ID: deca0100c4b48784, x: 2.373920533100649e+00,  y: -3.415292763233526e-01
165114, 140721,Tag ID: deca0100c4b48784, x: 2.358572541854607e+00,  y: -3.622738955099707e-01
165114, 140721,Tag ID: deca0100c4b48784, x: 2.267270756451684e+00,  y: -4.398676171971487e-01
165114, 140721,[Represh]  x: 0.000000000000000e+00,  y: 0.000000000000000e+00
165114, 140721,Tag ID: deca0100c4b48784, x: 2.267270756451684e+00,  y: -4.398676171971487e-01
165115, 140721,Tag ID: deca0100c4b48784, x: 2.615447594908250e+00,  y: 9.070014476251487e-02
165115, 140721,Tag ID: deca0100c4b48784, x: 2.615447594908250e+00,  y: 9.070014476251487e-02
165115, 140721,Tag ID: deca0100c4b48784, x: 2.615447594908250e+00,  y: 9.070014476251487e-02
165115, 140721,Tag ID: deca0100c4b48784, x: 2.592422043890304e+00,  y: 5.976139179222062e-02
165115, 140721,[Represh]  x: 0.000000000000000e+00,  y: 0.000000000000000e+00
165115, 140721,Tag ID: deca0100c4b48784, x: 2.592422043890304e+00,  y: 5.976139179222062e-02
165115, 140721,Tag ID: deca0100c4b48784, x: 2.289070642537323e+00,  y: -2.414742480776779e-01
165115, 140721,Tag ID: deca0100c4b48784, x: 2.289070642537323e+00,  y: -2.414742480776779e-01
165115, 140721,Tag ID: deca0100c4b48784, x: 2.318468217426212e+00,  y: -1.538750979885330e-01
165115, 140721,Tag ID: deca0100c4b48784, x: 2.329438257786693e+00,  y: -1.541220997591000e-01
165115, 140721,Tag ID: deca0100c4b48784, x: 2.281655689689267e+00,  y: -2.150095367038111e-01
165116, 140721,Tag ID: deca0100c4b48784, x: 2.341948142864602e+00,  y: -2.185720790902805e-01
165116, 140721,Tag ID: deca0100c4b48784, x: 2.297388038644144e+00,  y: -3.288595166953179e-02
165116, 140721,Tag ID: deca0100c4b48784, x: 2.304709457306615e+00,  y: 1.066514217937775e-02
165116, 140721,Tag ID: deca0100c4b48784, x: 2.338031979358684e+00,  y: 6.830966947758510e-02
165116, 140721,Tag ID: deca0100c4b48784, x: 2.347125487177685e+00,  y: -3.113271953376318e-02
165116, 140721,Tag ID: deca0100c4b48784, x: 2.348151682291234e+00,  y: -4.334632692575235e-02
165116, 140721,Tag ID: deca0100c4b48784, x: 2.348151682291234e+00,  y: -4.334632692575235e-02
165116, 140721,Tag ID: deca0100c4b48784, x: 2.290035240706403e+00,  y: 1.213145192459311e-01
165116, 140721,Tag ID: deca0100c4b48784, x: 2.318126622816771e+00,  y: 1.959602807761701e-01
165116, 140721,Tag ID: deca0100c4b48784, x: 2.315186837006311e+00,  y: 1.332350226707396e-01
165117, 140721,Tag ID: deca0100c4b48784, x: 2.280211264776590e+00,  y: 3.200056116182237e-02
165117, 140721,Tag ID: deca0100c4b48784, x: 2.270156626391637e+00,  y: 1.475523933700484e-02
165117, 140721,Tag ID: deca0100c4b48784, x: 2.283221454126477e+00,  y: 7.950855544244340e-02
165117, 140721,Tag ID: deca0100c4b48784, x: 2.253373228018115e+00,  y: 2.957974374004380e-02
165117, 140721,Tag ID: deca0100c4b48784, x: 2.294126678206655e+00,  y: -4.822736568093111e-02
165117, 140721,Tag ID: deca0100c4b48784, x: 2.286764712140038e+00,  y: -6.335655266218965e-02
165117, 140721,Tag ID: deca0100c4b48784, x: 2.244980289582201e+00,  y: 9.364690002506615e-02
165117, 140721,[Represh]  x: 0.000000000000000e+00,  y: 0.000000000000000e+00
165117, 140721,Tag ID: deca0100c4b48784, x: 2.244980289582201e+00,  y: 9.364690002506615e-02
165117, 140721,Tag ID: deca0100c4b48784, x: 1.929572392007426e+00,  y: 7.825388516834688e-01
165117, 140721,Tag ID: deca0100c4b48784, x: 1.929572392007426e+00,  y: 7.825388516834688e-01
165118, 140721,Tag ID: deca0100c4b48784, x: 1.929572392007426e+00,  y: 7.825388516834688e-01
165118, 140721,[Represh]  x: 0.000000000000000e+00,  y: 0.000000000000000e+00
165118, 140721,Tag ID: deca0100c4b48784, x: 1.929572392007426e+00,  y: 7.825388516834688e-01
165118, 140721,Tag ID: deca0100c4b48784, x: 2.223053203916685e+00,  y: -1.946518215662492e-01
165118, 140721,Tag ID: deca0100c4b48784, x: 2.223053203916685e+00,  y: -1.946518215662492e-01
165118, 140721,Tag ID: deca0100c4b48784, x: 2.210300784684843e+00,  y: -1.237804614642163e-01
165118, 140721,Tag ID: deca0100c4b48784, x: 2.192893001035166e+00,  y: -5.102384648755509e-02
165118, 140721,Tag ID: deca0100c4b48784, x: 2.192893001035166e+00,  y: -5.102384648755509e-02
165118, 140721,[Represh]  x: 0.000000000000000e+00,  y: 0.000000000000000e+00
165118, 140721,Tag ID: deca0100c4b48784, x: 2.192893001035166e+00,  y: -5.102384648755509e-02
165118, 140721,Tag ID: deca0100c4b48784, x: 1.889404578403422e+00,  y: 7.209125773213678e-01
165118, 140721,Tag ID: deca0100c4b48784, x: 1.889404578403422e+00,  y: 7.209125773213678e-01
165118, 140721,Tag ID: deca0100c4b48784, x: 1.851778930990970e+00,  y: 8.409091714774206e-01
165119, 140721,Tag ID: deca0100c4b48784, x: 1.782553600871650e+00,  y: 9.601124807803445e-01
165119, 140721,Tag ID: deca0100c4b48784, x: 1.782553600871650e+00,  y: 9.601124807803445e-01
165119, 140721,[Represh]  x: 0.000000000000000e+00,  y: 0.000000000000000e+00
165119, 140721,Tag ID: deca0100c4b48784, x: 1.782553600871650e+00,  y: 9.601124807803445e-01
165119, 140721,Tag ID: deca0100c4b48784, x: 1.967826188100469e+00,  y: -3.301390320359623e-01
165119, 140721,Tag ID: deca0100c4b48784, x: 1.967826188100469e+00,  y: -3.301390320359623e-01
165119, 140721,Tag ID: deca0100c4b48784, x: 1.967826188100469e+00,  y: -3.301390320359623e-01
165119, 140721,[Represh]  x: 0.000000000000000e+00,  y: 0.000000000000000e+00
165119, 140721,Tag ID: deca0100c4b48784, x: 1.967826188100469e+00,  y: -3.301390320359623e-01
165119, 140721,Tag ID: deca0100c4b48784, x: 1.846558643665414e+00,  y: -1.282325986982185e+00
165119, 140721,Tag ID: deca0100c4b48784, x: 1.846558643665414e+00,  y: -1.282325986982185e+00
165120, 140721,Tag ID: deca0100c4b48784, x: 1.788615992959899e+00,  y: -1.304345827156075e+00
165120, 140721,Tag ID: deca0100c4b48784, x: 1.736819783650495e+00,  y: -1.434033287378419e+00
165120, 140721,Tag ID: deca0100c4b48784, x: 1.736819783650495e+00,  y: -1.434033287378419e+00
165120, 140721,[Represh]  x: 0.000000000000000e+00,  y: 0.000000000000000e+00
165120, 140721,Tag ID: deca0100c4b48784, x: 1.736819783650495e+00,  y: -1.434033287378419e+00
165120, 140721,Tag ID: deca0100c4b48784, x: 1.937879616509839e+00,  y: -9.634917592925699e-01
165120, 140721,Tag ID: deca0100c4b48784, x: 1.937879616509839e+00,  y: -9.634917592925699e-01
165120, 140721,Tag ID: deca0100c4b48784, x: 1.937879616509839e+00,  y: -9.634917592925699e-01
165120, 140721,[Represh]  x: 0.000000000000000e+00,  y: 0.000000000000000e+00
165120, 140721,Tag ID: deca0100c4b48784, x: 1.937879616509839e+00,  y: -9.634917592925699e-01
165120, 140721,Tag ID: deca0100c4b48784, x: 1.936630106644995e+00,  y: -8.938214363633179e-01
165120, 140721,Tag ID: deca0100c4b48784, x: 1.936630106644995e+00,  y: -8.938214363633179e-01
165120, 140721,Tag ID: deca0100c4b48784, x: 1.936630106644995e+00,  y: -8.938214363633179e-01
165121, 140721,[Represh]  x: 0.000000000000000e+00,  y: 0.000000000000000e+00
165121, 140721,Tag ID: deca0100c4b48784, x: 1.936630106644995e+00,  y: -8.938214363633179e-01
165121, 140721,Tag ID: deca0100c4b48784, x: 2.187070672729644e+00,  y: -1.743554654588554e-01
165121, 140721,Tag ID: deca0100c4b48784, x: 2.187070672729644e+00,  y: -1.743554654588554e-01
165121, 140721,Tag ID: deca0100c4b48784, x: 2.187070672729644e+00,  y: -1.743554654588554e-01
165121, 140721,[Represh]  x: 0.000000000000000e+00,  y: 0.000000000000000e+00
165121, 140721,Tag ID: deca0100c4b48784, x: 2.187070672729644e+00,  y: -1.743554654588554e-01
165121, 140721,Tag ID: deca0100c4b48784, x: 2.310838945382272e+00,  y: -1.578606328271053e-01
165121, 140721,Tag ID: deca0100c4b48784, x: 2.310838945382272e+00,  y: -1.578606328271053e-01
165121, 140721,Tag ID: deca0100c4b48784, x: 2.310838945382272e+00,  y: -1.578606328271053e-01
165121, 140721,[Represh]  x: 0.000000000000000e+00,  y: 0.000000000000000e+00
165121, 140721,Tag ID: deca0100c4b48784, x: 2.310838945382272e+00,  y: -1.578606328271053e-01
165121, 140721,Tag ID: deca0100c4b48784, x: 2.047534221073975e+00,  y: -1.252919657479979e+00
165122, 140721,Tag ID: deca0100c4b48784, x: 2.047534221073975e+00,  y: -1.252919657479979e+00
165122, 140721,Tag ID: deca0100c4b48784, x: 2.057692960766115e+00,  y: -1.282548545543227e+00
165122, 140721,Tag ID: deca0100c4b48784, x: 2.057692960766115e+00,  y: -1.282548545543227e+00
165122, 140721,[Represh]  x: 0.000000000000000e+00,  y: 0.000000000000000e+00
165122, 140721,Tag ID: deca0100c4b48784, x: 2.057692960766115e+00,  y: -1.282548545543227e+00
165122, 140721,Tag ID: deca0100c4b48784, x: 2.334279365412051e+00,  y: -5.022618844306653e-01
165122, 140721,Tag ID: deca0100c4b48784, x: 2.334279365412051e+00,  y: -5.022618844306653e-01
165122, 140721,Tag ID: deca0100c4b48784, x: 2.286871458240797e+00,  y: -6.472398984936690e-01
165122, 140721,Tag ID: deca0100c4b48784, x: 2.258751659527350e+00,  y: -6.880125362693514e-01
165122, 140721,Tag ID: deca0100c4b48784, x: 2.258751659527350e+00,  y: -6.880125362693514e-01
165122, 140721,Tag ID: deca0100c4b48784, x: 2.310977341048504e+00,  y: -6.218342366467867e-01
165123, 140721,Tag ID: deca0100c4b48784, x: 2.366116951523986e+00,  y: -4.498704869810729e-01
165123, 140721,[Represh]  x: 0.000000000000000e+00,  y: 0.000000000000000e+00
165123, 140721,Tag ID: deca0100c4b48784, x: 2.366116951523986e+00,  y: -4.498704869810729e-01
165123, 140721,Tag ID: deca0100c4b48784, x: 2.025881464291002e+00,  y: -1.403930445539363e+00
165123, 140721,Tag ID: deca0100c4b48784, x: 2.025881464291002e+00,  y: -1.403930445539363e+00
165123, 140721,Tag ID: deca0100c4b48784, x: 1.967249139431509e+00,  y: -1.466390808447276e+00
165123, 140721,Tag ID: deca0100c4b48784, x: 1.967249139431509e+00,  y: -1.466390808447276e+00
165123, 140721,[Represh]  x: 0.000000000000000e+00,  y: 0.000000000000000e+00
165123, 140721,Tag ID: deca0100c4b48784, x: 1.967249139431509e+00,  y: -1.466390808447276e+00
165123, 140721,Tag ID: deca0100c4b48784, x: 1.824337014348229e+00,  y: -1.625577295887454e+00
165123, 140721,Tag ID: deca0100c4b48784, x: 1.824337014348229e+00,  y: -1.625577295887454e+00
165123, 140721,Tag ID: deca0100c4b48784, x: 1.824337014348229e+00,  y: -1.625577295887454e+00
165123, 140721,[Represh]  x: 0.000000000000000e+00,  y: 0.000000000000000e+00
165123, 140721,Tag ID: deca0100c4b48784, x: 1.824337014348229e+00,  y: -1.625577295887454e+00
165123, 140721,Tag ID: deca0100c4b48784, x: 2.199071708381961e+00,  y: -3.219869864119111e-01
165124, 140721,Tag ID: deca0100c4b48784, x: 2.199071708381961e+00,  y: -3.219869864119111e-01
165124, 140721,Tag ID: deca0100c4b48784, x: 2.199071708381961e+00,  y: -3.219869864119111e-01
165124, 140721,[Represh]  x: 0.000000000000000e+00,  y: 0.000000000000000e+00
165124, 140721,Tag ID: deca0100c4b48784, x: 2.199071708381961e+00,  y: -3.219869864119111e-01
165124, 140721,Tag ID: deca0100c4b48784, x: 1.900939009576299e+00,  y: -1.258683406529746e+00
165124, 140721,Tag ID: deca0100c4b48784, x: 1.900939009576299e+00,  y: -1.258683406529746e+00
165124, 140721,Tag ID: deca0100c4b48784, x: 1.900939009576299e+00,  y: -1.258683406529746e+00
165124, 140721,Tag ID: deca0100c4b48784, x: 1.795871437096364e+00,  y: -1.363180565569908e+00
165125, 140721,[Represh]  x: 0.000000000000000e+00,  y: 0.000000000000000e+00
165125, 140721,Tag ID: deca0100c4b48784, x: 1.795871437096364e+00,  y: -1.363180565569908e+00
165125, 140721,Tag ID: deca0100c4b48784, x: 2.090849773256275e+00,  y: -2.624466852372743e-01
165125, 140721,Tag ID: deca0100c4b48784, x: 2.090849773256275e+00,  y: -2.624466852372743e-01
165125, 140721,Tag ID: deca0100c4b48784, x: 2.090849773256275e+00,  y: -2.624466852372743e-01
165125, 140721,[Represh]  x: 0.000000000000000e+00,  y: 0.000000000000000e+00
165125, 140721,Tag ID: deca0100c4b48784, x: 2.090849773256275e+00,  y: -2.624466852372743e-01
165125, 140721,Tag ID: deca0100c4b48784, x: 1.531734678389696e+00,  y: 3.294843977324506e-01
165125, 140721,Tag ID: deca0100c4b48784, x: 1.531734678389696e+00,  y: 3.294843977324506e-01
165125, 140721,Tag ID: deca0100c4b48784, x: 1.531734678389696e+00,  y: 3.294843977324506e-01
165125, 140721,[Represh]  x: 0.000000000000000e+00,  y: 0.000000000000000e+00
165125, 140721,Tag ID: deca0100c4b48784, x: 1.531734678389696e+00,  y: 3.294843977324506e-01
165125, 140721,Tag ID: deca0100c4b48784, x: 1.873538042240899e+00,  y: -5.574946071670510e-01
165126, 140721,Tag ID: deca0100c4b48784, x: 1.873538042240899e+00,  y: -5.574946071670510e-01
165126, 140721,Tag ID: deca0100c4b48784, x: 1.873538042240899e+00,  y: -5.574946071670510e-01
165126, 140721,[Represh]  x: 0.000000000000000e+00,  y: 0.000000000000000e+00
165126, 140721,Tag ID: deca0100c4b48784, x: 1.873538042240899e+00,  y: -5.574946071670510e-01
165126, 140721,Tag ID: deca0100c4b48784, x: 1.691712030297668e+00,  y: 9.067229812817386e-01
165126, 140721,Tag ID: deca0100c4b48784, x: 1.691712030297668e+00,  y: 9.067229812817386e-01
165126, 140721,Tag ID: deca0100c4b48784, x: 1.639191751946795e+00,  y: 1.037878419663999e+00
165126, 140721,Tag ID: deca0100c4b48784, x: 1.711488744615519e+00,  y: 8.785850781270099e-01
165126, 140721,Tag ID: deca0100c4b48784, x: 1.704151565603672e+00,  y: 9.673698665479897e-01
165126, 140721,Tag ID: deca0100c4b48784, x: 1.732066516878178e+00,  y: 9.930103740528189e-01
165126, 140721,Tag ID: deca0100c4b48784, x: 1.731903627034810e+00,  y: 9.723821960571593e-01
165126, 140721,Tag ID: deca0100c4b48784, x: 1.716848677380179e+00,  y: 1.067341110742816e+00
165127, 140721,Tag ID: deca0100c4b48784, x: 1.641620720599681e+00,  y: 1.078762390312676e+00
165127, 140721,Tag ID: deca0100c4b48784, x: 1.641620720599681e+00,  y: 1.078762390312676e+00
165127, 140721,[Represh]  x: 0.000000000000000e+00,  y: 0.000000000000000e+00
165127, 140721,Tag ID: deca0100c4b48784, x: 1.641620720599681e+00,  y: 1.078762390312676e+00
165127, 140721,Tag ID: deca0100c4b48784, x: 2.185201102879478e+00,  y: -4.978679862898439e-02
165127, 140721,Tag ID: deca0100c4b48784, x: 2.185201102879478e+00,  y: -4.978679862898439e-02
165127, 140721,Tag ID: deca0100c4b48784, x: 2.179119638535979e+00,  y: 3.551180898320594e-02
165127, 140721,Tag ID: deca0100c4b48784, x: 2.223025749072875e+00,  y: -6.965926148407964e-03
165127, 140721,Tag ID: deca0100c4b48784, x: 2.251082957191342e+00,  y: 3.920922632502044e-02
165128, 140721,Tag ID: deca0100c4b48784, x: 2.186111293831211e+00,  y: -8.040744381446530e-02
165128, 140721,Tag ID: deca0100c4b48784, x: 2.201074043834075e+00,  y: -8.743758057853612e-02
165128, 140721,Tag ID: deca0100c4b48784, x: 2.214959842870253e+00,  y: -1.896254664875481e-01
165128, 140721,Tag ID: deca0100c4b48784, x: 2.217379426384356e+00,  y: -1.939876746090703e-01
165128, 140721,Tag ID: deca0100c4b48784, x: 2.242252594764377e+00,  y: -1.722089042313326e-01
165128, 140721,Tag ID: deca0100c4b48784, x: 2.240894347480463e+00,  y: -1.187889393110542e-03
165128, 140721,Tag ID: deca0100c4b48784, x: 2.234578573438268e+00,  y: 4.456779289413404e-02
165128, 140721,Tag ID: deca0100c4b48784, x: 2.242216956158053e+00,  y: 1.645477599684780e-01
165128, 140721,Tag ID: deca0100c4b48784, x: 2.232236653629422e+00,  y: 9.563784760735050e-03
165128, 140721,Tag ID: deca0100c4b48784, x: 2.292498065825153e+00,  y: 7.187853588856852e-02
165129, 140721,Tag ID: deca0100c4b48784, x: 2.292498065825153e+00,  y: 7.187853588856852e-02
165129, 140721,Tag ID: deca0100c4b48784, x: 2.177421085273068e+00,  y: 2.572736714558799e-02
165129, 140721,[Represh]  x: 0.000000000000000e+00,  y: 0.000000000000000e+00
165129, 140721,Tag ID: deca0100c4b48784, x: 2.177421085273068e+00,  y: 2.572736714558799e-02
165129, 140721,Tag ID: deca0100c4b48784, x: 2.531054537851178e+00,  y: 5.017453282964718e-02
165129, 140721,Tag ID: deca0100c4b48784, x: 2.531054537851178e+00,  y: 5.017453282964718e-02
165129, 140721,Tag ID: deca0100c4b48784, x: 2.531054537851178e+00,  y: 5.017453282964718e-02
165129, 140721,[Represh]  x: 0.000000000000000e+00,  y: 0.000000000000000e+00
165129, 140721,Tag ID: deca0100c4b48784, x: 2.531054537851178e+00,  y: 5.017453282964718e-02
165129, 140721,Tag ID: deca0100c4b48784, x: 2.325078675658927e+00,  y: -3.460973443038129e-01
165129, 140721,Tag ID: deca0100c4b48784, x: 2.325078675658927e+00,  y: -3.460973443038129e-01
165130, 140721,Tag ID: deca0100c4b48784, x: 2.356338321963782e+00,  y: -4.240478422495432e-01
165130, 140721,Tag ID: deca0100c4b48784, x: 2.306483704612194e+00,  y: -3.765206770217868e-01
165130, 140721,Tag ID: deca0100c4b48784, x: 2.332042196784629e+00,  y: -1.924891489556546e-01
165130, 140721,Tag ID: deca0100c4b48784, x: 2.381940807979504e+00,  y: -4.181200767302680e-01
165130, 140721,Tag ID: deca0100c4b48784, x: 2.403033511867485e+00,  y: -3.530105270437365e-01
165130, 140721,Tag ID: deca0100c4b48784, x: 2.436492091445959e+00,  y: -2.893766520645280e-01
165130, 140721,Tag ID: deca0100c4b48784, x: 2.460103206342068e+00,  y: -1.673819621472987e-01
165130, 140721,Tag ID: deca0100c4b48784, x: 2.487511284689299e+00,  y: -1.371532849901524e-01
165130, 140721,Tag ID: deca0100c4b48784, x: 2.491941461887851e+00,  y: -1.400883239758464e-01
165130, 140721,Tag ID: deca0100c4b48784, x: 2.505876811306452e+00,  y: -1.855606646014785e-01
165131, 140721,Tag ID: deca0100c4b48784, x: 2.576977844430500e+00,  y: -1.374548148677901e-01
165131, 140721,Tag ID: deca0100c4b48784, x: 2.629747768031526e+00,  y: -1.072536287753809e-01
165131, 140721,Tag ID: deca0100c4b48784, x: 2.708659701145677e+00,  y: -9.966417867656685e-02
165131, 140721,Tag ID: deca0100c4b48784, x: 2.739578217171713e+00,  y: -2.471570131321097e-01
165131, 140721,Tag ID: deca0100c4b48784, x: 2.770584988888024e+00,  y: -1.053554009610722e-01
165131, 140721,Tag ID: deca0100c4b48784, x: 2.721072158873830e+00,  y: -1.210624699140322e-01
165131, 140721,Tag ID: deca0100c4b48784, x: 2.780874736611954e+00,  y: -2.281456666913231e-01
165131, 140721,Tag ID: deca0100c4b48784, x: 2.780874736611954e+00,  y: -2.281456666913231e-01
165131, 140721,[Represh]  x: 0.000000000000000e+00,  y: 0.000000000000000e+00
165131, 140721,Tag ID: deca0100c4b48784, x: 2.780874736611954e+00,  y: -2.281456666913231e-01
165131, 140721,Tag ID: deca0100c4b48784, x: 2.591570744658014e+00,  y: -4.357338424899835e-01
165132, 140721,Tag ID: deca0100c4b48784, x: 2.591570744658014e+00,  y: -4.357338424899835e-01
165132, 140721,Tag ID: deca0100c4b48784, x: 2.591570744658014e+00,  y: -4.357338424899835e-01
165132, 140721,Tag ID: deca0100c4b48784, x: 2.478449857223933e+00,  y: -4.806088879734434e-01
165132, 140721,[Represh]  x: 0.000000000000000e+00,  y: 0.000000000000000e+00
165132, 140721,Tag ID: deca0100c4b48784, x: 2.478449857223933e+00,  y: -4.806088879734434e-01
165132, 140721,Tag ID: deca0100c4b48784, x: 2.516830251203899e+00,  y: -4.594723750913743e-01
165132, 140721,Tag ID: deca0100c4b48784, x: 2.516830251203899e+00,  y: -4.594723750913743e-01
165132, 140721,Tag ID: deca0100c4b48784, x: 2.462107497203444e+00,  y: -4.998591455574801e-01
165132, 140721,Tag ID: deca0100c4b48784, x: 2.498643546356682e+00,  y: -4.847860031938631e-01
165132, 140721,Tag ID: deca0100c4b48784, x: 2.498643546356682e+00,  y: -4.847860031938631e-01
165132, 140721,[Represh]  x: 0.000000000000000e+00,  y: 0.000000000000000e+00
165132, 140721,Tag ID: deca0100c4b48784, x: 2.498643546356682e+00,  y: -4.847860031938631e-01
165132, 140721,Tag ID: deca0100c4b48784, x: 2.122588237998032e+00,  y: -2.095413952357886e+00
165133, 140721,Tag ID: deca0100c4b48784, x: 2.122588237998032e+00,  y: -2.095413952357886e+00
165133, 140721,Tag ID: deca0100c4b48784, x: 2.122588237998032e+00,  y: -2.095413952357886e+00
165133, 140721,[Represh]  x: 0.000000000000000e+00,  y: 0.000000000000000e+00
165133, 140721,Tag ID: deca0100c4b48784, x: 2.122588237998032e+00,  y: -2.095413952357886e+00
165133, 140721,Tag ID: deca0100c4b48784, x: 2.392440866876146e+00,  y: -5.908023469090500e-01
165133, 140721,Tag ID: deca0100c4b48784, x: 2.392440866876146e+00,  y: -5.908023469090500e-01
165133, 140721,Tag ID: deca0100c4b48784, x: 2.383043672388658e+00,  y: -5.685601552931629e-01
165133, 140721,Tag ID: deca0100c4b48784, x: 2.337355952834920e+00,  y: -5.768392488408007e-01
165133, 140721,Tag ID: deca0100c4b48784, x: 2.361057391079181e+00,  y: -4.614772727197556e-01
165133, 140721,Tag ID: deca0100c4b48784, x: 2.407555554240291e+00,  y: -5.580177120934193e-01
165133, 140721,Tag ID: deca0100c4b48784, x: 2.389275293979754e+00,  y: -5.629566390227907e-01
165134, 140721,Tag ID: deca0100c4b48784, x: 2.395683845885932e+00,  y: -5.117060691339419e-01
165134, 140721,Tag ID: deca0100c4b48784, x: 2.367249085511342e+00,  y: -5.243423982139226e-01
165134, 140721,Tag ID: deca0100c4b48784, x: 2.380821727948276e+00,  y: -5.721340771718411e-01
165134, 140721,Tag ID: deca0100c4b48784, x: 2.381493516351312e+00,  y: -5.826192101518215e-01
165134, 140721,Tag ID: deca0100c4b48784, x: 2.353197718147402e+00,  y: -6.695539547304379e-01
165134, 140721,Tag ID: deca0100c4b48784, x: 2.367930994197042e+00,  y: -6.374227538705624e-01
165134, 140721,Tag ID: deca0100c4b48784, x: 2.383230348634658e+00,  y: -5.476978905000411e-01
165134, 140721,Tag ID: deca0100c4b48784, x: 2.379027787910232e+00,  y: -5.475156904297558e-01
165134, 140721,Tag ID: deca0100c4b48784, x: 2.343432472253430e+00,  y: -5.378057304994970e-01
165134, 140721,Tag ID: deca0100c4b48784, x: 2.407826059954185e+00,  y: -4.537274142980325e-01
165134, 140721,Tag ID: deca0100c4b48784, x: 2.348712538391684e+00,  y: -4.641383074772603e-01
165135, 140721,Tag ID: deca0100c4b48784, x: 2.445010471340363e+00,  y: -4.464595941868414e-01
165135, 140721,Tag ID: deca0100c4b48784, x: 2.416936722180231e+00,  y: -3.482062587682953e-01
165135, 140721,Tag ID: deca0100c4b48784, x: 2.399822859575820e+00,  y: -4.699296626428908e-01
165135, 140721,Tag ID: deca0100c4b48784, x: 2.421464468931824e+00,  y: -4.090247515788970e-01
165135, 140721,Tag ID: deca0100c4b48784, x: 2.418273033351375e+00,  y: -3.901967737793548e-01
165135, 140721,Tag ID: deca0100c4b48784, x: 2.399575721395834e+00,  y: -4.356713746003642e-01
165135, 140721,Tag ID: deca0100c4b48784, x: 2.367841032141663e+00,  y: -3.316546696129121e-01
165135, 140721,Tag ID: deca0100c4b48784, x: 2.367841032141663e+00,  y: -3.316546696129121e-01
165135, 140721,[Represh]  x: 0.000000000000000e+00,  y: 0.000000000000000e+00
165135, 140721,Tag ID: deca0100c4b48784, x: 2.367841032141663e+00,  y: -3.316546696129121e-01
165135, 140721,Tag ID: deca0100c4b48784, x: 2.341093092736962e+00,  y: -5.400018237235265e-01
165136, 140721,Tag ID: deca0100c4b48784, x: 2.341093092736962e+00,  y: -5.400018237235265e-01
165136, 140721,Tag ID: deca0100c4b48784, x: 2.345462585046750e+00,  y: -4.199805566233836e-01
165136, 140721,Tag ID: deca0100c4b48784, x: 2.324996175298295e+00,  y: -5.577878860873917e-01
165136, 140721,Tag ID: deca0100c4b48784, x: 2.333886599252098e+00,  y: -4.016152577064003e-01
165136, 140721,Tag ID: deca0100c4b48784, x: 2.305010691203015e+00,  y: -5.122896299997066e-01
165136, 140721,Tag ID: deca0100c4b48784, x: 2.293661731820009e+00,  y: -4.568621101788954e-01
165136, 140721,Tag ID: deca0100c4b48784, x: 2.281833423230241e+00,  y: -4.828287864890848e-01
165136, 140721,Tag ID: deca0100c4b48784, x: 2.242092172359163e+00,  y: -4.555476164772712e-01
165136, 140721,Tag ID: deca0100c4b48784, x: 2.284476416186184e+00,  y: -3.350971268681362e-01
165136, 140721,Tag ID: deca0100c4b48784, x: 2.284476416186184e+00,  y: -3.350971268681362e-01
165137, 140721,[Represh]  x: 0.000000000000000e+00,  y: 0.000000000000000e+00
165137, 140721,Tag ID: deca0100c4b48784, x: 2.284476416186184e+00,  y: -3.350971268681362e-01
165137, 140721,Tag ID: deca0100c4b48784, x: 1.980715518925653e+00,  y: -1.067848005786598e+00
165137, 140721,Tag ID: deca0100c4b48784, x: 1.980715518925653e+00,  y: -1.067848005786598e+00
165137, 140721,Tag ID: deca0100c4b48784, x: 2.053029341305547e+00,  y: -9.665417585370537e-01
165137, 140721,Tag ID: deca0100c4b48784, x: 2.050220470968985e+00,  y: -9.826198073393209e-01
165137, 140721,Tag ID: deca0100c4b48784, x: 1.989786291223234e+00,  y: -1.123801713981174e+00
165137, 140721,Tag ID: deca0100c4b48784, x: 1.989786291223234e+00,  y: -1.123801713981174e+00
165137, 140721,[Represh]  x: 0.000000000000000e+00,  y: 0.000000000000000e+00
165137, 140721,Tag ID: deca0100c4b48784, x: 1.989786291223234e+00,  y: -1.123801713981174e+00
165137, 140721,Tag ID: deca0100c4b48784, x: 1.878616868444722e+00,  y: -1.430844901615231e+00
165137, 140721,Tag ID: deca0100c4b48784, x: 1.878616868444722e+00,  y: -1.430844901615231e+00
165137, 140721,Tag ID: deca0100c4b48784, x: 1.882537761364366e+00,  y: -1.359115819424092e+00
165138, 140721,Tag ID: deca0100c4b48784, x: 1.852055348717109e+00,  y: -1.443101311178525e+00
165138, 140721,Tag ID: deca0100c4b48784, x: 1.852055348717109e+00,  y: -1.443101311178525e+00
165138, 140721,[Represh]  x: 0.000000000000000e+00,  y: 0.000000000000000e+00
165138, 140721,Tag ID: deca0100c4b48784, x: 1.852055348717109e+00,  y: -1.443101311178525e+00
165138, 140721,Tag ID: deca0100c4b48784, x: 1.374215158755365e+00,  y: -2.309284496807007e+00
165138, 140721,Tag ID: deca0100c4b48784, x: 1.374215158755365e+00,  y: -2.309284496807007e+00
165138, 140721,Tag ID: deca0100c4b48784, x: 1.425875613961513e+00,  y: -2.177835853351190e+00
165138, 140721,Tag ID: deca0100c4b48784, x: 1.425875613961513e+00,  y: -2.177835853351190e+00
165138, 140721,[Represh]  x: 0.000000000000000e+00,  y: 0.000000000000000e+00
165138, 140721,Tag ID: deca0100c4b48784, x: 1.425875613961513e+00,  y: -2.177835853351190e+00
165139, 140721,Tag ID: deca0100c4b48784, x: 1.736478432407187e+00,  y: -1.660553370903708e+00
165139, 140721,Tag ID: deca0100c4b48784, x: 1.736478432407187e+00,  y: -1.660553370903708e+00
165139, 140721,Tag ID: deca0100c4b48784, x: 1.736478432407187e+00,  y: -1.660553370903708e+00
165139, 140721,[Represh]  x: 0.000000000000000e+00,  y: 0.000000000000000e+00
165139, 140721,Tag ID: deca0100c4b48784, x: 1.736478432407187e+00,  y: -1.660553370903708e+00
165139, 140721,Tag ID: deca0100c4b48784, x: 1.749827051770833e+00,  y: 7.730687352443553e-01
165139, 140721,Tag ID: deca0100c4b48784, x: 1.749827051770833e+00,  y: 7.730687352443553e-01
165139, 140721,Tag ID: deca0100c4b48784, x: 1.772276976194054e+00,  y: 7.356755167047667e-01
165139, 140721,Tag ID: deca0100c4b48784, x: 1.820035364997580e+00,  y: 7.702276747511371e-01
165139, 140721,Tag ID: deca0100c4b48784, x: 1.824080017235737e+00,  y: 7.726482341170741e-01
165140, 140721,Tag ID: deca0100c4b48784, x: 1.892200763193696e+00,  y: 7.161767097028079e-01
165140, 140721,Tag ID: deca0100c4b48784, x: 1.892200763193696e+00,  y: 7.161767097028079e-01
165140, 140721,[Represh]  x: 0.000000000000000e+00,  y: 0.000000000000000e+00
165140, 140721,Tag ID: deca0100c4b48784, x: 1.892200763193696e+00,  y: 7.161767097028079e-01
165140, 140721,Tag ID: deca0100c4b48784, x: 1.795256620682990e+00,  y: 9.287036231232142e-01
165140, 140721,Tag ID: deca0100c4b48784, x: 1.795256620682990e+00,  y: 9.287036231232142e-01
165140, 140721,Tag ID: deca0100c4b48784, x: 1.808916473041072e+00,  y: 9.483568068624583e-01
165140, 140721,Tag ID: deca0100c4b48784, x: 1.780660057221622e+00,  y: 9.467883237773781e-01
165140, 140721,Tag ID: deca0100c4b48784, x: 1.811941043834324e+00,  y: 1.052930191143920e+00
165140, 140721,Tag ID: deca0100c4b48784, x: 1.848938240782484e+00,  y: 1.024788293862875e+00
165140, 140721,Tag ID: deca0100c4b48784, x: 1.842025499357753e+00,  y: 1.010791766648428e+00
165141, 140721,Tag ID: deca0100c4b48784, x: 1.874817749595663e+00,  y: 9.861115176724720e-01
165141, 140721,Tag ID: deca0100c4b48784, x: 1.839435512487051e+00,  y: 1.072733066104123e+00
165141, 140721,Tag ID: deca0100c4b48784, x: 1.839435512487051e+00,  y: 1.072733066104123e+00
165141, 140721,[Represh]  x: 0.000000000000000e+00,  y: 0.000000000000000e+00
165141, 140721,Tag ID: deca0100c4b48784, x: 1.839435512487051e+00,  y: 1.072733066104123e+00
165141, 140721,Tag ID: deca0100c4b48784, x: 2.284546223041672e+00,  y: 2.143153069599912e-02
165141, 140721,Tag ID: deca0100c4b48784, x: 2.284546223041672e+00,  y: 2.143153069599912e-02
165141, 140721,Tag ID: deca0100c4b48784, x: 2.279503241189173e+00,  y: -2.359808248975004e-02
165141, 140721,Tag ID: deca0100c4b48784, x: 2.279503241189173e+00,  y: -2.359808248975004e-02
165141, 140721,[Represh]  x: 0.000000000000000e+00,  y: 0.000000000000000e+00
165141, 140721,Tag ID: deca0100c4b48784, x: 2.279503241189173e+00,  y: -2.359808248975004e-02
165141, 140721,Tag ID: deca0100c4b48784, x: 2.331521080874542e+00,  y: -2.517894166458525e-01
165141, 140721,Tag ID: deca0100c4b48784, x: 2.331521080874542e+00,  y: -2.517894166458525e-01
165141, 140721,Tag ID: deca0100c4b48784, x: 2.331521080874542e+00,  y: -2.517894166458525e-01
165142, 140721,Tag ID: deca0100c4b48784, x: 2.386120261131745e+00,  y: -2.254868160744943e-01
165142, 140721,[Represh]  x: 0.000000000000000e+00,  y: 0.000000000000000e+00
165142, 140721,Tag ID: deca0100c4b48784, x: 2.386120261131745e+00,  y: -2.254868160744943e-01
165142, 140721,Tag ID: deca0100c4b48784, x: 2.561848393559440e+00,  y: 1.132120457288253e-01
165142, 140721,Tag ID: deca0100c4b48784, x: 2.561848393559440e+00,  y: 1.132120457288253e-01
165142, 140721,Tag ID: deca0100c4b48784, x: 2.561848393559440e+00,  y: 1.132120457288253e-01
165142, 140721,[Represh]  x: 0.000000000000000e+00,  y: 0.000000000000000e+00
165142, 140721,Tag ID: deca0100c4b48784, x: 2.561848393559440e+00,  y: 1.132120457288253e-01
165142, 140721,Tag ID: deca0100c4b48784, x: 2.458269011367028e+00,  y: -1.975253622212365e-01
165142, 140721,Tag ID: deca0100c4b48784, x: 2.458269011367028e+00,  y: -1.975253622212365e-01
165142, 140721,Tag ID: deca0100c4b48784, x: 2.483946372811176e+00,  y: -7.013297597358692e-02
165142, 140721,Tag ID: deca0100c4b48784, x: 2.490891846873010e+00,  y: -1.819698842451993e-01
165143, 140721,Tag ID: deca0100c4b48784, x: 2.487602612231425e+00,  y: -3.032931848901144e-01
165143, 140721,Tag ID: deca0100c4b48784, x: 2.375374430264120e+00,  y: -2.981212650136054e-01
165143, 140721,Tag ID: deca0100c4b48784, x: 2.399154795890360e+00,  y: -1.751070372177214e-01
165143, 140721,Tag ID: deca0100c4b48784, x: 2.399154795890360e+00,  y: -1.751070372177214e-01
165143, 140721,[Represh]  x: 0.000000000000000e+00,  y: 0.000000000000000e+00
165143, 140721,Tag ID: deca0100c4b48784, x: 2.399154795890360e+00,  y: -1.751070372177214e-01
165143, 140721,Tag ID: deca0100c4b48784, x: 2.618817848365031e+00,  y: -9.496732454475414e-01
165143, 140721,Tag ID: deca0100c4b48784, x: 2.618817848365031e+00,  y: -9.496732454475414e-01
165143, 140721,Tag ID: deca0100c4b48784, x: 2.618817848365031e+00,  y: -9.496732454475414e-01
165143, 140721,[Represh]  x: 0.000000000000000e+00,  y: 0.000000000000000e+00
165143, 140721,Tag ID: deca0100c4b48784, x: 2.618817848365031e+00,  y: -9.496732454475414e-01
165144, 140721,Tag ID: deca0100c4b48784, x: 2.735645046963711e+00,  y: 4.145233593186370e-02
165144, 140721,Tag ID: deca0100c4b48784, x: 2.735645046963711e+00,  y: 4.145233593186370e-02
165144, 140721,Tag ID: deca0100c4b48784, x: 2.735645046963711e+00,  y: 4.145233593186370e-02
165144, 140721,[Represh]  x: 0.000000000000000e+00,  y: 0.000000000000000e+00
165144, 140721,Tag ID: deca0100c4b48784, x: 2.735645046963711e+00,  y: 4.145233593186370e-02
165144, 140721,Tag ID: deca0100c4b48784, x: 3.125758830020726e+00,  y: 5.680152230776575e-02
165144, 140721,Tag ID: deca0100c4b48784, x: 3.125758830020726e+00,  y: 5.680152230776575e-02
165144, 140721,Tag ID: deca0100c4b48784, x: 3.125758830020726e+00,  y: 5.680152230776575e-02
165144, 140721,[Represh]  x: 0.000000000000000e+00,  y: 0.000000000000000e+00
165144, 140721,Tag ID: deca0100c4b48784, x: 3.125758830020726e+00,  y: 5.680152230776575e-02
165144, 140721,Tag ID: deca0100c4b48784, x: 2.254066542889630e+00,  y: -1.906766704775018e+00
165144, 140721,Tag ID: deca0100c4b48784, x: 2.254066542889630e+00,  y: -1.906766704775018e+00
165145, 140721,Tag ID: deca0100c4b48784, x: 2.194009396281832e+00,  y: -1.916226891223223e+00
165145, 140721,Tag ID: deca0100c4b48784, x: 2.228517699942764e+00,  y: -1.825627317432822e+00
165145, 140721,Tag ID: deca0100c4b48784, x: 2.228517699942764e+00,  y: -1.825627317432822e+00
165145, 140721,[Represh]  x: 0.000000000000000e+00,  y: 0.000000000000000e+00
165145, 140721,Tag ID: deca0100c4b48784, x: 2.228517699942764e+00,  y: -1.825627317432822e+00
165145, 140721,Tag ID: deca0100c4b48784, x: 2.416074192809810e+00,  y: -5.401083197492604e-01
165145, 140721,Tag ID: deca0100c4b48784, x: 2.416074192809810e+00,  y: -5.401083197492604e-01
165145, 140721,Tag ID: deca0100c4b48784, x: 2.426465016650812e+00,  y: -3.488987984366178e-01
165145, 140721,Tag ID: deca0100c4b48784, x: 2.389666681938873e+00,  y: -3.429375836265647e-01
165145, 140721,Tag ID: deca0100c4b48784, x: 2.397719353720769e+00,  y: -3.875186341068533e-01
165145, 140721,Tag ID: deca0100c4b48784, x: 2.413768329726916e+00,  y: -3.720909863926473e-01
165145, 140721,Tag ID: deca0100c4b48784, x: 2.418551090385432e+00,  y: -3.825337157935367e-01
165146, 140721,Tag ID: deca0100c4b48784, x: 2.373384615718806e+00,  y: -4.303204453998055e-01
165146, 140721,Tag ID: deca0100c4b48784, x: 2.354348564426259e+00,  y: -5.850284849002723e-01
165146, 140721,Tag ID: deca0100c4b48784, x: 2.362377732798506e+00,  y: -5.915741283742106e-01
165146, 140721,Tag ID: deca0100c4b48784, x: 2.317904152281189e+00,  y: -6.409538112987461e-01
165146, 140721,Tag ID: deca0100c4b48784, x: 2.360204218454011e+00,  y: -5.747304205365888e-01
165146, 140721,Tag ID: deca0100c4b48784, x: 2.358684926101329e+00,  y: -5.339906409028664e-01
165146, 140721,Tag ID: deca0100c4b48784, x: 2.358865815117845e+00,  y: -5.615433199718266e-01
165146, 140721,Tag ID: deca0100c4b48784, x: 2.368333628848846e+00,  y: -4.800066811388635e-01
165146, 140721,Tag ID: deca0100c4b48784, x: 2.408198021027199e+00,  y: -5.039132080305420e-01
165146, 140721,Tag ID: deca0100c4b48784, x: 2.436582584613174e+00,  y: -3.403992028908009e-01
165146, 140721,Tag ID: deca0100c4b48784, x: 2.387378823426245e+00,  y: -5.056480323652729e-01
165147, 140721,Tag ID: deca0100c4b48784, x: 2.342786684226844e+00,  y: -4.965935343515325e-01
165147, 140721,Tag ID: deca0100c4b48784, x: 2.361404991332654e+00,  y: -4.696122347986158e-01
165147, 140721,Tag ID: deca0100c4b48784, x: 2.319965308307532e+00,  y: -5.328517483722369e-01
165147, 140721,Tag ID: deca0100c4b48784, x: 2.327039228665472e+00,  y: -4.992843828992495e-01
165147, 140721,Tag ID: deca0100c4b48784, x: 2.350166647394559e+00,  y: -4.949083372554099e-01
165147, 140721,Tag ID: deca0100c4b48784, x: 2.365256586383783e+00,  y: -5.518870706078548e-01
165147, 140721,Tag ID: deca0100c4b48784, x: 2.319253496051878e+00,  y: -4.959401641704475e-01
165147, 140721,Tag ID: deca0100c4b48784, x: 2.347050241958603e+00,  y: -4.191797070541499e-01
165147, 140721,Tag ID: deca0100c4b48784, x: 2.305670774380968e+00,  y: -4.777751941898805e-01
165147, 140721,Tag ID: deca0100c4b48784, x: 2.292211306408855e+00,  y: -4.585063891134221e-01
165148, 140721,Tag ID: deca0100c4b48784, x: 2.232938355840858e+00,  y: -4.167910799577070e-01
165148, 140721,Tag ID: deca0100c4b48784, x: 2.271495925982832e+00,  y: -2.397604319764850e-01
165148, 140721,Tag ID: deca0100c4b48784, x: 2.273595911269665e+00,  y: -3.166696656347272e-01
165148, 140721,Tag ID: deca0100c4b48784, x: 2.273595911269665e+00,  y: -3.166696656347272e-01
165148, 140721,Tag ID: deca0100c4b48784, x: 2.292133610394884e+00,  y: -2.119552292365987e-01
165148, 140721,Tag ID: deca0100c4b48784, x: 2.282546862781148e+00,  y: -2.805181955903464e-01
165148, 140721,[Represh]  x: 0.000000000000000e+00,  y: 0.000000000000000e+00
165148, 140721,Tag ID: deca0100c4b48784, x: 2.282546862781148e+00,  y: -2.805181955903464e-01
165148, 140721,Tag ID: deca0100c4b48784, x: -1.220940429875095e-01,  y: -4.287680581661823e+00
165148, 140721,Tag ID: deca0100c4b48784, x: -1.220940429875095e-01,  y: -4.287680581661823e+00
165148, 140721,Tag ID: deca0100c4b48784, x: -1.220940429875095e-01,  y: -4.287680581661823e+00
165149, 140721,[Represh]  x: 0.000000000000000e+00,  y: 0.000000000000000e+00
165149, 140721,Tag ID: deca0100c4b48784, x: -1.220940429875095e-01,  y: -4.287680581661823e+00
165149, 140721,Tag ID: deca0100c4b48784, x: 1.890920161790051e+00,  y: -1.284792310187354e+00
165149, 140721,Tag ID: deca0100c4b48784, x: 1.890920161790051e+00,  y: -1.284792310187354e+00
165149, 140721,Tag ID: deca0100c4b48784, x: 1.890920161790051e+00,  y: -1.284792310187354e+00
165149, 140721,[Represh]  x: 0.000000000000000e+00,  y: 0.000000000000000e+00
165149, 140721,Tag ID: deca0100c4b48784, x: 1.890920161790051e+00,  y: -1.284792310187354e+00
165149, 140721,Tag ID: deca0100c4b48784, x: -1.860071338913814e-01,  y: -4.208127800020645e+00
165149, 140721,Tag ID: deca0100c4b48784, x: -1.860071338913814e-01,  y: -4.208127800020645e+00
165149, 140721,Tag ID: deca0100c4b48784, x: -1.860071338913814e-01,  y: -4.208127800020645e+00
165149, 140721,[Represh]  x: 0.000000000000000e+00,  y: 0.000000000000000e+00
165149, 140721,Tag ID: deca0100c4b48784, x: -1.860071338913814e-01,  y: -4.208127800020645e+00
165149, 140721,Tag ID: deca0100c4b48784, x: 1.887058628431029e+00,  y: -1.209876654520502e+00
165150, 140721,Tag ID: deca0100c4b48784, x: 1.887058628431029e+00,  y: -1.209876654520502e+00
165150, 140721,Tag ID: deca0100c4b48784, x: 1.887058628431029e+00,  y: -1.209876654520502e+00
165150, 140721,[Represh]  x: 0.000000000000000e+00,  y: 0.000000000000000e+00
165150, 140721,Tag ID: deca0100c4b48784, x: 1.887058628431029e+00,  y: -1.209876654520502e+00
165150, 140721,Tag ID: deca0100c4b48784, x: 1.731052420237929e+00,  y: 1.154772826746235e-01
165150, 140721,Tag ID: deca0100c4b48784, x: 1.731052420237929e+00,  y: 1.154772826746235e-01
165150, 140721,Tag ID: deca0100c4b48784, x: 1.728307617234868e+00,  y: -3.048195040819224e-02
165150, 140721,Tag ID: deca0100c4b48784, x: 1.711399508082772e+00,  y: -1.889702340352284e-01
165150, 140721,Tag ID: deca0100c4b48784, x: 1.711399508082772e+00,  y: -1.889702340352284e-01
165150, 140721,[Represh]  x: 0.000000000000000e+00,  y: 0.000000000000000e+00
165150, 140721,Tag ID: deca0100c4b48784, x: 1.711399508082772e+00,  y: -1.889702340352284e-01
165150, 140721,Tag ID: deca0100c4b48784, x: 1.799287157525463e+00,  y: 8.441415386235511e-01
165150, 140721,Tag ID: deca0100c4b48784, x: 1.799287157525463e+00,  y: 8.441415386235511e-01
165151, 140721,Tag ID: deca0100c4b48784, x: 1.767708192893396e+00,  y: 9.466969098867887e-01
165151, 140721,Tag ID: deca0100c4b48784, x: 1.748068512530680e+00,  y: 1.080669505306982e+00
165151, 140721,Tag ID: deca0100c4b48784, x: 1.788824395980843e+00,  y: 9.986789214469417e-01
165151, 140721,Tag ID: deca0100c4b48784, x: 1.825045541577236e+00,  y: 1.010499409879005e+00
165151, 140721,Tag ID: deca0100c4b48784, x: 1.848234061959187e+00,  y: 9.292895565367254e-01
165151, 140721,Tag ID: deca0100c4b48784, x: 1.882785915628942e+00,  y: 9.405522993072173e-01
165151, 140721,Tag ID: deca0100c4b48784, x: 1.869057633617557e+00,  y: 9.344200775551009e-01
165151, 140721,Tag ID: deca0100c4b48784, x: 1.849609237429939e+00,  y: 9.961937761522424e-01
165151, 140721,Tag ID: deca0100c4b48784, x: 1.854394486183081e+00,  y: 9.770855383298034e-01
165151, 140721,Tag ID: deca0100c4b48784, x: 1.816276788248977e+00,  y: 1.077263538618507e+00
165152, 140721,Tag ID: deca0100c4b48784, x: 1.816276788248977e+00,  y: 1.077263538618507e+00
165152, 140721,[Represh]  x: 0.000000000000000e+00,  y: 0.000000000000000e+00
165152, 140721,Tag ID: deca0100c4b48784, x: 1.816276788248977e+00,  y: 1.077263538618507e+00
165152, 140721,Tag ID: deca0100c4b48784, x: 2.279333794103800e+00,  y: -5.076932027834824e-02
165152, 140721,Tag ID: deca0100c4b48784, x: 2.279333794103800e+00,  y: -5.076932027834824e-02
165152, 140721,Tag ID: deca0100c4b48784, x: 2.279333794103800e+00,  y: -5.076932027834824e-02
165152, 140721,Tag ID: deca0100c4b48784, x: 2.215838746939870e+00,  y: 4.504121945850226e-02
165152, 140721,Tag ID: deca0100c4b48784, x: 2.242429065813001e+00,  y: 1.088032365927716e-01
165152, 140721,Tag ID: deca0100c4b48784, x: 2.233154192858220e+00,  y: -7.481619489972080e-02
165152, 140721,Tag ID: deca0100c4b48784, x: 2.303285101923480e+00,  y: -1.594920126198769e-01
165152, 140721,Tag ID: deca0100c4b48784, x: 2.281500574763288e+00,  y: -2.840117358220614e-01
165153, 140721,[Represh]  x: 0.000000000000000e+00,  y: 0.000000000000000e+00
165153, 140721,Tag ID: deca0100c4b48784, x: 2.281500574763288e+00,  y: -2.840117358220614e-01
165153, 140721,Tag ID: deca0100c4b48784, x: 2.368257421837793e+00,  y: -2.021858295479393e-01
165153, 140721,Tag ID: deca0100c4b48784, x: 2.368257421837793e+00,  y: -2.021858295479393e-01
165153, 140721,Tag ID: deca0100c4b48784, x: 2.402408579295575e+00,  y: -2.516088041801026e-01
165153, 140721,Tag ID: deca0100c4b48784, x: 2.344915999089291e+00,  y: -1.866054701338008e-01
165153, 140721,Tag ID: deca0100c4b48784, x: 2.366660286854510e+00,  y: -1.653055255109045e-01
165153, 140721,Tag ID: deca0100c4b48784, x: 2.366660286854510e+00,  y: -1.653055255109045e-01
165153, 140721,Tag ID: deca0100c4b48784, x: 2.397756871040468e+00,  y: -7.520649820848291e-02
165153, 140721,Tag ID: deca0100c4b48784, x: 2.372906224201748e+00,  y: -7.993542437303125e-02
165153, 140721,[Represh]  x: 0.000000000000000e+00,  y: 0.000000000000000e+00
165153, 140721,Tag ID: deca0100c4b48784, x: 2.372906224201748e+00,  y: -7.993542437303125e-02
165154, 140721,Tag ID: deca0100c4b48784, x: 2.618492521534748e+00,  y: -5.619598560357009e-02
165154, 140721,Tag ID: deca0100c4b48784, x: 2.618492521534748e+00,  y: -5.619598560357009e-02
165154, 140721,Tag ID: deca0100c4b48784, x: 2.631655211018352e+00,  y: 3.260225118006010e-02
165154, 140721,Tag ID: deca0100c4b48784, x: 2.631655211018352e+00,  y: 3.260225118006010e-02
165154, 140721,[Represh]  x: 0.000000000000000e+00,  y: 0.000000000000000e+00
165154, 140721,Tag ID: deca0100c4b48784, x: 2.631655211018352e+00,  y: 3.260225118006010e-02
165154, 140721,Tag ID: deca0100c4b48784, x: 2.852290198088209e+00,  y: -2.857734519955984e-01
165154, 140721,Tag ID: deca0100c4b48784, x: 2.852290198088209e+00,  y: -2.857734519955984e-01
165154, 140721,Tag ID: deca0100c4b48784, x: 2.852290198088209e+00,  y: -2.857734519955984e-01
165154, 140721,[Represh]  x: 0.000000000000000e+00,  y: 0.000000000000000e+00
165154, 140721,Tag ID: deca0100c4b48784, x: 2.852290198088209e+00,  y: -2.857734519955984e-01
165154, 140721,Tag ID: deca0100c4b48784, x: 2.169669034422947e+00,  y: -2.565357672916091e+00
165155, 140721,Tag ID: deca0100c4b48784, x: 2.169669034422947e+00,  y: -2.565357672916091e+00
165155, 140721,Tag ID: deca0100c4b48784, x: 2.169669034422947e+00,  y: -2.565357672916091e+00
165155, 140721,[Represh]  x: 0.000000000000000e+00,  y: 0.000000000000000e+00
165155, 140721,Tag ID: deca0100c4b48784, x: 2.169669034422947e+00,  y: -2.565357672916091e+00
165155, 140721,Tag ID: deca0100c4b48784, x: 2.318582676320993e+00,  y: -1.605238298628675e+00
165155, 140721,Tag ID: deca0100c4b48784, x: 2.318582676320993e+00,  y: -1.605238298628675e+00
165155, 140721,Tag ID: deca0100c4b48784, x: 2.328540102352447e+00,  y: -1.637133974690168e+00
165155, 140721,Tag ID: deca0100c4b48784, x: 2.328540102352447e+00,  y: -1.637133974690168e+00
165155, 140721,[Represh]  x: 0.000000000000000e+00,  y: 0.000000000000000e+00
165155, 140721,Tag ID: deca0100c4b48784, x: 2.328540102352447e+00,  y: -1.637133974690168e+00
165155, 140721,Tag ID: deca0100c4b48784, x: 2.425353674604933e+00,  y: -5.718352882192002e-01
165156, 140721,Tag ID: deca0100c4b48784, x: 2.425353674604933e+00,  y: -5.718352882192002e-01
165156, 140721,Tag ID: deca0100c4b48784, x: 2.443065521846883e+00,  y: -4.955397275591009e-01
165156, 140721,Tag ID: deca0100c4b48784, x: 2.438458095857158e+00,  y: -4.076567162296865e-01
165156, 140721,Tag ID: deca0100c4b48784, x: 2.397649798983382e+00,  y: -4.467288557182257e-01
165156, 140721,Tag ID: deca0100c4b48784, x: 2.406142176234103e+00,  y: -4.915092911111683e-01
165156, 140721,Tag ID: deca0100c4b48784, x: 2.400880226983450e+00,  y: -5.983850251304936e-01
165156, 140721,Tag ID: deca0100c4b48784, x: 2.412635553896150e+00,  y: -5.630133728364344e-01
165156, 140721,Tag ID: deca0100c4b48784, x: 2.411567051265393e+00,  y: -4.441333585295704e-01
165156, 140721,Tag ID: deca0100c4b48784, x: 2.435983311801290e+00,  y: -5.682515461380048e-01
165156, 140721,Tag ID: deca0100c4b48784, x: 2.412603777509408e+00,  y: -6.369545422244167e-01
165156, 140721,Tag ID: deca0100c4b48784, x: 2.408901174764140e+00,  y: -6.005195441317408e-01
165157, 140721,Tag ID: deca0100c4b48784, x: 2.387132172352814e+00,  y: -6.857179261446944e-01
165157, 140721,Tag ID: deca0100c4b48784, x: 2.386145030756186e+00,  y: -6.730906860617893e-01
165157, 140721,Tag ID: deca0100c4b48784, x: 2.376449161862177e+00,  y: -5.763266180147664e-01
165157, 140721,Tag ID: deca0100c4b48784, x: 2.392525281909474e+00,  y: -5.904938018851573e-01
165157, 140721,Tag ID: deca0100c4b48784, x: 2.431062340551087e+00,  y: -5.306321194890476e-01
165157, 140721,Tag ID: deca0100c4b48784, x: 2.450011542885848e+00,  y: -5.203367888100954e-01
165157, 140721,Tag ID: deca0100c4b48784, x: 2.379583109207834e+00,  y: -4.417018640174706e-01
165157, 140721,Tag ID: deca0100c4b48784, x: 2.312746750859650e+00,  y: -5.351575635067349e-01
165157, 140721,Tag ID: deca0100c4b48784, x: 2.284917945201174e+00,  y: -6.