161518, 140721,deca0100c4b48784,  3.154435865668787e+00,  2.765117868548974e-01
161518, 140721,deca0100c4b48784,  3.065892087726106e+00,  -3.913632905704382e-02
161518, 140721,deca0100c4b48784,  3.220439057676314e+00,  2.491441464463303e-01
161518, 140721,deca0100c4b48784,  3.311921868756323e+00,  4.984749160213379e-01
161518, 140721,deca0100c4b48784,  3.163353840943387e+00,  1.747680455385939e-01
161518, 140721,deca0100c4b48784,  3.179885091741857e+00,  5.053296648117393e-02
161518, 140721,deca0100c4b48784,  3.232671426581778e+00,  1.967671273321098e-01
161518, 140721,deca0100c4b48784,  3.213259348442590e+00,  2.699767797042833e-02
161518, 140721,deca0100c4b48784,  3.296344417437914e+00,  2.477776356585308e-01
161518, 140721,deca0100c4b48784,  3.500146680062344e+00,  5.751266038068934e-01
161519, 140721,deca0100c4b48784,  3.264650207378225e+00,  2.124695022961503e-01
161519, 140721,deca0100c4b48784,  3.264650207378225e+00,  2.124695022961503e-01
161519, 140721,deca0100c4b48784,  3.317109739227552e+00,  1.349150188040380e-01
161519, 140721,deca0100c4b48784,  3.317109739227552e+00,  1.349150188040380e-01
161519, 140721,deca0100c4b48784,  3.349746895270742e+00,  1.737698467376012e-01
161519, 140721,deca0100c4b48784,  3.219622482972170e+00,  1.242741491746558e-01
161519, 140721,deca0100c4b48784,  3.219622482972170e+00,  1.242741491746558e-01
161519, 140721,deca0100c4b48784,  3.287947558894313e+00,  5.133932579458885e-01
161519, 140721,deca0100c4b48784,  3.287947558894313e+00,  5.133932579458885e-01
161519, 140721,deca0100c4b48784,  3.916770050253922e+00,  -4.644674636852075e-01
161520, 140721,deca0100c4b48784,  3.791455093599212e+00,  -2.709805292249151e-01
161520, 140721,deca0100c4b48784,  3.791455093599212e+00,  -2.709805292249151e-01
161520, 140721,deca0100c4b48784,  3.595667599701527e+00,  -3.321121017256592e-01
161520, 140721,deca0100c4b48784,  3.595667599701527e+00,  -3.321121017256592e-01
161520, 140721,deca0100c4b48784,  3.047374366549187e+00,  -5.101673188851245e-02
161520, 140721,deca0100c4b48784,  3.074085021563020e+00,  -9.308791043600616e-02
161520, 140721,deca0100c4b48784,  3.074085021563020e+00,  -9.308791043600616e-02
161520, 140721,deca0100c4b48784,  2.999659224274044e+00,  -8.408651189781076e-02
161520, 140721,deca0100c4b48784,  2.999659224274044e+00,  -8.408651189781076e-02
161520, 140721,deca0100c4b48784,  3.045695712294207e+00,  -6.936915600447469e-02
161521, 140721,deca0100c4b48784,  3.017869236469385e+00,  -1.744588986428507e-01
161521, 140721,deca0100c4b48784,  3.150338098583594e+00,  -2.835882427962148e-02
161521, 140721,deca0100c4b48784,  3.125177065309321e+00,  -6.358975608888177e-02
161521, 140721,deca0100c4b48784,  3.069068931521944e+00,  -5.943537236039317e-02
161521, 140721,deca0100c4b48784,  3.157466917416854e+00,  1.192091080222674e-01
161521, 140721,deca0100c4b48784,  3.166826073021869e+00,  3.357582932185643e-02
161521, 140721,deca0100c4b48784,  3.119938222347770e+00,  3.216625936172157e-02
161521, 140721,deca0100c4b48784,  3.060877925174829e+00,  -1.666700385685014e-01
161521, 140721,deca0100c4b48784,  3.079682105313713e+00,  9.382482986176033e-02
161521, 140721,deca0100c4b48784,  3.768948994238523e+00,  -6.837271124512936e-01
161522, 140721,deca0100c4b48784,  3.704860012908078e+00,  -5.668839092293254e-01
161522, 140721,deca0100c4b48784,  3.704860012908078e+00,  -5.668839092293254e-01
161522, 140721,deca0100c4b48784,  3.783419558662349e+00,  -4.657234463900454e-01
161522, 140721,deca0100c4b48784,  3.783419558662349e+00,  -4.657234463900454e-01
161522, 140721,deca0100c4b48784,  3.781543665510613e+00,  -8.490774677564119e-01
161522, 140721,deca0100c4b48784,  3.746577864307963e+00,  -1.757205204303715e+00
161522, 140721,deca0100c4b48784,  3.746577864307963e+00,  -1.757205204303715e+00
161522, 140721,deca0100c4b48784,  5.352138365946000e+00,  -5.046546068110214e-01
161522, 140721,deca0100c4b48784,  5.352138365946000e+00,  -5.046546068110214e-01
161522, 140721,deca0100c4b48784,  3.114900550040338e+00,  -1.392407125054874e-01
161523, 140721,deca0100c4b48784,  3.418039868267300e+00,  3.196228524570423e-01
161523, 140721,deca0100c4b48784,  3.681012520299044e+00,  5.026874081303404e-01
161523, 140721,deca0100c4b48784,  3.669611008472949e+00,  6.473168313954826e-01
161523, 140721,deca0100c4b48784,  3.669611008472949e+00,  6.473168313954826e-01
161523, 140721,deca0100c4b48784,  3.538720465674902e+00,  5.285462787099170e-01
161523, 140721,deca0100c4b48784,  3.576624460752782e+00,  4.889268413998121e-01
161523, 140721,deca0100c4b48784,  3.576624460752782e+00,  4.889268413998121e-01
161523, 140721,deca0100c4b48784,  3.294162096644406e+00,  3.751914871399495e-01
161523, 140721,deca0100c4b48784,  3.267106352504661e+00,  2.707911466479632e-01
161523, 140721,deca0100c4b48784,  3.267106352504661e+00,  2.707911466479632e-01
161524, 140721,deca0100c4b48784,  3.560890978420279e+00,  7.023280098497994e-01
161524, 140721,deca0100c4b48784,  3.203105150771160e+00,  3.455138651488744e-01
161524, 140721,deca0100c4b48784,  3.264811140474087e+00,  4.673926322180686e-01
161524, 140721,deca0100c4b48784,  3.235655093169031e+00,  3.991453225640232e-01
161524, 140721,deca0100c4b48784,  3.206817399835680e+00,  3.201590879344394e-01
161524, 140721,deca0100c4b48784,  3.150908235215943e+00,  1.955910481405382e-01
161524, 140721,deca0100c4b48784,  3.166135184108786e+00,  1.283218018855033e-01
161524, 140721,deca0100c4b48784,  3.114929164045659e+00,  7.496991325243811e-02
161524, 140721,deca0100c4b48784,  3.135519416888153e+00,  2.128677940014484e-01
161524, 140721,deca0100c4b48784,  3.146055818457271e+00,  3.762518789629099e-01
161525, 140721,deca0100c4b48784,  3.173616267820576e+00,  4.222472667596059e-01
161525, 140721,deca0100c4b48784,  3.173616267820576e+00,  4.222472667596059e-01
161525, 140721,deca0100c4b48784,  3.362497726508877e+00,  9.420679554597587e-01
161525, 140721,deca0100c4b48784,  3.362497726508877e+00,  9.420679554597587e-01
161525, 140721,deca0100c4b48784,  3.127179623376865e+00,  6.161946905607664e-01
161525, 140721,deca0100c4b48784,  3.109127688109417e+00,  6.096501088959539e-01
161525, 140721,deca0100c4b48784,  3.109127688109417e+00,  6.096501088959539e-01
161525, 140721,deca0100c4b48784,  3.593194466381165e+00,  2.783002268166257e+00
161525, 140721,deca0100c4b48784,  3.593194466381165e+00,  2.783002268166257e+00
161525, 140721,deca0100c4b48784,  3.076074261164664e+00,  4.690244915688033e-01
161525, 140721,deca0100c4b48784,  2.981214840694717e+00,  3.271135816123518e-01
161526, 140721,deca0100c4b48784,  2.981214840694717e+00,  3.271135816123518e-01
161526, 140721,deca0100c4b48784,  3.036701958917588e+00,  5.273618499748361e-01
161526, 140721,deca0100c4b48784,  3.036701958917588e+00,  5.273618499748361e-01
161526, 140721,deca0100c4b48784,  3.447816890949830e+00,  2.517351477254693e+00
161526, 140721,deca0100c4b48784,  3.456521197988981e+00,  2.481818959191795e+00
161526, 140721,deca0100c4b48784,  3.456521197988981e+00,  2.481818959191795e+00
161526, 140721,deca0100c4b48784,  3.421801636442627e+00,  2.453077559053617e+00
161526, 140721,deca0100c4b48784,  3.421801636442627e+00,  2.453077559053617e+00
161526, 140721,deca0100c4b48784,  3.384064606882311e+00,  2.531923356912666e+00
161526, 140721,deca0100c4b48784,  3.378632124481162e+00,  2.540005618800392e+00
161527, 140721,deca0100c4b48784,  3.378632124481162e+00,  2.540005618800392e+00
161527, 140721,deca0100c4b48784,  3.462284610728525e+00,  2.666935365496257e+00
161527, 140721,deca0100c4b48784,  3.462284610728525e+00,  2.666935365496257e+00
161527, 140721,deca0100c4b48784,  3.397661846067348e+00,  2.545880357400262e+00
161527, 140721,deca0100c4b48784,  2.911323352034385e+00,  5.610398278837093e-01
161527, 140721,deca0100c4b48784,  2.911323352034385e+00,  5.610398278837093e-01
161527, 140721,deca0100c4b48784,  3.393534337380837e+00,  2.612626004982070e+00
161527, 140721,deca0100c4b48784,  3.393534337380837e+00,  2.612626004982070e+00
161527, 140721,deca0100c4b48784,  3.279614710254495e+00,  2.167392930279983e+00
161527, 140721,deca0100c4b48784,  3.399164769585615e+00,  2.322309428001849e+00
161528, 140721,deca0100c4b48784,  3.399164769585615e+00,  2.322309428001849e+00
161528, 140721,deca0100c4b48784,  3.268675169734746e+00,  2.194496538076021e+00
161528, 140721,deca0100c4b48784,  3.268675169734746e+00,  2.194496538076021e+00
161528, 140721,deca0100c4b48784,  2.096505877625645e+00,  -2.817037972320818e-01
161528, 140721,deca0100c4b48784,  -1.199315795279520e+01,  -1.332604919104500e+01
161528, 140721,deca0100c4b48784,  -1.199315795279520e+01,  -1.332604919104500e+01
161528, 140721,deca0100c4b48784,  2.577163272645698e+00,  9.776898314842251e-02
161528, 140721,deca0100c4b48784,  2.577163272645698e+00,  9.776898314842251e-02
161528, 140721,deca0100c4b48784,  1.518380455958717e+00,  -1.484798877083469e+00
161528, 140721,deca0100c4b48784,  1.299984499976543e+00,  -1.706553392641779e+00
161528, 140721,deca0100c4b48784,  1.299984499976543e+00,  -1.706553392641779e+00
161529, 140721,deca0100c4b48784,  -1.471271648793115e+01,  -1.586419620243109e+01
161529, 140721,deca0100c4b48784,  -1.471271648793115e+01,  -1.586419620243109e+01
161529, 140721,deca0100c4b48784,  -1.740200002893119e+01,  -1.794307291956333e+01
161529, 140721,deca0100c4b48784,  1.901944819966531e+00,  -1.008983500291996e+00
161529, 140721,deca0100c4b48784,  2.075619912344612e+00,  -7.714667057677402e-01
161529, 140721,deca0100c4b48784,  2.075619912344612e+00,  -7.714667057677402e-01
161529, 140721,deca0100c4b48784,  -5.898644700520701e+00,  -9.100295934637211e+00
161529, 140721,deca0100c4b48784,  -5.898644700520701e+00,  -9.100295934637211e+00
161529, 140721,deca0100c4b48784,  7.582207587803528e-01,  -2.516042515985866e+00
161529, 140721,deca0100c4b48784,  9.089290615834690e-01,  -2.386418925740842e+00
161530, 140721,deca0100c4b48784,  9.089290615834690e-01,  -2.386418925740842e+00
161530, 140721,deca0100c4b48784,  8.532769985949380e-02,  -3.280979259981605e+00
161530, 140721,deca0100c4b48784,  8.532769985949380e-02,  -3.280979259981605e+00
161530, 140721,deca0100c4b48784,  1.933921905859321e+00,  -1.070464101821321e+00
161530, 140721,deca0100c4b48784,  1.938431393179272e+00,  -1.035734737401675e+00
161530, 140721,deca0100c4b48784,  1.938431393179272e+00,  -1.035734737401675e+00
161530, 140721,deca0100c4b48784,  1.623778339733720e+00,  -1.400045302897319e+00
161530, 140721,deca0100c4b48784,  1.623778339733720e+00,  -1.400045302897319e+00
161530, 140721,deca0100c4b48784,  -9.580337264335519e-01,  -4.388453496407394e+00
161530, 140721,deca0100c4b48784,  -4.921969409020113e-01,  -3.912133870398003e+00
161531, 140721,deca0100c4b48784,  -4.921969409020113e-01,  -3.912133870398003e+00
161531, 140721,deca0100c4b48784,  1.769593586912960e+00,  -1.288231435804609e+00
161531, 140721,deca0100c4b48784,  1.769593586912960e+00,  -1.288231435804609e+00
161531, 140721,deca0100c4b48784,  -1.082400662726500e+00,  -4.615775778603380e+00
161531, 140721,deca0100c4b48784,  3.044628247981555e+00,  5.930865915328676e-01
161531, 140721,deca0100c4b48784,  3.044628247981555e+00,  5.930865915328676e-01
161531, 140721,deca0100c4b48784,  3.011886022194982e+00,  4.352479931966237e-01
161531, 140721,deca0100c4b48784,  3.011886022194982e+00,  4.352479931966237e-01
161531, 140721,deca0100c4b48784,  1.748709873252473e+00,  -1.441081951052352e+00
161531, 140721,deca0100c4b48784,  1.619380559691830e+00,  -1.693774549613285e+00
161531, 140721,deca0100c4b48784,  1.619380559691830e+00,  -1.693774549613285e+00
161532, 140721,deca0100c4b48784,  2.998022055169889e+00,  2.793247133406371e-01
161532, 140721,deca0100c4b48784,  2.998022055169889e+00,  2.793247133406371e-01
161532, 140721,deca0100c4b48784,  2.993908880870366e+00,  2.398733870051147e-01
161532, 140721,deca0100c4b48784,  2.851150208961696e+00,  6.622721056242560e-02
161532, 140721,deca0100c4b48784,  2.851150208961696e+00,  6.622721056242560e-02
161532, 140721,deca0100c4b48784,  3.016077209931658e+00,  3.003498814317396e-01
161532, 140721,deca0100c4b48784,  3.016077209931658e+00,  3.003498814317396e-01
161532, 140721,deca0100c4b48784,  2.991111837176530e+00,  2.674018281438562e-01
161532, 140721,deca0100c4b48784,  2.901387701326863e+00,  1.477484646949255e-01
161532, 140721,deca0100c4b48784,  2.901387701326863e+00,  1.477484646949255e-01
161532, 140721,deca0100c4b48784,  3.019541643530835e+00,  2.789728642827027e-01
161532, 140721,deca0100c4b48784,  3.019541643530835e+00,  2.789728642827027e-01
161533, 140721,deca0100c4b48784,  3.074964113694593e+00,  3.249496975534470e-01
161533, 140721,deca0100c4b48784,  3.076127485339758e+00,  2.262501802644278e-01
161533, 140721,deca0100c4b48784,  3.076127485339758e+00,  2.262501802644278e-01
161533, 140721,deca0100c4b48784,  3.048215399341125e+00,  2.249209867729746e-01
161533, 140721,deca0100c4b48784,  3.048215399341125e+00,  2.249209867729746e-01
161533, 140721,deca0100c4b48784,  3.002845309760083e+00,  1.025191205896423e-01
161533, 140721,deca0100c4b48784,  3.004106104046361e+00,  1.039148200293782e-02
161533, 140721,deca0100c4b48784,  3.004106104046361e+00,  1.039148200293782e-02
161533, 140721,deca0100c4b48784,  2.999670033890455e+00,  -1.517374171931725e-03
161533, 140721,deca0100c4b48784,  2.999670033890455e+00,  -1.517374171931725e-03
161534, 140721,deca0100c4b48784,  2.932430040496548e+00,  -1.634182762565402e-01
161534, 140721,deca0100c4b48784,  3.000092403118513e+00,  -1.242533138357337e-01
161534, 140721,deca0100c4b48784,  3.000092403118513e+00,  -1.242533138357337e-01
161534, 140721,deca0100c4b48784,  2.980270028424474e+00,  -9.231090159687323e-02
161534, 140721,deca0100c4b48784,  2.980270028424474e+00,  -9.231090159687323e-02
161534, 140721,deca0100c4b48784,  3.080874830647765e+00,  8.862628016189526e-02
161534, 140721,deca0100c4b48784,  3.028584149062468e+00,  -4.902269139462012e-02
161534, 140721,deca0100c4b48784,  3.028584149062468e+00,  -4.902269139462012e-02
161534, 140721,deca0100c4b48784,  3.094414517594156e+00,  4.343744821913376e-02
161534, 140721,deca0100c4b48784,  3.094414517594156e+00,  4.343744821913376e-02
161535, 140721,deca0100c4b48784,  3.163183355696219e+00,  2.426643949080571e-01
161535, 140721,deca0100c4b48784,  3.171171433334171e+00,  1.832691428017399e-01
161535, 140721,deca0100c4b48784,  3.171171433334171e+00,  1.832691428017399e-01
161535, 140721,deca0100c4b48784,  3.121526505308174e+00,  1.696167371874643e-01
161535, 140721,deca0100c4b48784,  3.121526505308174e+00,  1.696167371874643e-01
161535, 140721,deca0100c4b48784,  3.234074994577647e+00,  8.469172372985900e-02
161535, 140721,deca0100c4b48784,  3.046391474847596e+00,  -4.639686982589749e-02
161535, 140721,deca0100c4b48784,  3.046391474847596e+00,  -4.639686982589749e-02
161535, 140721,deca0100c4b48784,  3.122413588830277e+00,  7.660871197980205e-02
161535, 140721,deca0100c4b48784,  3.122413588830277e+00,  7.660871197980205e-02
161535, 140721,deca0100c4b48784,  3.543108346524274e+00,  4.290237355100599e-01
161536, 140721,deca0100c4b48784,  3.566105555410311e+00,  4.650198034938555e-01
161536, 140721,deca0100c4b48784,  3.571871799591513e+00,  6.045158969558460e-01
161536, 140721,deca0100c4b48784,  3.571871799591513e+00,  6.045158969558460e-01
161536, 140721,deca0100c4b48784,  3.847513009026029e+00,  2.434590299929305e-01
161536, 140721,deca0100c4b48784,  3.847513009026029e+00,  2.434590299929305e-01
161536, 140721,deca0100c4b48784,  4.086260347863829e+00,  3.564467503837688e-01
161536, 140721,deca0100c4b48784,  4.255462416844558e+00,  4.234379398405088e-01
161536, 140721,deca0100c4b48784,  4.255462416844558e+00,  4.234379398405088e-01
161536, 140721,deca0100c4b48784,  3.483427287841906e+00,  3.065771303743976e-01
161537, 140721,deca0100c4b48784,  3.483427287841906e+00,  3.065771303743976e-01
161537, 140721,deca0100c4b48784,  3.409541684537631e+00,  2.238608882562959e-01
161537, 140721,deca0100c4b48784,  3.268904345051364e+00,  1.075546952552445e-01
161537, 140721,deca0100c4b48784,  3.268904345051364e+00,  1.075546952552445e-01
161537, 140721,deca0100c4b48784,  3.278374465257369e+00,  2.081718863851614e-01
161537, 140721,deca0100c4b48784,  3.278374465257369e+00,  2.081718863851614e-01
161537, 140721,deca0100c4b48784,  3.591236832890411e+00,  5.852929284082071e-01
161537, 140721,deca0100c4b48784,  3.575094760332919e+00,  6.062706624434552e-01
161537, 140721,deca0100c4b48784,  3.575094760332919e+00,  6.062706624434552e-01
161537, 140721,deca0100c4b48784,  3.276359239346489e+00,  2.215468387307915e-01
161537, 140721,deca0100c4b48784,  3.276359239346489e+00,  2.215468387307915e-01
161538, 140721,deca0100c4b48784,  3.251896146776497e+00,  2.536785873494412e-01
161538, 140721,deca0100c4b48784,  3.512505375617169e+00,  5.872465785921818e-01
161538, 140721,deca0100c4b48784,  3.512505375617169e+00,  5.872465785921818e-01
161538, 140721,deca0100c4b48784,  3.326129153471045e+00,  4.675248128161809e-01
161538, 140721,deca0100c4b48784,  3.326129153471045e+00,  4.675248128161809e-01
161538, 140721,deca0100c4b48784,  3.294177141007067e+00,  4.758702479235393e-01
161538, 140721,deca0100c4b48784,  3.384855022778050e+00,  4.912738244798954e-01
161538, 140721,deca0100c4b48784,  3.384855022778050e+00,  4.912738244798954e-01
161538, 140721,deca0100c4b48784,  3.252072635419533e+00,  2.630672560733169e-01
161538, 140721,deca0100c4b48784,  3.252072635419533e+00,  2.630672560733169e-01
161539, 140721,deca0100c4b48784,  3.213659295769473e+00,  2.413636620774287e-01
161539, 140721,deca0100c4b48784,  3.208179689458518e+00,  2.823408765839491e-01
161539, 140721,deca0100c4b48784,  3.208179689458518e+00,  2.823408765839491e-01
161539, 140721,deca0100c4b48784,  3.076836096019667e+00,  -3.001001454756732e-02
161539, 140721,deca0100c4b48784,  3.076836096019667e+00,  -3.001001454756732e-02
161539, 140721,deca0100c4b48784,  3.160264335397676e+00,  1.911136845767268e-01
161539, 140721,deca0100c4b48784,  3.030134234803153e+00,  -2.382904889715369e-02
161539, 140721,deca0100c4b48784,  3.030134234803153e+00,  -2.382904889715369e-02
161539, 140721,deca0100c4b48784,  3.147104745042324e+00,  2.662420578149002e-01
161539, 140721,deca0100c4b48784,  3.147104745042324e+00,  2.662420578149002e-01
161539, 140721,deca0100c4b48784,  3.151960370844572e+00,  2.414735874196097e-01
161540, 140721,deca0100c4b48784,  3.055475588440959e+00,  1.526457441453770e-01
161540, 140721,deca0100c4b48784,  3.055475588440959e+00,  1.526457441453770e-01
161540, 140721,deca0100c4b48784,  3.199048998329177e+00,  4.083603639070845e-01
161540, 140721,deca0100c4b48784,  3.199048998329177e+00,  4.083603639070845e-01
161540, 140721,deca0100c4b48784,  3.178446261219712e+00,  5.660087864876459e-01
161540, 140721,deca0100c4b48784,  3.177420612346960e+00,  4.439117488149682e-01
161540, 140721,deca0100c4b48784,  3.177420612346960e+00,  4.439117488149682e-01
161540, 140721,deca0100c4b48784,  3.345884415052945e+00,  7.803310254019482e-01
161540, 140721,deca0100c4b48784,  3.345884415052945e+00,  7.803310254019482e-01
161540, 140721,deca0100c4b48784,  3.171697923426491e+00,  5.037007639023597e-01
161540, 140721,deca0100c4b48784,  3.184616455399436e+00,  5.937941032159476e-01
161541, 140721,deca0100c4b48784,  3.184616455399436e+00,  5.937941032159476e-01
161541, 140721,deca0100c4b48784,  3.142166438713879e+00,  4.855290169149657e-01
161541, 140721,deca0100c4b48784,  3.142166438713879e+00,  4.855290169149657e-01
161541, 140721,deca0100c4b48784,  3.074156730923699e+00,  5.386767431163736e-01
161541, 140721,deca0100c4b48784,  3.550658010369218e+00,  2.907386897639757e+00
161541, 140721,deca0100c4b48784,  3.550658010369218e+00,  2.907386897639757e+00
161541, 140721,deca0100c4b48784,  3.217099239446058e+00,  1.111457964147238e+00
161541, 140721,deca0100c4b48784,  3.217099239446058e+00,  1.111457964147238e+00
161541, 140721,deca0100c4b48784,  3.091943055161252e+00,  5.438111556030231e-01
161541, 140721,deca0100c4b48784,  3.067802740701005e+00,  4.524047971658881e-01
161542, 140721,deca0100c4b48784,  3.067802740701005e+00,  4.524047971658881e-01
161542, 140721,deca0100c4b48784,  3.311440754843795e+00,  1.011668756387348e+00
161542, 140721,deca0100c4b48784,  3.311440754843795e+00,  1.011668756387348e+00
161542, 140721,deca0100c4b48784,  3.548911521840237e+00,  2.722653612662433e+00
161542, 140721,deca0100c4b48784,  3.063171373554090e+00,  6.115252494234303e-01
161542, 140721,deca0100c4b48784,  3.063171373554090e+00,  6.115252494234303e-01
161542, 140721,deca0100c4b48784,  3.007354395273421e+00,  5.598177141831724e-01
161542, 140721,deca0100c4b48784,  3.007354395273421e+00,  5.598177141831724e-01
161542, 140721,deca0100c4b48784,  2.915071969483981e+00,  3.588985200562704e-01
161542, 140721,deca0100c4b48784,  3.203402574689538e+00,  1.254733134188037e+00
161543, 140721,deca0100c4b48784,  3.203402574689538e+00,  1.254733134188037e+00
161543, 140721,deca0100c4b48784,  3.000764862214787e+00,  7.822381821786100e-01
161543, 140721,deca0100c4b48784,  3.000764862214787e+00,  7.822381821786100e-01
161543, 140721,deca0100c4b48784,  3.454924080940045e+00,  2.481789570045885e+00
161543, 140721,deca0100c4b48784,  3.448136203688153e+00,  2.455063015633671e+00
161543, 140721,deca0100c4b48784,  3.448136203688153e+00,  2.455063015633671e+00
161543, 140721,deca0100c4b48784,  2.483012911631154e+00,  6.318943861090695e-01
161543, 140721,deca0100c4b48784,  2.483012911631154e+00,  6.318943861090695e-01
161543, 140721,deca0100c4b48784,  2.487801132109817e+00,  7.475712741867340e-01
161543, 140721,deca0100c4b48784,  2.545169207480897e+00,  8.612299125802642e-01
161544, 140721,deca0100c4b48784,  2.545169207480897e+00,  8.612299125802642e-01
161544, 140721,deca0100c4b48784,  3.311013997877253e+00,  2.232573170307572e+00
161544, 140721,deca0100c4b48784,  3.311013997877253e+00,  2.232573170307572e+00
161544, 140721,deca0100c4b48784,  3.298574293370899e+00,  2.291032332972537e+00
161544, 140721,deca0100c4b48784,  2.285151833441740e+00,  6.010307358867045e-01
161544, 140721,deca0100c4b48784,  2.285151833441740e+00,  6.010307358867045e-01
161544, 140721,deca0100c4b48784,  7.504457755803058e-01,  -2.525379778721267e+00
161544, 140721,deca0100c4b48784,  7.504457755803058e-01,  -2.525379778721267e+00
161544, 140721,deca0100c4b48784,  6.993278475122277e-01,  -2.542416865013044e+00
161544, 140721,deca0100c4b48784,  1.182257910793465e+00,  -1.852261287027557e+00
161544, 140721,deca0100c4b48784,  1.182257910793465e+00,  -1.852261287027557e+00
161545, 140721,deca0100c4b48784,  1.850475959947866e+00,  -9.993970317226200e-01
161545, 140721,deca0100c4b48784,  1.850475959947866e+00,  -9.993970317226200e-01
161545, 140721,deca0100c4b48784,  2.309294023356597e+00,  -5.305655020936496e-01
161545, 140721,deca0100c4b48784,  1.053336030365951e+00,  -2.234016715239047e+00
161545, 140721,deca0100c4b48784,  1.053336030365951e+00,  -2.234016715239047e+00
161545, 140721,deca0100c4b48784,  1.741010558508666e+00,  -1.253646734931296e+00
161545, 140721,deca0100c4b48784,  1.833491894901790e+00,  -1.148536879732835e+00
161545, 140721,deca0100c4b48784,  1.633343655363859e+00,  -1.327496912081817e+00
161545, 140721,deca0100c4b48784,  1.756532661965259e+00,  -1.222419655050953e+00
161545, 140721,deca0100c4b48784,  1.756532661965259e+00,  -1.222419655050953e+00
161545, 140721,deca0100c4b48784,  1.560185550380751e+00,  -1.565572782843734e+00
161546, 140721,deca0100c4b48784,  1.459927386080070e+00,  -1.658132759892834e+00
161546, 140721,deca0100c4b48784,  1.459927386080070e+00,  -1.658132759892834e+00
161546, 140721,deca0100c4b48784,  1.818614951931690e+00,  -1.276570769081845e+00
161546, 140721,deca0100c4b48784,  1.776167809941906e+00,  -1.231495520534938e+00
161546, 140721,deca0100c4b48784,  1.634180979431119e+00,  -1.394360313335094e+00
161546, 140721,deca0100c4b48784,  1.634180979431119e+00,  -1.394360313335094e+00
161546, 140721,deca0100c4b48784,  -3.806112277536542e+00,  -7.286158610957333e+00
161546, 140721,deca0100c4b48784,  -8.808230502407053e+00,  -1.156497131186090e+01
161546, 140721,deca0100c4b48784,  -8.808230502407053e+00,  -1.156497131186090e+01
161546, 140721,deca0100c4b48784,  -6.044401813202042e-02,  -3.555777616428166e+00
161547, 140721,deca0100c4b48784,  -6.044401813202042e-02,  -3.555777616428166e+00
161547, 140721,deca0100c4b48784,  2.883621494468537e+00,  2.424737834397785e-01
161547, 140721,deca0100c4b48784,  2.901246944416704e+00,  2.667891646742018e-01
161547, 140721,deca0100c4b48784,  2.901246944416704e+00,  2.667891646742018e-01
161547, 140721,deca0100c4b48784,  2.814890915385757e+00,  1.109258265555037e-01
161547, 140721,deca0100c4b48784,  2.814890915385757e+00,  1.109258265555037e-01
161547, 140721,deca0100c4b48784,  1.464292652491445e+00,  -1.786063274213673e+00
161547, 140721,deca0100c4b48784,  1.642090988071711e+00,  -1.632232412634296e+00
161547, 140721,deca0100c4b48784,  1.642090988071711e+00,  -1.632232412634296e+00
161547, 140721,deca0100c4b48784,  1.881511612017272e+00,  -1.273093603590851e+00
161547, 140721,deca0100c4b48784,  1.782527636868696e+00,  -1.521860294655074e+00
161548, 140721,deca0100c4b48784,  1.949982790948676e+00,  -1.285757034000359e+00
161548, 140721,deca0100c4b48784,  1.827480811525517e+00,  -1.466735868733384e+00
161548, 140721,deca0100c4b48784,  1.822902042448270e+00,  -1.459980835375386e+00
161548, 140721,deca0100c4b48784,  1.822902042448270e+00,  -1.459980835375386e+00
161548, 140721,deca0100c4b48784,  1.605031362677568e+00,  -1.752506150290825e+00
161548, 140721,deca0100c4b48784,  1.605031362677568e+00,  -1.752506150290825e+00
161548, 140721,deca0100c4b48784,  1.616782150594337e+00,  -1.837225082200636e+00
161548, 140721,deca0100c4b48784,  1.589395558532289e+00,  -1.945661674601360e+00
161548, 140721,deca0100c4b48784,  1.589395558532289e+00,  -1.945661674601360e+00
161548, 140721,deca0100c4b48784,  1.497070254461932e+00,  -2.036000838284075e+00
161549, 140721,deca0100c4b48784,  1.497070254461932e+00,  -2.036000838284075e+00
161549, 140721,deca0100c4b48784,  1.632237439492758e+00,  -1.964216282374442e+00
161549, 140721,deca0100c4b48784,  1.632237439492758e+00,  -1.964216282374442e+00
161549, 140721,deca0100c4b48784,  3.058812410652808e+00,  1.263822221598729e-01
161549, 140721,deca0100c4b48784,  3.056518303512424e+00,  1.737826703368862e-01
161549, 140721,deca0100c4b48784,  3.056518303512424e+00,  1.737826703368862e-01
161549, 140721,deca0100c4b48784,  3.056529104075884e+00,  1.779704907979841e-01
161549, 140721,deca0100c4b48784,  3.056529104075884e+00,  1.779704907979841e-01
161549, 140721,deca0100c4b48784,  3.030709866149959e+00,  2.984865607924697e-01
161549, 140721,deca0100c4b48784,  2.896356285281138e+00,  5.553411186642136e-03
161549, 140721,deca0100c4b48784,  2.896356285281138e+00,  5.553411186642136e-03
161550, 140721,deca0100c4b48784,  2.959408699034283e+00,  1.721919876972025e-01
161550, 140721,deca0100c4b48784,  2.959408699034283e+00,  1.721919876972025e-01
161550, 140721,deca0100c4b48784,  2.922666553221109e+00,  8.705074649545752e-02
161550, 140721,deca0100c4b48784,  3.031649836121552e+00,  2.440142166259995e-01
161550, 140721,deca0100c4b48784,  3.031649836121552e+00,  2.440142166259995e-01
161550, 140721,deca0100c4b48784,  3.009190463790679e+00,  5.948596789985516e-02
161550, 140721,deca0100c4b48784,  3.009190463790679e+00,  5.948596789985516e-02
161550, 140721,deca0100c4b48784,  3.029676046247052e+00,  -2.034765194026648e-02
161550, 140721,deca0100c4b48784,  3.101421734688302e+00,  7.482237242917777e-02
161550, 140721,deca0100c4b48784,  3.101421734688302e+00,  7.482237242917777e-02
161551, 140721,deca0100c4b48784,  3.055404127522696e+00,  -1.639128878636651e-01
161551, 140721,deca0100c4b48784,  3.055404127522696e+00,  -1.639128878636651e-01
161551, 140721,deca0100c4b48784,  2.987377841393247e+00,  -2.814342482012070e-01
161551, 140721,deca0100c4b48784,  3.020305013734910e+00,  -1.549578855248637e-01
161551, 140721,deca0100c4b48784,  3.020305013734910e+00,  -1.549578855248637e-01
161551, 140721,deca0100c4b48784,  2.986818937704539e+00,  -1.981858003299556e-01
161551, 140721,deca0100c4b48784,  2.986818937704539e+00,  -1.981858003299556e-01
161551, 140721,deca0100c4b48784,  2.994847492461513e+00,  -2.847108899692537e-01
161551, 140721,deca0100c4b48784,  3.025140458968030e+00,  -2.566617462908534e-01
161551, 140721,deca0100c4b48784,  3.025140458968030e+00,  -2.566617462908534e-01
161552, 140721,deca0100c4b48784,  3.544906252715673e+00,  -5.145076827397307e-01
161552, 140721,deca0100c4b48784,  3.544906252715673e+00,  -5.145076827397307e-01
161552, 140721,deca0100c4b48784,  3.314694993203708e+00,  -6.706556577743698e-01
161552, 140721,deca0100c4b48784,  3.205796500437430e+00,  -4.616483895056330e-01
161552, 140721,deca0100c4b48784,  3.205796500437430e+00,  -4.616483895056330e-01
161552, 140721,deca0100c4b48784,  3.528867095306593e+00,  1.888254525375432e-01
161552, 140721,deca0100c4b48784,  3.528867095306593e+00,  1.888254525375432e-01
161552, 140721,deca0100c4b48784,  3.118307728064055e+00,  -1.383576479233491e-01
161552, 140721,deca0100c4b48784,  3.438239121975107e+00,  3.882179721799014e-02
161552, 140721,deca0100c4b48784,  3.438239121975107e+00,  3.882179721799014e-02
161553, 140721,deca0100c4b48784,  3.452403456983375e+00,  3.721710086885521e-01
161553, 140721,deca0100c4b48784,  3.434844656101023e+00,  4.286180740518811e-01
161553, 140721,deca0100c4b48784,  3.419950717149208e+00,  4.864470367224837e-01
161553, 140721,deca0100c4b48784,  3.419950717149208e+00,  4.864470367224837e-01
161553, 140721,deca0100c4b48784,  3.347400578843379e+00,  3.033828002172793e-01
161553, 140721,deca0100c4b48784,  4.016512610893205e+00,  -2.290039793122775e-01
161553, 140721,deca0100c4b48784,  4.016512610893205e+00,  -2.290039793122775e-01
161553, 140721,deca0100c4b48784,  3.378716762070688e+00,  2.676780523062249e-01
161553, 140721,deca0100c4b48784,  3.378716762070688e+00,  2.676780523062249e-01
161553, 140721,deca0100c4b48784,  3.564399223423251e+00,  3.568643139120787e-01
161553, 140721,deca0100c4b48784,  3.919048846192065e+00,  6.663693468875280e-01
161554, 140721,deca0100c4b48784,  3.925609008476498e+00,  8.122163404447168e-01
161554, 140721,deca0100c4b48784,  3.935517253247949e+00,  7.467783140948679e-01
161554, 140721,deca0100c4b48784,  3.935517253247949e+00,  7.467783140948679e-01
161554, 140721,deca0100c4b48784,  3.312747129183280e+00,  -1.106725347585173e-02
161554, 140721,deca0100c4b48784,  3.312747129183280e+00,  -1.106725347585173e-02
161554, 140721,deca0100c4b48784,  3.967618077672663e+00,  8.031475016250121e-01
161554, 140721,deca0100c4b48784,  3.519552444100400e+00,  3.733570801778921e-01
161554, 140721,deca0100c4b48784,  3.519552444100400e+00,  3.733570801778921e-01
161554, 140721,deca0100c4b48784,  3.453977318271404e+00,  3.370844723511799e-01
161554, 140721,deca0100c4b48784,  3.453977318271404e+00,  3.370844723511799e-01
161555, 140721,deca0100c4b48784,  3.275111987877392e+00,  1.208370106230199e-01
161555, 140721,deca0100c4b48784,  3.405180970435021e+00,  2.395947954715335e-01
161555, 140721,deca0100c4b48784,  3.405180970435021e+00,  2.395947954715335e-01
161555, 140721,deca0100c4b48784,  3.385691506090986e+00,  2.885503558936649e-01
161555, 140721,deca0100c4b48784,  3.385691506090986e+00,  2.885503558936649e-01
161555, 140721,deca0100c4b48784,  3.351132418453149e+00,  3.022315534957077e-01
161555, 140721,deca0100c4b48784,  3.315167585018086e+00,  4.565742993323170e-01
161555, 140721,deca0100c4b48784,  3.315167585018086e+00,  4.565742993323170e-01
161555, 140721,deca0100c4b48784,  3.374198349375932e+00,  4.670232632062146e-01
161555, 140721,deca0100c4b48784,  3.374198349375932e+00,  4.670232632062146e-01
161556, 140721,deca0100c4b48784,  3.228891017282277e+00,  2.926367103687682e-01
161556, 140721,deca0100c4b48784,  3.236828350576040e+00,  3.353268189766265e-01
161556, 140721,deca0100c4b48784,  3.236828350576040e+00,  3.353268189766265e-01
161556, 140721,deca0100c4b48784,  3.300575032004080e+00,  2.783550868676571e-01
161556, 140721,deca0100c4b48784,  3.300575032004080e+00,  2.783550868676571e-01
161556, 140721,deca0100c4b48784,  3.199008941255884e+00,  1.616732716887845e-01
161556, 140721,deca0100c4b48784,  3.198384188913676e+00,  9.316815758528829e-03
161556, 140721,deca0100c4b48784,  3.198384188913676e+00,  9.316815758528829e-03
161556, 140721,deca0100c4b48784,  3.169769744339407e+00,  1.582100435516750e-01
161556, 140721,deca0100c4b48784,  3.169769744339407e+00,  1.582100435516750e-01
161557, 140721,deca0100c4b48784,  3.293379732368852e+00,  4.726687598159106e-01
161557, 140721,deca0100c4b48784,  3.246770942492734e+00,  3.365677609635361e-01
161557, 140721,deca0100c4b48784,  3.246770942492734e+00,  3.365677609635361e-01
161557, 140721,deca0100c4b48784,  3.224161043745458e+00,  2.852641190767595e-01
161557, 140721,deca0100c4b48784,  3.224161043745458e+00,  2.852641190767595e-01
161557, 140721,deca0100c4b48784,  3.172727083586852e+00,  3.018746738480246e-01
161557, 140721,deca0100c4b48784,  3.159807752063880e+00,  2.823817656440144e-01
161557, 140721,deca0100c4b48784,  3.159807752063880e+00,  2.823817656440144e-01
161557, 140721,deca0100c4b48784,  3.191804329640864e+00,  3.828417545800815e-01
161557, 140721,deca0100c4b48784,  3.191804329640864e+00,  3.828417545800815e-01
161557, 140721,deca0100c4b48784,  3.171232826545943e+00,  5.375368234132617e-01
161558, 140721,deca0100c4b48784,  3.141914163789573e+00,  5.491276524231817e-01
161558, 140721,deca0100c4b48784,  3.141914163789573e+00,  5.491276524231817e-01
161558, 140721,deca0100c4b48784,  3.102659175892664e+00,  4.625049926477574e-01
161558, 140721,deca0100c4b48784,  3.102659175892664e+00,  4.625049926477574e-01
161558, 140721,deca0100c4b48784,  3.168591611110262e+00,  5.485035013737036e-01
161558, 140721,deca0100c4b48784,  3.158968692117543e+00,  5.745643892685109e-01
161558, 140721,deca0100c4b48784,  3.158968692117543e+00,  5.745643892685109e-01
161558, 140721,deca0100c4b48784,  3.602555356645408e+00,  3.074350158975743e+00
161558, 140721,deca0100c4b48784,  3.602555356645408e+00,  3.074350158975743e+00
161558, 140721,deca0100c4b48784,  3.559837789528112e+00,  2.708583358967017e+00
161558, 140721,deca0100c4b48784,  3.603823134178920e+00,  2.769617805092417e+00
161559, 140721,deca0100c4b48784,  3.603823134178920e+00,  2.769617805092417e+00
161559, 140721,deca0100c4b48784,  3.581638981189628e+00,  2.688224732422309e+00
161559, 140721,deca0100c4b48784,  3.581638981189628e+00,  2.688224732422309e+00
161559, 140721,deca0100c4b48784,  3.549126385796161e+00,  2.647085953071947e+00
161559, 140721,deca0100c4b48784,  3.574310611908765e+00,  2.634331252834115e+00
161559, 140721,deca0100c4b48784,  3.574310611908765e+00,  2.634331252834115e+00
161559, 140721,deca0100c4b48784,  3.576929055269049e+00,  2.625000550602736e+00
161559, 140721,deca0100c4b48784,  3.576929055269049e+00,  2.625000550602736e+00
161559, 140721,deca0100c4b48784,  3.533768568716719e+00,  2.638590492703690e+00
161559, 140721,deca0100c4b48784,  3.332531624828320e+00,  1.256501658445202e+00
161600, 140721,deca0100c4b48784,  3.332531624828320e+00,  1.256501658445202e+00
161600, 140721,deca0100c4b48784,  3.589770288196374e+00,  2.888242271560397e+00
161600, 140721,deca0100c4b48784,  3.589770288196374e+00,  2.888242271560397e+00
161600, 140721,deca0100c4b48784,  3.570367007841956e+00,  2.950109730343255e+00
161600, 140721,deca0100c4b48784,  3.534455649604809e+00,  2.822981613280858e+00
161600, 140721,deca0100c4b48784,  3.534455649604809e+00,  2.822981613280858e+00
161600, 140721,deca0100c4b48784,  3.477203932502503e+00,  2.685609501800355e+00
161600, 140721,deca0100c4b48784,  3.477203932502503e+00,  2.685609501800355e+00
161600, 140721,deca0100c4b48784,  2.898858688675797e+00,  3.103738858868674e-01
161600, 140721,deca0100c4b48784,  3.375938052124547e+00,  2.429551161092094e+00
161600, 140721,deca0100c4b48784,  3.375938052124547e+00,  2.429551161092094e+00
161601, 140721,deca0100c4b48784,  2.473018484760801e+00,  5.634430735448442e-01
161601, 140721,deca0100c4b48784,  1.440386127254874e+00,  -9.693647623947772e-01
161601, 140721,deca0100c4b48784,  3.485251161809817e+00,  2.543079955733911e+00
161601, 140721,deca0100c4b48784,  9.412490299648585e-01,  -2.331277566375765e+00
161601, 140721,deca0100c4b48784,  2.597483045932521e+00,  1.931736542650551e-01
161601, 140721,deca0100c4b48784,  2.588634876011487e+00,  6.832838748464072e-01
161601, 140721,deca0100c4b48784,  3.217795252427650e+00,  2.040001168532052e+00
161601, 140721,deca0100c4b48784,  2.871366754392048e+00,  4.255453952679495e-01
161601, 140721,deca0100c4b48784,  3.085867765778409e+00,  1.811307443196215e+00
161601, 140721,deca0100c4b48784,  3.237722795779800e+00,  2.020700863639013e+00
161601, 140721,deca0100c4b48784,  3.071216874363700e+00,  1.480771855079422e+00
161602, 140721,deca0100c4b48784,  1.788682212847680e+00,  -1.163585977604413e+00
161602, 140721,deca0100c4b48784,  1.788682212847680e+00,  -1.163585977604413e+00
161602, 140721,deca0100c4b48784,  1.983435065364150e+00,  -9.097951677315080e-01
161602, 140721,deca0100c4b48784,  1.983435065364150e+00,  -9.097951677315080e-01
161602, 140721,deca0100c4b48784,  6.862436184149875e-01,  -2.649646172234635e+00
161602, 140721,deca0100c4b48784,  6.862436184149875e-01,  -2.649646172234635e+00
161602, 140721,deca0100c4b48784,  1.843770656077016e+00,  -1.131962330512684e+00
161602, 140721,deca0100c4b48784,  1.843770656077016e+00,  -1.131962330512684e+00
161602, 140721,deca0100c4b48784,  7.519344142179558e-02,  -3.243063808929021e+00
161602, 140721,deca0100c4b48784,  7.519344142179558e-02,  -3.243063808929021e+00
161603, 140721,deca0100c4b48784,  2.071502899659742e+00,  -7.890492255228632e-01
161603, 140721,deca0100c4b48784,  2.103838225404923e+00,  -8.093849453248979e-01
161603, 140721,deca0100c4b48784,  1.953385826828311e+00,  -1.015657593895721e+00
161603, 140721,deca0100c4b48784,  1.953385826828311e+00,  -1.015657593895721e+00
161603, 140721,deca0100c4b48784,  -1.057619090061263e+00,  -4.571606445263051e+00
161603, 140721,deca0100c4b48784,  -1.057619090061263e+00,  -4.571606445263051e+00
161603, 140721,deca0100c4b48784,  1.842717428916093e+00,  -1.255420944970249e+00
161603, 140721,deca0100c4b48784,  4.734786714993639e-01,  -3.071599578838722e+00
161603, 140721,deca0100c4b48784,  4.734786714993639e-01,  -3.071599578838722e+00
161603, 140721,deca0100c4b48784,  1.134513805879001e+00,  -2.216157057049491e+00
161604, 140721,deca0100c4b48784,  1.134513805879001e+00,  -2.216157057049491e+00
161604, 140721,deca0100c4b48784,  1.595584577757385e+00,  -1.688647530026155e+00
161604, 140721,deca0100c4b48784,  1.658683065556613e+00,  -1.541542430297191e+00
161604, 140721,deca0100c4b48784,  1.608389023957058e+00,  -1.676674377798516e+00
161604, 140721,deca0100c4b48784,  1.224148503147030e+00,  -2.280291180240119e+00
161604, 140721,deca0100c4b48784,  6.296641835258873e-01,  -2.937811161745147e+00
161604, 140721,deca0100c4b48784,  2.300004654455917e+00,  -7.436500699671155e-01
161604, 140721,deca0100c4b48784,  2.289989197410054e+00,  -7.780362780765365e-01
161604, 140721,deca0100c4b48784,  2.141917309354839e+00,  -1.026189215925414e+00
161604, 140721,deca0100c4b48784,  1.962390917530896e+00,  -1.341776645826404e+00
161604, 140721,deca0100c4b48784,  1.906281964096410e+00,  -1.416289093429931e+00
161605, 140721,deca0100c4b48784,  2.012494439809002e+00,  -1.325139744660659e+00
161605, 140721,deca0100c4b48784,  2.012494439809002e+00,  -1.325139744660659e+00
161605, 140721,deca0100c4b48784,  1.724094436423637e+00,  -1.716679668437864e+00
161605, 140721,deca0100c4b48784,  1.724094436423637e+00,  -1.716679668437864e+00
161605, 140721,deca0100c4b48784,  3.181076515001449e+00,  3.755238109065519e-01
161605, 140721,deca0100c4b48784,  3.091322857267316e+00,  1.370420845380719e-01
161605, 140721,deca0100c4b48784,  3.091322857267316e+00,  1.370420845380719e-01
161605, 140721,deca0100c4b48784,  3.163171237934441e+00,  2.176133882255492e-01
161605, 140721,deca0100c4b48784,  3.163171237934441e+00,  2.176133882255492e-01
161605, 140721,deca0100c4b48784,  1.684802782000490e+00,  -1.878291897418543e+00
161606, 140721,deca0100c4b48784,  1.626875443440416e+00,  -1.879337788690245e+00
161606, 140721,deca0100c4b48784,  1.626875443440416e+00,  -1.879337788690245e+00
161606, 140721,deca0100c4b48784,  1.854277171567800e+00,  -1.503238215193649e+00
161606, 140721,deca0100c4b48784,  1.690238466037763e+00,  -1.759345828537904e+00
161606, 140721,deca0100c4b48784,  1.690238466037763e+00,  -1.759345828537904e+00
161606, 140721,deca0100c4b48784,  1.751541625224102e+00,  -1.510839406694244e+00
161606, 140721,deca0100c4b48784,  1.838077941420966e+00,  -1.316809224615253e+00
161606, 140721,deca0100c4b48784,  1.838077941420966e+00,  -1.316809224615253e+00
161606, 140721,deca0100c4b48784,  1.656879798153710e+00,  -1.511273964217433e+00
161606, 140721,deca0100c4b48784,  1.656879798153710e+00,  -1.511273964217433e+00
161607, 140721,deca0100c4b48784,  1.509799261446031e+00,  -1.649048228337650e+00
161607, 140721,deca0100c4b48784,  1.822516664487548e+00,  -1.133066906046390e+00
161607, 140721,deca0100c4b48784,  1.948741197450238e+00,  -1.018757571601093e+00
161607, 140721,deca0100c4b48784,  1.922910483675160e+00,  -1.074857728234752e+00
161607, 140721,deca0100c4b48784,  1.947829187313246e+00,  -1.065563988374290e+00
161607, 140721,deca0100c4b48784,  2.146341325356557e+00,  -7.182796722623346e-01
161607, 140721,deca0100c4b48784,  -1.688711804329993e+00,  -5.174647729355392e+00
161607, 140721,deca0100c4b48784,  -1.531564731071997e+01,  -1.647618914775280e+01
161607, 140721,deca0100c4b48784,  2.757645144601099e+00,  1.843715080520046e-01
161607, 140721,deca0100c4b48784,  2.868375004548521e+00,  3.141517513497605e-01
161608, 140721,deca0100c4b48784,  2.901180877298422e+00,  4.242937389874030e-01
161608, 140721,deca0100c4b48784,  2.901180877298422e+00,  4.242937389874030e-01
161608, 140721,deca0100c4b48784,  1.270088772021956e+00,  -2.115996042073009e+00
161608, 140721,deca0100c4b48784,  1.540771401920904e+00,  -1.691651873474562e+00
161608, 140721,deca0100c4b48784,  1.540771401920904e+00,  -1.691651873474562e+00
161608, 140721,deca0100c4b48784,  2.575243899127043e+00,  8.480641457482556e-01
161608, 140721,deca0100c4b48784,  1.978269427785213e+00,  -1.203933400424745e+00
161608, 140721,deca0100c4b48784,  1.978269427785213e+00,  -1.203933400424745e+00
161608, 140721,deca0100c4b48784,  1.977412835416872e+00,  -1.088626648539575e+00
161608, 140721,deca0100c4b48784,  1.894087208436852e+00,  -1.238893860302735e+00
161608, 140721,deca0100c4b48784,  1.894087208436852e+00,  -1.238893860302735e+00
161609, 140721,deca0100c4b48784,  3.511565237731408e+00,  2.788440267792252e+00
161609, 140721,deca0100c4b48784,  3.511565237731408e+00,  2.788440267792252e+00
161609, 140721,deca0100c4b48784,  2.649495806849999e+00,  1.080762423510728e+00
161609, 140721,deca0100c4b48784,  2.649495806849999e+00,  1.080762423510728e+00
161609, 140721,deca0100c4b48784,  1.784150441844972e+00,  -1.257372705179794e+00
161609, 140721,deca0100c4b48784,  1.784150441844972e+00,  -1.257372705179794e+00
161609, 140721,deca0100c4b48784,  3.341403777303122e+00,  2.187835192493405e+00
161609, 140721,deca0100c4b48784,  3.409414238544126e+00,  2.254976197230495e+00
161609, 140721,deca0100c4b48784,  3.409414238544126e+00,  2.254976197230495e+00
161610, 140721,deca0100c4b48784,  3.459888026434935e+00,  2.425878339939289e+00
161610, 140721,deca0100c4b48784,  3.513288323153429e+00,  2.525948950221563e+00
161610, 140721,deca0100c4b48784,  3.473915029528297e+00,  2.486412427917737e+00
161610, 140721,deca0100c4b48784,  3.558853038699338e+00,  2.661974256712329e+00
161610, 140721,deca0100c4b48784,  3.520075808117404e+00,  2.631092194682039e+00
161610, 140721,deca0100c4b48784,  3.600994878351028e+00,  2.728938324168644e+00
161610, 140721,deca0100c4b48784,  3.659202843981136e+00,  2.783783252460663e+00
161610, 140721,deca0100c4b48784,  3.626386253944956e+00,  2.808253786823287e+00
161610, 140721,deca0100c4b48784,  3.590569055870393e+00,  2.748395523298059e+00
161610, 140721,deca0100c4b48784,  3.596853274449185e+00,  2.729055953835173e+00
161610, 140721,deca0100c4b48784,  3.575918476483376e+00,  2.650103157358367e+00
161611, 140721,deca0100c4b48784,  3.589158578805909e+00,  2.674435936755747e+00
161611, 140721,deca0100c4b48784,  3.589158578805909e+00,  2.674435936755747e+00
161611, 140721,deca0100c4b48784,  3.261260980738826e+00,  8.938885413474431e-01
161611, 140721,deca0100c4b48784,  3.261260980738826e+00,  8.938885413474431e-01
161611, 140721,deca0100c4b48784,  3.037887246911308e+00,  2.932028946966788e-01
161611, 140721,deca0100c4b48784,  3.260520935764783e+00,  6.330901882872063e-01
161611, 140721,deca0100c4b48784,  3.260520935764783e+00,  6.330901882872063e-01
161611, 140721,deca0100c4b48784,  3.256718720838023e+00,  4.628831507976655e-01
161611, 140721,deca0100c4b48784,  3.256718720838023e+00,  4.628831507976655e-01
161612, 140721,deca0100c4b48784,  3.231445857280620e+00,  3.991186049571869e-01
161612, 140721,deca0100c4b48784,  3.224071907870899e+00,  3.427269437104070e-01
161612, 140721,deca0100c4b48784,  3.224071907870899e+00,  3.427269437104070e-01
161612, 140721,deca0100c4b48784,  3.159788422263537e+00,  3.872482499815771e-01
161612, 140721,deca0100c4b48784,  3.159788422263537e+00,  3.872482499815771e-01
161612, 140721,deca0100c4b48784,  3.369229851705667e+00,  8.636340075172763e-01
161612, 140721,deca0100c4b48784,  3.195671221857850e+00,  3.953340977788657e-01
161612, 140721,deca0100c4b48784,  3.195671221857850e+00,  3.953340977788657e-01
161612, 140721,deca0100c4b48784,  3.204175860906288e+00,  3.858975274938370e-01
161612, 140721,deca0100c4b48784,  3.204175860906288e+00,  3.858975274938370e-01
161613, 140721,deca0100c4b48784,  3.279125439098191e+00,  2.348849047279074e-01
161613, 140721,deca0100c4b48784,  3.231969570132188e+00,  1.943239658584107e-01
161613, 140721,deca0100c4b48784,  3.289135290972423e+00,  3.264579245659815e-01
161613, 140721,deca0100c4b48784,  3.280346027846835e+00,  3.707457225109314e-01
161613, 140721,deca0100c4b48784,  3.342442193042600e+00,  3.207889945675717e-01
161613, 140721,deca0100c4b48784,  3.275245457820344e+00,  2.306361220706288e-01
161613, 140721,deca0100c4b48784,  3.547544062192134e+00,  8.178327589277495e-01
161613, 140721,deca0100c4b48784,  3.632132784120006e+00,  1.071193038703776e+00
161613, 140721,deca0100c4b48784,  3.370358780796747e+00,  6.621176781120574e-01
161613, 140721,deca0100c4b48784,  3.344111228141764e+00,  5.105357612898348e-01
161614, 140721,deca0100c4b48784,  3.327880377413651e+00,  5.017585777991728e-01
161614, 140721,deca0100c4b48784,  3.327880377413651e+00,  5.017585777991728e-01
161614, 140721,deca0100c4b48784,  3.338030036847670e+00,  6.700054601705457e-01
161614, 140721,deca0100c4b48784,  3.338030036847670e+00,  6.700054601705457e-01
161614, 140721,deca0100c4b48784,  3.406843596427058e+00,  4.328821282457913e-01
161614, 140721,deca0100c4b48784,  3.569250393121577e+00,  6.140392885362685e-01
161614, 140721,deca0100c4b48784,  3.569250393121577e+00,  6.140392885362685e-01
161614, 140721,deca0100c4b48784,  3.409066235125227e+00,  3.220883712403617e-01
161614, 140721,deca0100c4b48784,  3.409066235125227e+00,  3.220883712403617e-01
161614, 140721,deca0100c4b48784,  3.286186574569403e+00,  7.097527146113188e-02
161615, 140721,deca0100c4b48784,  3.378094429838533e+00,  2.377470204983446e-01
161615, 140721,deca0100c4b48784,  3.378094429838533e+00,  2.377470204983446e-01
161615, 140721,deca0100c4b48784,  3.325477540780077e+00,  1.375629625467677e-01
161615, 140721,deca0100c4b48784,  3.325477540780077e+00,  1.375629625467677e-01
161615, 140721,deca0100c4b48784,  3.331401029229995e+00,  1.433632833757195e-01
161615, 140721,deca0100c4b48784,  3.300187271369826e+00,  1.770950066030726e-02
161615, 140721,deca0100c4b48784,  3.300187271369826e+00,  1.770950066030726e-02
161615, 140721,deca0100c4b48784,  3.339943974254476e+00,  2.047093356804445e-02
161615, 140721,deca0100c4b48784,  3.339943974254476e+00,  2.047093356804445e-02
161615, 140721,deca0100c4b48784,  3.509571988070944e+00,  3.081965288988093e-01
161615, 140721,deca0100c4b48784,  3.458229177311189e+00,  2.620542877050864e-01
161616, 140721,deca0100c4b48784,  3.462145300028340e+00,  2.609607396649311e-01
161616, 140721,deca0100c4b48784,  3.462145300028340e+00,  2.609607396649311e-01
161616, 140721,deca0100c4b48784,  3.554798294443129e+00,  3.177646197126476e-01
161616, 140721,deca0100c4b48784,  3.554798294443129e+00,  3.177646197126476e-01
161616, 140721,deca0100c4b48784,  3.532807594197009e+00,  2.852464110976847e-01
161616, 140721,deca0100c4b48784,  3.532807594197009e+00,  2.852464110976847e-01
161616, 140721,deca0100c4b48784,  3.526885206609806e+00,  3.238990654257738e-01
161616, 140721,deca0100c4b48784,  3.526885206609806e+00,  3.238990654257738e-01
161616, 140721,deca0100c4b48784,  3.144469574906640e+00,  -1.291574578318707e-01
161616, 140721,deca0100c4b48784,  3.144469574906640e+00,  -1.291574578318707e-01
161617, 140721,deca0100c4b48784,  3.243978072764552e+00,  -7.745658043670985e-02
161617, 140721,deca0100c4b48784,  3.586306388108477e+00,  -3.418612043589274e-01
161617, 140721,deca0100c4b48784,  3.586306388108477e+00,  -3.418612043589274e-01
161617, 140721,deca0100c4b48784,  3.897792476275102e+00,  -7.438567247689406e-01
161617, 140721,deca0100c4b48784,  3.897792476275102e+00,  -7.438567247689406e-01
161617, 140721,deca0100c4b48784,  3.033420467238942e+00,  -8.211132480810442e-02
161617, 140721,deca0100c4b48784,  3.172089388889841e+00,  1.168843062746480e-01
161617, 140721,deca0100c4b48784,  3.172089388889841e+00,  1.168843062746480e-01
161617, 140721,deca0100c4b48784,  3.131612075113773e+00,  1.202486530094120e-01
161617, 140721,deca0100c4b48784,  3.131612075113773e+00,  1.202486530094120e-01
161618, 140721,deca0100c4b48784,  3.077423170027992e+00,  -6.312597272889493e-02
161618, 140721,deca0100c4b48784,  2.995227704443341e+00,  -1.225658586504344e-01
161618, 140721,deca0100c4b48784,  2.995227704443341e+00,  -1.225658586504344e-01
161618, 140721,deca0100c4b48784,  3.129429380388093e+00,  1.081359743235189e-01
161618, 140721,deca0100c4b48784,  3.129429380388093e+00,  1.081359743235189e-01
161618, 140721,deca0100c4b48784,  3.092730941746909e+00,  1.276785125852961e-01
161618, 140721,deca0100c4b48784,  3.200894180070030e+00,  2.346644200030741e-01
161618, 140721,deca0100c4b48784,  3.200894180070030e+00,  2.346644200030741e-01
161618, 140721,deca0100c4b48784,  3.179890622920196e+00,  1.822724990905905e-01
161618, 140721,deca0100c4b48784,  3.179890622920196e+00,  1.822724990905905e-01
161618, 140721,deca0100c4b48784,  3.073031500128577e+00,  4.475995651642887e-02
161619, 140721,deca0100c4b48784,  3.030091836727957e+00,  4.992295941907280e-02
161619, 140721,deca0100c4b48784,  3.030091836727957e+00,  4.992295941907280e-02
161619, 140721,deca0100c4b48784,  3.043962931484926e+00,  8.292715383253668e-02
161619, 140721,deca0100c4b48784,  3.043962931484926e+00,  8.292715383253668e-02
161619, 140721,deca0100c4b48784,  3.000663749092924e+00,  -3.179296325694869e-02
161619, 140721,deca0100c4b48784,  2.952214363997734e+00,  -1.467200050558978e-01
161619, 140721,deca0100c4b48784,  2.952214363997734e+00,  -1.467200050558978e-01
161619, 140721,deca0100c4b48784,  3.066660046988659e+00,  6.118885533452079e-02
161619, 140721,deca0100c4b48784,  3.066660046988659e+00,  6.118885533452079e-02
161620, 140721,deca0100c4b48784,  3.000215825593053e+00,  -1.116830253020344e-01
161620, 140721,deca0100c4b48784,  3.166503227567649e+00,  2.482661359687507e-01
161620, 140721,deca0100c4b48784,  3.166503227567649e+00,  2.482661359687507e-01
161620, 140721,deca0100c4b48784,  3.123536873027206e+00,  3.614398774689674e-01
161620, 140721,deca0100c4b48784,  3.123536873027206e+00,  3.614398774689674e-01
161620, 140721,deca0100c4b48784,  2.941445775037776e+00,  4.928020252731987e-02
161620, 140721,deca0100c4b48784,  3.078643038579362e+00,  1.976299706390666e-01
161620, 140721,deca0100c4b48784,  3.078643038579362e+00,  1.976299706390666e-01
161620, 140721,deca0100c4b48784,  1.989163397109028e+00,  -1.297399940859343e+00
161620, 140721,deca0100c4b48784,  2.162228733142345e+00,  -1.069684412775541e+00
161621, 140721,deca0100c4b48784,  2.220894253393095e+00,  -1.135836254996371e+00
161621, 140721,deca0100c4b48784,  2.220894253393095e+00,  -1.135836254996371e+00
161621, 140721,deca0100c4b48784,  1.704286616909511e+00,  -1.805348039719619e+00
161621, 140721,deca0100c4b48784,  1.821133992870495e+00,  -1.713637731472056e+00
161621, 140721,deca0100c4b48784,  1.693520159329702e+00,  -1.773092757065251e+00
161621, 140721,deca0100c4b48784,  1.693520159329702e+00,  -1.773092757065251e+00
161621, 140721,deca0100c4b48784,  3.057204169256122e+00,  2.337249333937425e-01
161621, 140721,deca0100c4b48784,  3.057204169256122e+00,  2.337249333937425e-01
161621, 140721,deca0100c4b48784,  2.989229237438072e+00,  1.115994339668805e-01
161621, 140721,deca0100c4b48784,  2.976826999151330e+00,  1.948194672928650e-01
161622, 140721,deca0100c4b48784,  2.976826999151330e+00,  1.948194672928650e-01
161622, 140721,deca0100c4b48784,  2.917761890501036e+00,  2.516785646039358e-01
161622, 140721,deca0100c4b48784,  2.917761890501036e+00,  2.516785646039358e-01
161622, 140721,deca0100c4b48784,  2.891347718816139e+00,  2.758959437712833e-01
161622, 140721,deca0100c4b48784,  2.972416552954137e+00,  3.754809609457587e-01
161622, 140721,deca0100c4b48784,  2.972416552954137e+00,  3.754809609457587e-01
161622, 140721,deca0100c4b48784,  1.907223533883061e+00,  -1.141883952177953e+00
161622, 140721,deca0100c4b48784,  1.907223533883061e+00,  -1.141883952177953e+00
161622, 140721,deca0100c4b48784,  -1.731073808576896e+01,  -1.828122424533008e+01
161622, 140721,deca0100c4b48784,  2.869446010451297e+00,  2.279463153876103e-01
161623, 140721,deca0100c4b48784,  2.869446010451297e+00,  2.279463153876103e-01
161623, 140721,deca0100c4b48784,  1.242687428397748e+00,  -2.117835195274699e+00
161623, 140721,deca0100c4b48784,  1.587437431027809e+00,  -1.692182920677314e+00
161623, 140721,deca0100c4b48784,  1.587437431027809e+00,  -1.692182920677314e+00
161623, 140721,deca0100c4b48784,  1.224738470619387e+00,  -2.073404809477551e+00
161623, 140721,deca0100c4b48784,  1.481778022092382e+00,  -1.733052058749798e+00
161623, 140721,deca0100c4b48784,  1.502927364047318e+00,  -1.739145385411482e+00
161623, 140721,deca0100c4b48784,  1.502927364047318e+00,  -1.739145385411482e+00
161623, 140721,deca0100c4b48784,  2.040439313082611e+00,  -9.867648250903247e-01
161623, 140721,deca0100c4b48784,  2.040439313082611e+00,  -9.867648250903247e-01
161623, 140721,deca0100c4b48784,  -6.742758561855367e+00,  -9.874315970747933e+00
161624, 140721,deca0100c4b48784,  -8.576439005883390e+00,  -1.146480252225470e+01
161624, 140721,deca0100c4b48784,  -8.576439005883390e+00,  -1.146480252225470e+01
161624, 140721,deca0100c4b48784,  -4.252221096327409e+00,  -7.608231251644400e+00
161624, 140721,deca0100c4b48784,  -4.252221096327409e+00,  -7.608231251644400e+00
161624, 140721,deca0100c4b48784,  -2.928032518159447e+00,  -6.333568729287574e+00
161624, 140721,deca0100c4b48784,  1.370347933353910e+00,  -1.631252436035581e+00
161624, 140721,deca0100c4b48784,  1.370347933353910e+00,  -1.631252436035581e+00
161624, 140721,deca0100c4b48784,  1.936183626459227e+00,  -8.965344500057399e-01
161624, 140721,deca0100c4b48784,  1.874845381543573e+00,  -9.767582396803820e-01
161624, 140721,deca0100c4b48784,  1.841863550531705e+00,  -1.064031442185217e+00
161625, 140721,deca0100c4b48784,  1.865136085882844e+00,  -1.088953546300176e+00
161625, 140721,deca0100c4b48784,  1.892341247903414e+00,  -9.968390980198137e-01
161625, 140721,deca0100c4b48784,  1.886564837411857e+00,  -1.062829742969323e+00
161625, 140721,deca0100c4b48784,  1.888783437958832e+00,  -1.088201293382038e+00
161625, 140721,deca0100c4b48784,  1.888783437958832e+00,  -1.088201293382038e+00
161625, 140721,deca0100c4b48784,  2.629363984696406e+00,  -1.387792364201723e-01
161625, 140721,deca0100c4b48784,  2.629363984696406e+00,  -1.387792364201723e-01
161625, 140721,deca0100c4b48784,  3.308007598515638e+00,  2.326754287964087e+00
161625, 140721,deca0100c4b48784,  3.211887418948014e+00,  2.125773898424756e+00
161625, 140721,deca0100c4b48784,  3.211887418948014e+00,  2.125773898424756e+00
161626, 140721,deca0100c4b48784,  3.132660611549205e+00,  1.884114071889051e+00
161626, 140721,deca0100c4b48784,  3.132660611549205e+00,  1.884114071889051e+00
161626, 140721,deca0100c4b48784,  1.823953457427216e+00,  -1.315600375917450e+00
161626, 140721,deca0100c4b48784,  2.854389962398032e+00,  1.479483837464579e+00
161626, 140721,deca0100c4b48784,  2.854389962398032e+00,  1.479483837464579e+00
161626, 140721,deca0100c4b48784,  2.853205904209267e+00,  3.412716711750428e-01
161626, 140721,deca0100c4b48784,  2.853205904209267e+00,  3.412716711750428e-01
161626, 140721,deca0100c4b48784,  2.942602337495404e+00,  5.760139343558969e-01
161626, 140721,deca0100c4b48784,  3.405824646069060e+00,  2.538547560632959e+00
161626, 140721,deca0100c4b48784,  3.405824646069060e+00,  2.538547560632959e+00
161627, 140721,deca0100c4b48784,  3.376620843763652e+00,  2.419244228083717e+00
161627, 140721,deca0100c4b48784,  3.376620843763652e+00,  2.419244228083717e+00
161627, 140721,deca0100c4b48784,  3.334693072801685e+00,  2.150624448987917e+00
161627, 140721,deca0100c4b48784,  3.430248396817096e+00,  2.339773127660347e+00
161627, 140721,deca0100c4b48784,  3.430248396817096e+00,  2.339773127660347e+00
161627, 140721,deca0100c4b48784,  3.004554003787220e+00,  4.900699533208332e-01
161627, 140721,deca0100c4b48784,  3.004554003787220e+00,  4.900699533208332e-01
161627, 140721,deca0100c4b48784,  3.517260956144513e+00,  2.531402571429490e+00
161627, 140721,deca0100c4b48784,  3.452785335107083e+00,  2.384107223062673e+00
161627, 140721,deca0100c4b48784,  3.452785335107083e+00,  2.384107223062673e+00
161628, 140721,deca0100c4b48784,  3.480121937886313e+00,  2.483363885766721e+00
161628, 140721,deca0100c4b48784,  3.480121937886313e+00,  2.483363885766721e+00
161628, 140721,deca0100c4b48784,  3.459024290278890e+00,  2.444354872090642e+00
161628, 140721,deca0100c4b48784,  3.440078004474877e+00,  2.350319889736189e+00
161628, 140721,deca0100c4b48784,  3.440078004474877e+00,  2.350319889736189e+00
161628, 140721,deca0100c4b48784,  3.512134413709606e+00,  2.674304511016182e+00
161628, 140721,deca0100c4b48784,  3.512134413709606e+00,  2.674304511016182e+00
161628, 140721,deca0100c4b48784,  3.544417578479623e+00,  2.747292801384624e+00
161628, 140721,deca0100c4b48784,  2.991809087391273e+00,  3.451658439254879e-01
161628, 140721,deca0100c4b48784,  2.991809087391273e+00,  3.451658439254879e-01
161629, 140721,deca0100c4b48784,  3.607664101032775e+00,  2.848617737923926e+00
161629, 140721,deca0100c4b48784,  3.607664101032775e+00,  2.848617737923926e+00
161629, 140721,deca0100c4b48784,  3.090238931112484e+00,  4.954759731448934e-01
161629, 140721,deca0100c4b48784,  3.127604282382791e+00,  6.164153223208979e-01
161629, 140721,deca0100c4b48784,  3.127604282382791e+00,  6.164153223208979e-01
161629, 140721,deca0100c4b48784,  3.146345923619808e+00,  7.069121604261172e-01
161629, 140721,deca0100c4b48784,  3.146345923619808e+00,  7.069121604261172e-01
161629, 140721,deca0100c4b48784,  3.037562580022161e+00,  3.921610898388750e-01
161629, 140721,deca0100c4b48784,  3.126651467215222e+00,  5.783623524866263e-01
161629, 140721,deca0100c4b48784,  3.126651467215222e+00,  5.783623524866263e-01
161630, 140721,deca0100c4b48784,  3.045742893183552e+00,  3.650690062033557e-01
161630, 140721,deca0100c4b48784,  3.045742893183552e+00,  3.650690062033557e-01
161630, 140721,deca0100c4b48784,  3.119043862864574e+00,  4.158715936839174e-01
161630, 140721,deca0100c4b48784,  3.063490668211399e+00,  1.728507348446287e-01
161630, 140721,deca0100c4b48784,  3.063490668211399e+00,  1.728507348446287e-01
161630, 140721,deca0100c4b48784,  3.098598973996260e+00,  1.336699989864945e-01
161630, 140721,deca0100c4b48784,  3.098598973996260e+00,  1.336699989864945e-01
161630, 140721,deca0100c4b48784,  3.149528735020690e+00,  1.732246451538736e-01
161630, 140721,deca0100c4b48784,  3.120249145723738e+00,  1.620369296678680e-01
161630, 140721,deca0100c4b48784,  3.120249145723738e+00,  1.620369296678680e-01
161631, 140721,deca0100c4b48784,  3.137282174755188e+00,  1.396060030681549e-01
161631, 140721,deca0100c4b48784,  3.137282174755188e+00,  1.396060030681549e-01
161631, 140721,deca0100c4b48784,  3.378111630267064e+00,  4.582849457368532e-01
161631, 140721,deca0100c4b48784,  3.466251165718393e+00,  6.148973037547271e-01
161631, 140721,deca0100c4b48784,  3.466251165718393e+00,  6.148973037547271e-01
161631, 140721,deca0100c4b48784,  3.560867237234698e+00,  6.411432248743311e-01
161631, 140721,deca0100c4b48784,  3.560867237234698e+00,  6.411432248743311e-01
161631, 140721,deca0100c4b48784,  3.464706728367122e+00,  8.041620563452517e-01
161631, 140721,deca0100c4b48784,  3.303427178647448e+00,  4.165423415993755e-01
161631, 140721,deca0100c4b48784,  3.303427178647448e+00,  4.165423415993755e-01
161632, 140721,deca0100c4b48784,  3.538930917110231e+00,  7.628517903453240e-01
161632, 140721,deca0100c4b48784,  3.538930917110231e+00,  7.628517903453240e-01
161632, 140721,deca0100c4b48784,  3.331533376638869e+00,  2.524742327938709e-01
161632, 140721,deca0100c4b48784,  3.567021341003291e+00,  7.067275226158856e-01
161632, 140721,deca0100c4b48784,  3.567021341003291e+00,  7.067275226158856e-01
161632, 140721,deca0100c4b48784,  3.381605114153079e+00,  3.446876592964764e-01
161632, 140721,deca0100c4b48784,  3.381605114153079e+00,  3.446876592964764e-01
161632, 140721,deca0100c4b48784,  3.545482043082533e+00,  4.217934504030236e-01
161632, 140721,deca0100c4b48784,  3.354495099480413e+00,  2.046290832748890e-01
161632, 140721,deca0100c4b48784,  3.354495099480413e+00,  2.046290832748890e-01
161632, 140721,deca0100c4b48784,  3.235609598293156e+00,  9.350954459340051e-02
161633, 140721,deca0100c4b48784,  3.235609598293156e+00,  9.350954459340051e-02
161633, 140721,deca0100c4b48784,  3.722467921285211e+00,  6.214800899156548e-01
161633, 140721,deca0100c4b48784,  3.664397949514349e+00,  5.631061781061588e-01
161633, 140721,deca0100c4b48784,  3.784738301242248e+00,  6.090523590277280e-01
161633, 140721,deca0100c4b48784,  3.784738301242248e+00,  6.090523590277280e-01
161633, 140721,deca0100c4b48784,  3.384637678385728e+00,  2.420764489204081e-01
161633, 140721,deca0100c4b48784,  3.384637678385728e+00,  2.420764489204081e-01
161633, 140721,deca0100c4b48784,  3.457565262363329e+00,  -9.093049088596820e-02
161633, 140721,deca0100c4b48784,  3.439997832303880e+00,  8.399676784802212e-02
161634, 140721,deca0100c4b48784,  3.439997832303880e+00,  8.399676784802212e-02
161634, 140721,deca0100c4b48784,  3.042437257088034e+00,  -1.575009346142806e-01
161635, 140721,deca0100c4b48784,  3.042437257088034e+00,  -1.575009346142806e-01
161635, 140721,deca0100c4b48784,  3.016614193124658e+00,  -8.375155213282794e-02
161635, 140721,deca0100c4b48784,  3.019209118921982e+00,  -1.219310871892663e-01
161635, 140721,deca0100c4b48784,  3.019209118921982e+00,  -1.219310871892663e-01
161635, 140721,deca0100c4b48784,  2.987708622506931e+00,  -1.736272788065355e-01
161635, 140721,deca0100c4b48784,  2.987708622506931e+00,  -1.736272788065355e-01
161635, 140721,deca0100c4b48784,  2.982360374604854e+00,  -2.159074823413464e-01
161635, 140721,deca0100c4b48784,  2.894237460470673e+00,  -2.407711617056557e-01
161635, 140721,deca0100c4b48784,  2.894237460470673e+00,  -2.407711617056557e-01
161635, 140721,deca0100c4b48784,  2.858002369726467e+00,  -2.565626022209625e-01
161636, 140721,deca0100c4b48784,  2.858002369726467e+00,  -2.565626022209625e-01
161636, 140721,deca0100c4b48784,  2.963638656987681e+00,  -2.553925805342742e-02
161636, 140721,deca0100c4b48784,  2.849360652333109e+00,  -2.243553460265837e-01
161636, 140721,deca0100c4b48784,  2.849360652333109e+00,  -2.243553460265837e-01
161636, 140721,deca0100c4b48784,  2.919649039424463e+00,  -3.717549063825487e-03
161636, 140721,deca0100c4b48784,  2.919649039424463e+00,  -3.717549063825487e-03
161636, 140721,deca0100c4b48784,  2.982789141262614e+00,  1.093293375175482e-01
161636, 140721,deca0100c4b48784,  2.941057363571580e+00,  3.623575466264092e-03
161636, 140721,deca0100c4b48784,  2.941057363571580e+00,  3.623575466264092e-03
161636, 140721,deca0100c4b48784,  2.975897238035559e+00,  2.477275920711264e-01
161637, 140721,deca0100c4b48784,  2.975897238035559e+00,  2.477275920711264e-01
161637, 140721,deca0100c4b48784,  3.015742975610175e+00,  2.387114279892635e-01
161637, 140721,deca0100c4b48784,  3.021388837325599e+00,  1.928710924303843e-01
161637, 140721,deca0100c4b48784,  3.021388837325599e+00,  1.928710924303843e-01
161637, 140721,deca0100c4b48784,  3.043975001854057e+00,  2.761162636484664e-01
161637, 140721,deca0100c4b48784,  3.043975001854057e+00,  2.761162636484664e-01
161637, 140721,deca0100c4b48784,  2.983539345926273e+00,  1.798365429973304e-01
161637, 140721,deca0100c4b48784,  2.973724137469753e+00,  1.220731002184261e-01
161637, 140721,deca0100c4b48784,  2.973724137469753e+00,  1.220731002184261e-01
161637, 140721,deca0100c4b48784,  2.913725446097644e+00,  8.294379409985327e-02
161638, 140721,deca0100c4b48784,  2.913725446097644e+00,  8.294379409985327e-02
161638, 140721,deca0100c4b48784,  3.007451355861592e+00,  2.813881381897896e-01
161638, 140721,deca0100c4b48784,  2.782583304767012e+00,  -5.112454451967210e-02
161638, 140721,deca0100c4b48784,  2.782583304767012e+00,  -5.112454451967210e-02
161638, 140721,deca0100c4b48784,  2.888265288502339e+00,  1.595761316056539e-01
161638, 140721,deca0100c4b48784,  2.888265288502339e+00,  1.595761316056539e-01
161638, 140721,deca0100c4b48784,  2.933282158762326e+00,  3.833072540804864e-01
161638, 140721,deca0100c4b48784,  1.784395459197218e+00,  -1.433549032575650e+00
161638, 140721,deca0100c4b48784,  1.675921205512087e+00,  -1.495147259358496e+00
161638, 140721,deca0100c4b48784,  1.625990684961265e+00,  -1.533521275005774e+00
161638, 140721,deca0100c4b48784,  1.625990684961265e+00,  -1.533521275005774e+00
161639, 140721,deca0100c4b48784,  2.812443008527858e+00,  2.382393177978695e-01
161639, 140721,deca0100c4b48784,  2.812443008527858e+00,  2.382393177978695e-01
161639, 140721,deca0100c4b48784,  1.168193977649360e+00,  -2.006940234691487e+00
161639, 140721,deca0100c4b48784,  2.812836134592577e+00,  3.563035379310756e-01
161639, 140721,deca0100c4b48784,  2.812836134592577e+00,  3.563035379310756e-01
161639, 140721,deca0100c4b48784,  2.829639933072132e+00,  5.006241846144741e-01
161639, 140721,deca0100c4b48784,  2.829639933072132e+00,  5.006241846144741e-01
161639, 140721,deca0100c4b48784,  1.593218684336325e+00,  -1.443861059700961e+00
161639, 140721,deca0100c4b48784,  2.056767987455501e+00,  -8.261095762804731e-01
161640, 140721,deca0100c4b48784,  1.993494362379840e+00,  -9.276679541787887e-01
161640, 140721,deca0100c4b48784,  1.993494362379840e+00,  -9.276679541787887e-01
161640, 140721,deca0100c4b48784,  2.494300343836052e+00,  -1.844722853351188e-01
161640, 140721,deca0100c4b48784,  2.494300343836052e+00,  -1.844722853351188e-01
161640, 140721,deca0100c4b48784,  2.701790627070010e+00,  2.289060458766185e-01
161640, 140721,deca0100c4b48784,  1.679720837433843e+00,  -1.214456352137959e+00
161640, 140721,deca0100c4b48784,  1.750715660613862e+00,  -1.147068114722220e+00
161640, 140721,deca0100c4b48784,  1.750715660613862e+00,  -1.147068114722220e+00
161640, 140721,deca0100c4b48784,  2.446036773439285e+00,  1.105991898671469e-02
161640, 140721,deca0100c4b48784,  2.446036773439285e+00,  1.105991898671469e-02
161640, 140721,deca0100c4b48784,  1.372440390188728e+00,  -1.526281561771271e+00
161641, 140721,deca0100c4b48784,  1.445630398643468e+00,  -1.419009179968918e+00
161641, 140721,deca0100c4b48784,  1.445630398643468e+00,  -1.419009179968918e+00
161641, 140721,deca0100c4b48784,  1.067815912956937e+00,  -1.939055345867399e+00
161641, 140721,deca0100c4b48784,  1.067815912956937e+00,  -1.939055345867399e+00
161641, 140721,deca0100c4b48784,  3.819594484624837e-01,  -2.929951551158251e+00
161641, 140721,deca0100c4b48784,  3.362857781219509e+00,  2.599507564296873e+00
161641, 140721,deca0100c4b48784,  3.362857781219509e+00,  2.599507564296873e+00
161641, 140721,deca0100c4b48784,  2.266208763199895e+00,  5.144552564914279e-01
161641, 140721,deca0100c4b48784,  2.266208763199895e+00,  5.144552564914279e-01
161641, 140721,deca0100c4b48784,  1.542159918898923e+00,  -4.959824836647420e-01
161642, 140721,deca0100c4b48784,  2.030512337745956e+00,  3.847476451091567e-01
161642, 140721,deca0100c4b48784,  2.030512337745956e+00,  3.847476451091567e-01
161642, 140721,deca0100c4b48784,  2.650880129646225e+00,  2.605110817475028e-02
161642, 140721,deca0100c4b48784,  2.650880129646225e+00,  2.605110817475028e-02
161642, 140721,deca0100c4b48784,  3.416927622916761e+00,  2.705255253054196e+00
161642, 140721,deca0100c4b48784,  3.372181839326131e+00,  2.348759174996764e+00
161642, 140721,deca0100c4b48784,  3.372181839326131e+00,  2.348759174996764e+00
161642, 140721,deca0100c4b48784,  3.286942166799498e+00,  2.324566650800386e+00
161642, 140721,deca0100c4b48784,  3.286942166799498e+00,  2.324566650800386e+00
161642, 140721,deca0100c4b48784,  3.349799214931135e+00,  2.462562250480288e+00
161643, 140721,deca0100c4b48784,  3.348562033241148e+00,  2.435562021928707e+00
161643, 140721,deca0100c4b48784,  3.348562033241148e+00,  2.435562021928707e+00
161643, 140721,deca0100c4b48784,  3.485754710430677e+00,  2.814831917625911e+00
161643, 140721,deca0100c4b48784,  3.485754710430677e+00,  2.814831917625911e+00
161643, 140721,deca0100c4b48784,  3.216993717375284e+00,  1.201843338199271e+00
161643, 140721,deca0100c4b48784,  3.040909065959228e+00,  7.712647765865976e-01
161643, 140721,deca0100c4b48784,  3.040909065959228e+00,  7.712647765865976e-01
161643, 140721,deca0100c4b48784,  3.022225571700586e+00,  6.986804667975824e-01
161643, 140721,deca0100c4b48784,  3.022225571700586e+00,  6.986804667975824e-01
161643, 140721,deca0100c4b48784,  3.010547974033495e+00,  8.230053832986646e-01
161643, 140721,deca0100c4b48784,  3.029330850026374e+00,  7.936207341376047e-01
161644, 140721,deca0100c4b48784,  3.029330850026374e+00,  7.936207341376047e-01
161644, 140721,deca0100c4b48784,  2.878413314222254e+00,  4.003452815281419e-01
161644, 140721,deca0100c4b48784,  2.878413314222254e+00,  4.003452815281419e-01
161644, 140721,deca0100c4b48784,  3.405154089219582e+00,  2.600318597181017e+00
161644, 140721,deca0100c4b48784,  2.924770029604730e+00,  5.101849953172509e-01
161644, 140721,deca0100c4b48784,  2.924770029604730e+00,  5.101849953172509e-01
161644, 140721,deca0100c4b48784,  2.879567082285703e+00,  3.370778810639457e-01
161644, 140721,deca0100c4b48784,  2.879567082285703e+00,  3.370778810639457e-01
161644, 140721,deca0100c4b48784,  2.882315122267954e+00,  3.464645689682773e-01
161644, 140721,deca0100c4b48784,  2.982247364805087e+00,  5.083500998634268e-01
161645, 140721,deca0100c4b48784,  2.982247364805087e+00,  5.083500998634268e-01
161645, 140721,deca0100c4b48784,  2.887542099223617e+00,  3.559262974135780e-01
161645, 140721,deca0100c4b48784,  2.887542099223617e+00,  3.559262974135780e-01
161645, 140721,deca0100c4b48784,  2.955041306177514e+00,  5.144659680086342e-01
161645, 140721,deca0100c4b48784,  2.845077846205779e+00,  2.429725707180049e-02
161645, 140721,deca0100c4b48784,  2.845077846205779e+00,  2.429725707180049e-02
161645, 140721,deca0100c4b48784,  3.115167351252878e+00,  7.621114541423534e-01
161645, 140721,deca0100c4b48784,  3.115167351252878e+00,  7.621114541423534e-01
161645, 140721,deca0100c4b48784,  3.504607867113299e+00,  2.614704025111616e+00
161645, 140721,deca0100c4b48784,  3.529679082623379e+00,  2.528931192645568e+00
161646, 140721,deca0100c4b48784,  3.529679082623379e+00,  2.528931192645568e+00
161646, 140721,deca0100c4b48784,  3.047742987093835e+00,  4.104793319672657e-01
161646, 140721,deca0100c4b48784,  3.047742987093835e+00,  4.104793319672657e-01
161646, 140721,deca0100c4b48784,  3.173323730447571e+00,  5.054938007991155e-01
161646, 140721,deca0100c4b48784,  3.298243677026104e+00,  9.555177123878383e-01
161646, 140721,deca0100c4b48784,  3.298243677026104e+00,  9.555177123878383e-01
161646, 140721,deca0100c4b48784,  3.151268670397789e+00,  6.489729093375399e-01
161646, 140721,deca0100c4b48784,  3.151268670397789e+00,  6.489729093375399e-01
161646, 140721,deca0100c4b48784,  3.334709609679087e+00,  7.046105592115562e-01
161646, 140721,deca0100c4b48784,  3.164514705568191e+00,  4.987586873918642e-01
161646, 140721,deca0100c4b48784,  3.164514705568191e+00,  4.987586873918642e-01
161647, 140721,deca0100c4b48784,  3.165261699000553e+00,  4.078321571077164e-01
161647, 140721,deca0100c4b48784,  3.165261699000553e+00,  4.078321571077164e-01
161647, 140721,deca0100c4b48784,  3.176242059282063e+00,  2.797216453047782e-01
161647, 140721,deca0100c4b48784,  3.142519209712461e+00,  2.931747726830644e-01
161647, 140721,deca0100c4b48784,  3.142519209712461e+00,  2.931747726830644e-01
161647, 140721,deca0100c4b48784,  3.237252370516948e+00,  4.416334422061619e-01
161647, 140721,deca0100c4b48784,  3.237252370516948e+00,  4.416334422061619e-01
161647, 140721,deca0100c4b48784,  3.264995813234094e+00,  5.135403363219537e-01
161647, 140721,deca0100c4b48784,  3.302829023472656e+00,  6.063388852819496e-01
161647, 140721,deca0100c4b48784,  3.302829023472656e+00,  6.063388852819496e-01
161648, 140721,deca0100c4b48784,  3.409303123102209e+00,  6.150714385659959e-01
161648, 140721,deca0100c4b48784,  3.409303123102209e+00,  6.150714385659959e-01
161648, 140721,deca0100c4b48784,  3.495476272863260e+00,  6.424200874119524e-01
161648, 140721,deca0100c4b48784,  3.495476272863260e+00,  6.424200874119524e-01
161648, 140721,deca0100c4b48784,  3.207004970710370e+00,  4.224093462021783e-01
161648, 140721,deca0100c4b48784,  3.207004970710370e+00,  4.224093462021783e-01
161648, 140721,deca0100c4b48784,  3.599384073252333e+00,  7.529310070399707e-01
161648, 140721,deca0100c4b48784,  3.599384073252333e+00,  7.529310070399707e-01
161648, 140721,deca0100c4b48784,  3.236629335402506e+00,  3.369027314994691e-01
161649, 140721,deca0100c4b48784,  3.282773566209313e+00,  2.629246101698057e-01
161649, 140721,deca0100c4b48784,  3.282773566209313e+00,  2.629246101698057e-01
161649, 140721,deca0100c4b48784,  3.468600222996629e+00,  5.006896826348597e-01
161649, 140721,deca0100c4b48784,  3.482565528645789e+00,  4.354042708143270e-01
161649, 140721,deca0100c4b48784,  3.482565528645789e+00,  4.354042708143270e-01
161649, 140721,deca0100c4b48784,  3.584304631887571e+00,  5.396767580379574e-01
161649, 140721,deca0100c4b48784,  3.557165138848903e+00,  4.739783457328610e-01
161649, 140721,deca0100c4b48784,  3.557165138848903e+00,  4.739783457328610e-01
161649, 140721,deca0100c4b48784,  3.456971637802293e+00,  4.051455627463613e-01
161649, 140721,deca0100c4b48784,  3.456971637802293e+00,  4.051455627463613e-01
161649, 140721,deca0100c4b48784,  3.491474671116389e+00,  4.221860710168127e-01
161650, 140721,deca0100c4b48784,  3.491474671116389e+00,  4.221860710168127e-01
161650, 140721,deca0100c4b48784,  4.030660672665663e+00,  1.070524156554633e+00
161650, 140721,deca0100c4b48784,  4.019986647571130e+00,  9.481615601328408e-01
161650, 140721,deca0100c4b48784,  3.949072807361868e+00,  8.844386133558635e-01
161650, 140721,deca0100c4b48784,  4.251053198914380e+00,  1.296068853623729e+00
161650, 140721,deca0100c4b48784,  4.518009196750763e+00,  1.559328152260399e+00
161650, 140721,deca0100c4b48784,  3.236578647133934e+00,  9.425933099838109e-02
161650, 140721,deca0100c4b48784,  3.871677305480011e+00,  8.721805373143452e-01
161650, 140721,deca0100c4b48784,  3.539340344296656e+00,  4.370931582239123e-01
161650, 140721,deca0100c4b48784,  3.741206514333865e+00,  5.350812997317309e-01
161650, 140721,deca0100c4b48784,  3.216504839745549e+00,  -6.157082093300000e-02
161651, 140721,deca0100c4b48784,  3.153359796842155e+00,  -2.778527937566440e-01
161651, 140721,deca0100c4b48784,  3.153359796842155e+00,  -2.778527937566440e-01
161651, 140721,deca0100c4b48784,  3.385305073826384e+00,  1.384044172246529e-01
161651, 140721,deca0100c4b48784,  3.385305073826384e+00,  1.384044172246529e-01
161651, 140721,deca0100c4b48784,  3.365862858810208e+00,  1.674700277866235e-01
161651, 140721,deca0100c4b48784,  3.133020512172507e+00,  -2.445514586622706e-02
161651, 140721,deca0100c4b48784,  3.133020512172507e+00,  -2.445514586622706e-02
161651, 140721,deca0100c4b48784,  3.524188935806389e+00,  -1.759492677270398e-01
161651, 140721,deca0100c4b48784,  3.524188935806389e+00,  -1.759492677270398e-01
161651, 140721,deca0100c4b48784,  3.153600001285112e+00,  -5.569347864441543e-02
161652, 140721,deca0100c4b48784,  3.144476918504266e+00,  -4.792572184049604e-03
161652, 140721,deca0100c4b48784,  3.144476918504266e+00,  -4.792572184049604e-03
161652, 140721,deca0100c4b48784,  3.168344465308528e+00,  3.470886904005580e-02
161652, 140721,deca0100c4b48784,  3.168344465308528e+00,  3.470886904005580e-02
161652, 140721,deca0100c4b48784,  3.097037068798962e+00,  -1.343194140158350e-01
161652, 140721,deca0100c4b48784,  3.077318442946177e+00,  -1.487130674919348e-01
161652, 140721,deca0100c4b48784,  3.077318442946177e+00,  -1.487130674919348e-01
161652, 140721,deca0100c4b48784,  3.051859261679606e+00,  -2.138151121299772e-01
161652, 140721,deca0100c4b48784,  3.051859261679606e+00,  -2.138151121299772e-01
161652, 140721,deca0100c4b48784,  3.076956368128850e+00,  -1.949037523728667e-01
161652, 140721,deca0100c4b48784,  3.073296650658658e+00,  -5.514426493534789e-02
161653, 140721,deca0100c4b48784,  3.073296650658658e+00,  -5.514426493534789e-02
161653, 140721,deca0100c4b48784,  3.