143524, 140721,deca0100c4b48784,  3.674068205654347e+00,  -4.681726345548278e-01
143524, 140721,deca0100c4b48784,  3.399434833407402e+00,  -1.210949543123759e-02
143524, 140721,deca0100c4b48784,  3.288554201246162e+00,  2.401733855891353e-02
143524, 140721,deca0100c4b48784,  3.044371516580790e+00,  -2.361778452649773e-01
143524, 140721,deca0100c4b48784,  3.166423454701004e+00,  3.150347605987131e-01
143524, 140721,deca0100c4b48784,  2.872618668572107e+00,  -3.088730087499759e-01
143524, 140721,deca0100c4b48784,  3.014726245832426e+00,  -1.393576092403319e-01
143524, 140721,deca0100c4b48784,  3.047112399440424e+00,  -1.648462289013554e-01
143524, 140721,deca0100c4b48784,  3.371038517168989e+00,  3.810542136621932e-01
143524, 140721,deca0100c4b48784,  3.715777796132711e+00,  4.711702405562260e-02
143524, 140721,deca0100c4b48784,  3.007819076945204e+00,  -1.469507473585614e-01
143525, 140721,deca0100c4b48784,  3.255019607079592e+00,  2.260659271609211e-01
143525, 140721,deca0100c4b48784,  3.255135259202424e+00,  2.332918688071251e-01
143525, 140721,deca0100c4b48784,  3.218760671006521e+00,  1.053746785491044e-01
143525, 140721,deca0100c4b48784,  3.080802173250417e+00,  -2.365776298784602e-01
143525, 140721,deca0100c4b48784,  3.181191478942416e+00,  1.203754594086712e-01
143525, 140721,deca0100c4b48784,  3.128333241851704e+00,  -5.602449682981384e-02
143525, 140721,deca0100c4b48784,  3.284512458083325e+00,  2.239563244777157e-01
143525, 140721,deca0100c4b48784,  3.205166917318145e+00,  -4.206221454463529e-02
143525, 140721,deca0100c4b48784,  3.543616307083356e+00,  4.928396731474216e-01
143525, 140721,deca0100c4b48784,  3.251302435717452e+00,  2.022677274561772e-03
143526, 140721,deca0100c4b48784,  3.584935535696703e+00,  4.101946039409634e-01
143526, 140721,deca0100c4b48784,  3.433880089667992e+00,  1.385026819895597e-01
143526, 140721,deca0100c4b48784,  3.847951245300775e+00,  -5.446127496236263e-01
143526, 140721,deca0100c4b48784,  3.967149722715877e+00,  -6.024393153592719e-01
143526, 140721,deca0100c4b48784,  3.961494559228102e+00,  -6.629720798121279e-01
143526, 140721,deca0100c4b48784,  3.977207676998014e+00,  -5.778623657556494e-01
143526, 140721,deca0100c4b48784,  3.670536956335324e+00,  -1.480216475291043e-01
143526, 140721,deca0100c4b48784,  3.328294824298693e+00,  3.351482265178891e-01
143526, 140721,deca0100c4b48784,  3.407412940875757e+00,  4.379617154956160e-01
143527, 140721,deca0100c4b48784,  3.303620541676679e+00,  5.422034748899391e-01
143527, 140721,deca0100c4b48784,  3.290229897516770e+00,  5.940187845143844e-01
143527, 140721,deca0100c4b48784,  3.242754733646239e+00,  5.313985723006219e-01
143527, 140721,deca0100c4b48784,  3.119725737425613e+00,  2.617073239337174e-01
143527, 140721,deca0100c4b48784,  3.107403873651325e+00,  2.677062485671433e-01
143527, 140721,deca0100c4b48784,  3.063534880908362e+00,  2.032505656362883e-01
143527, 140721,deca0100c4b48784,  3.411849110925747e+00,  6.042636818372756e-01
143527, 140721,deca0100c4b48784,  3.246854635985931e+00,  4.981846069177284e-01
143527, 140721,deca0100c4b48784,  3.175542393042555e+00,  4.565403726666262e-01
143527, 140721,deca0100c4b48784,  3.070613339947850e+00,  2.617426565495510e-01
143527, 140721,deca0100c4b48784,  3.492770825142481e+00,  2.511667973487874e+00
143528, 140721,deca0100c4b48784,  3.506420874370473e+00,  2.526349187945149e+00
143528, 140721,deca0100c4b48784,  3.432185339629567e+00,  2.363304955269072e+00
143528, 140721,deca0100c4b48784,  3.382784324654427e+00,  2.337361075366685e+00
143528, 140721,deca0100c4b48784,  3.007932471487299e+00,  4.621108800656169e-01
143528, 140721,deca0100c4b48784,  3.360474130585720e+00,  2.321081615956823e+00
143528, 140721,deca0100c4b48784,  3.389761797554689e+00,  2.179688395075710e+00
143528, 140721,deca0100c4b48784,  3.315107097303962e+00,  2.202964468495308e+00
143528, 140721,deca0100c4b48784,  2.933151742330834e+00,  5.287656577523777e-01
143528, 140721,deca0100c4b48784,  2.901048516599126e+00,  1.492615148426143e+00
143528, 140721,deca0100c4b48784,  3.096161312783668e+00,  1.884578303939569e+00
143529, 140721,deca0100c4b48784,  3.134712026478334e+00,  2.121775141225058e+00
143529, 140721,deca0100c4b48784,  3.173211539167188e+00,  2.035445070870674e+00
143529, 140721,deca0100c4b48784,  3.141291706510858e+00,  1.988489229828720e+00
143529, 140721,deca0100c4b48784,  2.999324306975740e+00,  1.714938701100858e+00
143529, 140721,deca0100c4b48784,  2.956849970778913e+00,  1.783607879381359e+00
143529, 140721,deca0100c4b48784,  2.454011634861130e+00,  -1.312390782267596e-01
143529, 140721,deca0100c4b48784,  1.742424190760116e+00,  -1.159410609325402e+00
143529, 140721,deca0100c4b48784,  2.313762696794465e+00,  -3.706096085038897e-01
143529, 140721,deca0100c4b48784,  1.954484077203738e+00,  -9.812208675469346e-01
143530, 140721,deca0100c4b48784,  1.241424016126929e+00,  -1.950099669782523e+00
143530, 140721,deca0100c4b48784,  6.817374831216799e-01,  -2.632159703353034e+00
143530, 140721,deca0100c4b48784,  -1.528982854717214e+01,  -1.622433309024537e+01
143530, 140721,deca0100c4b48784,  1.474381791020141e+00,  -1.633610493127572e+00
143530, 140721,deca0100c4b48784,  2.179018796030820e+00,  -8.115741929307005e-01
143530, 140721,deca0100c4b48784,  2.534761530452009e+00,  -3.459677591749712e-01
143530, 140721,deca0100c4b48784,  1.251385207635983e+00,  -2.114614026980104e+00
143530, 140721,deca0100c4b48784,  -3.955716784543112e+00,  -7.513359589593417e+00
143530, 140721,deca0100c4b48784,  1.530383931656200e+00,  -1.726338033943204e+00
143530, 140721,deca0100c4b48784,  1.564834460086608e+00,  -1.760157176426941e+00
143530, 140721,deca0100c4b48784,  1.274688541616358e+00,  -2.116322156152151e+00
143531, 140721,deca0100c4b48784,  -2.486033717886725e-01,  -3.894850586893088e+00
143531, 140721,deca0100c4b48784,  2.030378293367722e+00,  -1.089873368427680e+00
143531, 140721,deca0100c4b48784,  1.898027594707925e+00,  -1.365096757793564e+00
143531, 140721,deca0100c4b48784,  1.879439738426485e+00,  -1.325425755857411e+00
143531, 140721,deca0100c4b48784,  1.846701961794567e+00,  -1.368579521682729e+00
143531, 140721,deca0100c4b48784,  1.767919557677202e+00,  -1.556257294777509e+00
143531, 140721,deca0100c4b48784,  1.396472682329317e+00,  -2.097792529982540e+00
143531, 140721,deca0100c4b48784,  3.106697510500782e+00,  4.548555893391638e-01
143531, 140721,deca0100c4b48784,  3.168576507948875e+00,  4.917324496022865e-01
143531, 140721,deca0100c4b48784,  3.017756008520985e+00,  2.381969000362442e-01
143532, 140721,deca0100c4b48784,  3.019259551334164e+00,  2.363966518760709e-01
143532, 140721,deca0100c4b48784,  2.987175829310049e+00,  2.225164112542213e-01
143532, 140721,deca0100c4b48784,  2.938008383616106e+00,  4.002899319088989e-02
143532, 140721,deca0100c4b48784,  2.982422219215593e+00,  -3.636715052549736e-02
143532, 140721,deca0100c4b48784,  2.982923179269250e+00,  4.668072739364352e-02
143532, 140721,deca0100c4b48784,  3.024944668642922e+00,  1.090464789934940e-01
143532, 140721,deca0100c4b48784,  3.042961890148134e+00,  7.960384482138154e-02
143532, 140721,deca0100c4b48784,  3.100154727747077e+00,  1.491571184340427e-01
143532, 140721,deca0100c4b48784,  3.096275366209450e+00,  9.045406277441130e-02
143532, 140721,deca0100c4b48784,  3.112143652546267e+00,  -8.530918287699659e-03
143533, 140721,deca0100c4b48784,  3.056746987135008e+00,  -1.573475610881296e-01
143533, 140721,deca0100c4b48784,  3.076491690527592e+00,  -6.560823270419358e-02
143533, 140721,deca0100c4b48784,  3.121393572734976e+00,  -9.748367632182897e-02
143533, 140721,deca0100c4b48784,  3.144370345952528e+00,  -2.157777017397625e-01
143533, 140721,deca0100c4b48784,  3.444367369025167e+00,  -7.235856346814939e-01
143533, 140721,deca0100c4b48784,  3.623335159052280e+00,  -8.850496527230606e-01
143533, 140721,deca0100c4b48784,  3.596337905839540e+00,  -1.074002708867082e+00
143533, 140721,deca0100c4b48784,  3.688028267618771e+00,  -9.755456668472903e-01
143533, 140721,deca0100c4b48784,  3.604423483455874e+00,  -1.038778630541537e+00
143533, 140721,deca0100c4b48784,  3.210752282443803e+00,  -3.141951494652092e-03
143533, 140721,deca0100c4b48784,  3.181116970848319e+00,  -1.316604840521330e-01
143534, 140721,deca0100c4b48784,  3.139010630955072e+00,  -7.606197591578434e-02
143534, 140721,deca0100c4b48784,  3.210053151172009e+00,  -1.720067731577376e-02
143534, 140721,deca0100c4b48784,  4.163553717400592e+00,  -2.061121847166717e-01
143534, 140721,deca0100c4b48784,  3.583337691173281e+00,  -3.037357079372495e-01
143534, 140721,deca0100c4b48784,  3.220626727599385e+00,  1.877923555564931e-02
143534, 140721,deca0100c4b48784,  3.662812101217102e+00,  -1.011537940406911e+00
143534, 140721,deca0100c4b48784,  3.636179807698068e+00,  -1.100729014490624e+00
143534, 140721,deca0100c4b48784,  3.719429852536955e+00,  -1.067096440330296e+00
143534, 140721,deca0100c4b48784,  3.449204237140026e+00,  -2.171112433407983e+00
143535, 140721,deca0100c4b48784,  3.666110657742996e+00,  -1.844680678533519e+00
143535, 140721,deca0100c4b48784,  3.553581944516021e+00,  -1.996516944804194e+00
143535, 140721,deca0100c4b48784,  3.737814791344421e+00,  -1.657639766551495e+00
143535, 140721,deca0100c4b48784,  3.334252953218133e+00,  -2.301957183572968e+00
143535, 140721,deca0100c4b48784,  3.197858346398505e+00,  -1.771178597537091e-01
143535, 140721,deca0100c4b48784,  3.671539732317466e+00,  4.541352419632065e-01
143535, 140721,deca0100c4b48784,  3.711167109569734e+00,  3.567214587773178e-01
143535, 140721,deca0100c4b48784,  3.536948045114768e+00,  5.705881150494667e-01
143535, 140721,deca0100c4b48784,  3.210477932820716e+00,  1.725037804945537e-01
143535, 140721,deca0100c4b48784,  3.274915917562195e+00,  3.760541820063700e-01
143536, 140721,deca0100c4b48784,  3.480480272527583e+00,  6.989773801452878e-01
143536, 140721,deca0100c4b48784,  3.305431307280338e+00,  5.460079806032648e-01
143536, 140721,deca0100c4b48784,  3.393204789973277e+00,  2.776894291073397e-01
143536, 140721,deca0100c4b48784,  3.391795077532107e+00,  4.747529276232593e-01
143536, 140721,deca0100c4b48784,  3.412127861284969e+00,  5.544666680098947e-01
143536, 140721,deca0100c4b48784,  3.299913831460818e+00,  5.530548675046130e-01
143536, 140721,deca0100c4b48784,  3.286767482836570e+00,  6.346352727006553e-01
143536, 140721,deca0100c4b48784,  3.271118692191867e+00,  5.145730749074656e-01
143536, 140721,deca0100c4b48784,  3.194463236655364e+00,  5.334185455028136e-01
143536, 140721,deca0100c4b48784,  3.229754368168131e+00,  8.267300599983473e-01
143537, 140721,deca0100c4b48784,  3.304102779287375e+00,  9.896758614000750e-01
143537, 140721,deca0100c4b48784,  3.298312136454829e+00,  1.129955308961631e+00
143537, 140721,deca0100c4b48784,  3.381744463059868e+00,  2.330009876638564e+00
143537, 140721,deca0100c4b48784,  3.466463611087980e+00,  2.398092420551692e+00
143537, 140721,deca0100c4b48784,  3.491831857435731e+00,  2.514521823812022e+00
143537, 140721,deca0100c4b48784,  3.196947919988104e+00,  1.015103812396919e+00
143537, 140721,deca0100c4b48784,  3.061614834289145e+00,  5.203149749062627e-01
143537, 140721,deca0100c4b48784,  3.004089568438451e+00,  4.663991166597038e-01
143537, 140721,deca0100c4b48784,  2.983144680451153e+00,  5.017756767683265e-01
143537, 140721,deca0100c4b48784,  3.019332966439597e+00,  5.356135604060581e-01
143538, 140721,deca0100c4b48784,  3.206392004526357e+00,  1.275765462878482e+00
143538, 140721,deca0100c4b48784,  3.289281263948125e+00,  2.171107261142600e+00
143538, 140721,deca0100c4b48784,  3.307506962113299e+00,  2.259905415687153e+00
143538, 140721,deca0100c4b48784,  3.288139412802998e+00,  2.085689708597205e+00
143538, 140721,deca0100c4b48784,  3.246807397479541e+00,  2.040731556680883e+00
143538, 140721,deca0100c4b48784,  3.138565580115639e+00,  2.381900159644220e+00
143538, 140721,deca0100c4b48784,  3.167355167915603e+00,  1.989728893302588e+00
143538, 140721,deca0100c4b48784,  3.108314075611449e+00,  1.809661681737317e+00
143538, 140721,deca0100c4b48784,  3.120610134999344e+00,  2.037791965735995e+00
143538, 140721,deca0100c4b48784,  3.094388698411587e+00,  2.033889324091306e+00
143539, 140721,deca0100c4b48784,  3.159706288276944e+00,  2.109832056942135e+00
143539, 140721,deca0100c4b48784,  2.796349132595441e+00,  4.621591510632084e-01
143539, 140721,deca0100c4b48784,  1.641641091700196e+00,  -1.290426473895771e+00
143539, 140721,deca0100c4b48784,  2.868406683134837e+00,  6.295827775034307e-01
143539, 140721,deca0100c4b48784,  1.597792033480593e+00,  -1.382220321158765e+00
143539, 140721,deca0100c4b48784,  1.277944152120951e+00,  -1.844133268208345e+00
143539, 140721,deca0100c4b48784,  1.105963329855452e+00,  -2.174438188042606e+00
143539, 140721,deca0100c4b48784,  8.332192721796106e-01,  -2.495973436242732e+00
143539, 140721,deca0100c4b48784,  3.204721009307906e-01,  -3.023744684109854e+00
143539, 140721,deca0100c4b48784,  2.535946904610062e+00,  -1.751564925538006e-01
143539, 140721,deca0100c4b48784,  1.827513985348081e+00,  -1.310798853107435e+00
143540, 140721,deca0100c4b48784,  1.584889950457777e+00,  -1.626153564075183e+00
143540, 140721,deca0100c4b48784,  1.505319655644731e+00,  -1.754876229679759e+00
143540, 140721,deca0100c4b48784,  1.402776712539807e+00,  -2.043939266074774e+00
143540, 140721,deca0100c4b48784,  1.057360410149658e+00,  -2.314075654194481e+00
143540, 140721,deca0100c4b48784,  1.001851275483236e+00,  -2.380164338071635e+00
143540, 140721,deca0100c4b48784,  2.910746734315219e-01,  -3.279091836865379e+00
143540, 140721,deca0100c4b48784,  3.658843259300941e-01,  -3.259546057249131e+00
143540, 140721,deca0100c4b48784,  9.155465881066185e-01,  -2.444103471594897e+00
143540, 140721,deca0100c4b48784,  2.891406518462741e+00,  2.854508247176947e-01
143540, 140721,deca0100c4b48784,  2.982898567219975e+00,  5.278235769208210e-01
143541, 140721,deca0100c4b48784,  2.892260974868697e+00,  1.882708982179540e-01
143541, 140721,deca0100c4b48784,  6.848898957163226e-01,  -2.876041683988291e+00
143541, 140721,deca0100c4b48784,  2.874519444674041e+00,  7.945016885209222e-02
143541, 140721,deca0100c4b48784,  7.258502235770991e-01,  -2.834205010829093e+00
143541, 140721,deca0100c4b48784,  6.675324188801689e-01,  -2.981585770038654e+00
143541, 140721,deca0100c4b48784,  8.701658526632566e-01,  -2.827884659860066e+00
143541, 140721,deca0100c4b48784,  -1.045650989942966e+00,  -4.864106211439997e+00
143541, 140721,deca0100c4b48784,  2.956158268270035e+00,  1.139492135596023e-01
143541, 140721,deca0100c4b48784,  2.910568152430388e+00,  4.816053994741647e-03
143541, 140721,deca0100c4b48784,  2.941361840181931e+00,  2.623589189168797e-01
143542, 140721,deca0100c4b48784,  2.926193858788528e+00,  2.113460121015217e-02
143542, 140721,deca0100c4b48784,  3.049222130548078e+00,  2.533945201434384e-01
143542, 140721,deca0100c4b48784,  2.978396886857526e+00,  1.631027110660359e-01
143542, 140721,deca0100c4b48784,  2.999043326866486e+00,  5.525536871420115e-02
143542, 140721,deca0100c4b48784,  2.968226872296813e+00,  9.141069447797652e-02
143542, 140721,deca0100c4b48784,  2.990615950824017e+00,  -3.971953009155071e-02
143542, 140721,deca0100c4b48784,  3.016044033275795e+00,  -1.663694396639137e-02
143542, 140721,deca0100c4b48784,  3.008621886260515e+00,  1.338959786575206e-01
143542, 140721,deca0100c4b48784,  3.088577771174865e+00,  6.973776178245084e-02
143542, 140721,deca0100c4b48784,  3.087524416855890e+00,  1.685699213600191e-01
143543, 140721,deca0100c4b48784,  2.989763252240172e+00,  1.857277588796465e-02
143543, 140721,deca0100c4b48784,  3.133727055840328e+00,  -1.692152775254821e-01
143543, 140721,deca0100c4b48784,  3.112120507023113e+00,  -1.020331718184527e-01
143543, 140721,deca0100c4b48784,  3.731428299540321e+00,  -8.320133691745836e-01
143543, 140721,deca0100c4b48784,  3.386271475132497e+00,  -7.138413486406178e-01
143543, 140721,deca0100c4b48784,  3.187876878256305e+00,  -2.188882831131996e-02
143543, 140721,deca0100c4b48784,  3.443817920668046e+00,  -6.043385454185941e-01
143543, 140721,deca0100c4b48784,  3.185277664346742e+00,  2.274239461442318e-01
143543, 140721,deca0100c4b48784,  3.716950701579913e+00,  -9.533847818976721e-01
143543, 140721,deca0100c4b48784,  3.687970335384382e+00,  -4.786582836651784e-01
143544, 140721,deca0100c4b48784,  3.236675227834327e+00,  -1.908459551305482e-02
143544, 140721,deca0100c4b48784,  3.233009463455232e+00,  -1.695116576548494e-01
143544, 140721,deca0100c4b48784,  3.495207365485676e+00,  3.193212906785484e-01
143544, 140721,deca0100c4b48784,  3.147028057203806e+00,  -2.622131162102750e-01
143544, 140721,deca0100c4b48784,  3.191788530705058e+00,  -1.172970411578460e-01
143544, 140721,deca0100c4b48784,  3.217316963673230e+00,  -1.404655012563416e-02
143544, 140721,deca0100c4b48784,  3.223236669714925e+00,  -1.535913801784205e-01
143544, 140721,deca0100c4b48784,  3.320632692352704e+00,  1.612132638014210e-01
143544, 140721,deca0100c4b48784,  3.293787487408461e+00,  2.492877418712197e-01
143544, 140721,deca0100c4b48784,  3.197353166989288e+00,  3.145291739702186e-02
143545, 140721,deca0100c4b48784,  3.744765930909149e+00,  5.509481442968888e-01
143545, 140721,deca0100c4b48784,  3.721288612532850e+00,  5.597460053028839e-01
143545, 140721,deca0100c4b48784,  4.335236707532715e+00,  3.258478919111397e-01
143545, 140721,deca0100c4b48784,  3.258582526677261e+00,  6.825465338239556e-02
143545, 140721,deca0100c4b48784,  4.220528570751866e+00,  3.840228350656673e-01
143545, 140721,deca0100c4b48784,  3.889632777253698e+00,  1.094036963716477e+00
143545, 140721,deca0100c4b48784,  3.322856401532216e+00,  4.611321597856342e-01
143545, 140721,deca0100c4b48784,  3.371976035603122e+00,  5.692259815877074e-01
143545, 140721,deca0100c4b48784,  3.352599758629457e+00,  5.503856547026734e-01
143545, 140721,deca0100c4b48784,  3.420955302363410e+00,  7.507591717673012e-01
143545, 140721,deca0100c4b48784,  3.756578960647210e+00,  4.517692041459524e-02
143546, 140721,deca0100c4b48784,  3.529009329401241e+00,  4.159109578285681e-01
143546, 140721,deca0100c4b48784,  3.236477995335951e+00,  3.565903998821871e-01
143546, 140721,deca0100c4b48784,  3.106223310005186e+00,  2.510471341725242e-01
143546, 140721,deca0100c4b48784,  3.105002243439067e+00,  4.280624709682591e-01
143546, 140721,deca0100c4b48784,  3.257799984104762e+00,  5.965104127901073e-01
143546, 140721,deca0100c4b48784,  3.300772943044971e+00,  6.826714408507933e-01
143546, 140721,deca0100c4b48784,  3.183466403017688e+00,  5.866336108358460e-01
143546, 140721,deca0100c4b48784,  3.300304618459796e+00,  9.038820526789445e-01
143546, 140721,deca0100c4b48784,  3.261676439159606e+00,  1.067052788887245e+00
143546, 140721,deca0100c4b48784,  3.209892459425280e+00,  7.819492833833842e-01
143547, 140721,deca0100c4b48784,  3.173221156173123e+00,  6.658805106238882e-01
143547, 140721,deca0100c4b48784,  3.147882653799968e+00,  7.071174243088100e-01
143547, 140721,deca0100c4b48784,  3.397162316639962e+00,  2.561554251902056e+00
143547, 140721,deca0100c4b48784,  3.287958852284126e+00,  2.299853103513280e+00
143547, 140721,deca0100c4b48784,  3.250758423434794e+00,  2.190287533144139e+00
143547, 140721,deca0100c4b48784,  3.242647089949616e+00,  2.301723141553909e+00
143547, 140721,deca0100c4b48784,  2.809062794797148e+00,  3.815189988414072e-01
143547, 140721,deca0100c4b48784,  3.173032575368315e+00,  2.100762464771171e+00
143547, 140721,deca0100c4b48784,  3.054170296076990e+00,  1.940820122458432e+00
143548, 140721,deca0100c4b48784,  3.142898873343231e+00,  1.891027526315411e+00
143548, 140721,deca0100c4b48784,  3.097537207802340e+00,  1.853506162202030e+00
143548, 140721,deca0100c4b48784,  3.139539914471303e+00,  2.005810646410647e+00
143548, 140721,deca0100c4b48784,  3.126726533913251e+00,  2.034196138964913e+00
143548, 140721,deca0100c4b48784,  3.162839625010238e+00,  2.063331055558276e+00
143548, 140721,deca0100c4b48784,  2.628698722984161e+00,  1.218901830213815e-01
143548, 140721,deca0100c4b48784,  1.586768616830068e+00,  -1.320286971258547e+00
143548, 140721,deca0100c4b48784,  2.352131241737912e+00,  -4.179706827377996e-01
143548, 140721,deca0100c4b48784,  1.477990743293638e+00,  -1.658412395753738e+00
143548, 140721,deca0100c4b48784,  1.045747561410532e+00,  -2.132176952335918e+00
143549, 140721,deca0100c4b48784,  7.924118577679294e-01,  -2.438825484030886e+00
143549, 140721,deca0100c4b48784,  1.635645664899502e+00,  -1.478311042706631e+00
143549, 140721,deca0100c4b48784,  1.444227985835404e+00,  -1.694341483754099e+00
143549, 140721,deca0100c4b48784,  2.115148456286947e+00,  -8.655478839872822e-01
143549, 140721,deca0100c4b48784,  -1.045536777909887e+01,  -1.287162349007654e+01
143549, 140721,deca0100c4b48784,  1.322992895664435e+00,  -2.015750931256964e+00
143549, 140721,deca0100c4b48784,  1.096481540443710e+00,  -2.382938881520960e+00
143549, 140721,deca0100c4b48784,  1.037827295748085e+00,  -2.360506688618240e+00
143549, 140721,deca0100c4b48784,  2.984751329330171e+00,  4.805201456711352e-01
143549, 140721,deca0100c4b48784,  2.764000851695981e+00,  7.602018701067100e-03
143550, 140721,deca0100c4b48784,  2.737438200619415e+00,  -3.865780806346179e-03
143550, 140721,deca0100c4b48784,  2.949930216616531e+00,  3.355702151436900e-01
143550, 140721,deca0100c4b48784,  2.997611912778828e+00,  3.813882948856001e-01
143550, 140721,deca0100c4b48784,  2.962005126644019e+00,  2.556309514135213e-01
143550, 140721,deca0100c4b48784,  3.037989351803084e+00,  1.937952351507986e-01
143550, 140721,deca0100c4b48784,  3.004078477220308e+00,  8.720879335234392e-02
143550, 140721,deca0100c4b48784,  2.995721813887169e+00,  1.291232581008463e-01
143550, 140721,deca0100c4b48784,  3.056031595107915e+00,  2.833667497615667e-01
143550, 140721,deca0100c4b48784,  3.006950195295771e+00,  3.286453939712969e-01
143550, 140721,deca0100c4b48784,  2.993050304517884e+00,  1.016027680410738e-01
143551, 140721,deca0100c4b48784,  2.927243583823377e+00,  -8.282554091448528e-02
143551, 140721,deca0100c4b48784,  2.932169654868068e+00,  -6.879619707856406e-03
143551, 140721,deca0100c4b48784,  3.004048168470989e+00,  2.885945509009928e-02
143551, 140721,deca0100c4b48784,  2.953974360357412e+00,  -2.067219248147663e-01
143551, 140721,deca0100c4b48784,  3.008508538418825e+00,  -2.021401012404253e-01
143551, 140721,deca0100c4b48784,  3.078221868161093e+00,  -3.369100197509678e-02
143551, 140721,deca0100c4b48784,  3.101327635134604e+00,  2.556172018281251e-02
143551, 140721,deca0100c4b48784,  3.101232480963190e+00,  2.588297126988433e-02
143551, 140721,deca0100c4b48784,  3.010368332966466e+00,  -1.678532358421603e-01
143551, 140721,deca0100c4b48784,  3.005523435477072e+00,  -1.977675711186351e-01
143552, 140721,deca0100c4b48784,  3.041876284175007e+00,  -1.617578281895426e-01
143552, 140721,deca0100c4b48784,  3.006445100495284e+00,  -9.781184658258942e-02
143552, 140721,deca0100c4b48784,  3.085811690042353e+00,  3.317441905197863e-02
143552, 140721,deca0100c4b48784,  3.177044798711123e+00,  4.685336127820724e-02
143552, 140721,deca0100c4b48784,  3.138052205966620e+00,  1.991876935783132e-02
143552, 140721,deca0100c4b48784,  3.130944038024043e+00,  7.868099125397106e-02
143552, 140721,deca0100c4b48784,  3.024298945731868e+00,  -1.109045376677700e-01
143552, 140721,deca0100c4b48784,  3.087815811030461e+00,  -3.314219597281154e-02
143552, 140721,deca0100c4b48784,  3.188340130648277e+00,  2.159570910590362e-01
143552, 140721,deca0100c4b48784,  3.195065162799354e+00,  1.260102647181734e-02
143552, 140721,deca0100c4b48784,  3.175634093183250e+00,  -5.229245390238072e-02
143553, 140721,deca0100c4b48784,  3.377557333150509e+00,  -3.513894805838012e-01
143553, 140721,deca0100c4b48784,  3.183520521044066e+00,  -2.087989359449010e-01
143553, 140721,deca0100c4b48784,  3.219258401070764e+00,  -1.011384707199595e-01
143553, 140721,deca0100c4b48784,  3.228832247523927e+00,  7.399957069768122e-02
143553, 140721,deca0100c4b48784,  3.225616045738273e+00,  -8.778282919756657e-02
143553, 140721,deca0100c4b48784,  3.543262490163585e+00,  -5.966535689355039e-01
143553, 140721,deca0100c4b48784,  3.569695735187674e+00,  3.338663710105905e-01
143553, 140721,deca0100c4b48784,  3.742785092146002e+00,  4.684888600474423e-01
143553, 140721,deca0100c4b48784,  3.799876218081648e+00,  6.637841700538116e-01
143553, 140721,deca0100c4b48784,  3.781518973903244e+00,  5.957262092470813e-01
143554, 140721,deca0100c4b48784,  3.764564326835201e+00,  5.458081138658744e-01
143554, 140721,deca0100c4b48784,  3.813274731842903e+00,  6.191679819532582e-01
143554, 140721,deca0100c4b48784,  4.000632243492293e+00,  7.413676053218232e-01
143554, 140721,deca0100c4b48784,  3.789911432708517e+00,  6.826646735077845e-01
143554, 140721,deca0100c4b48784,  3.191743852325207e+00,  -2.252600881758552e-02
143554, 140721,deca0100c4b48784,  3.146316154265553e+00,  -9.702519992852669e-02
143554, 140721,deca0100c4b48784,  3.116050933826444e+00,  -2.002026915353609e-02
143554, 140721,deca0100c4b48784,  3.515402498828764e+00,  -7.328606001239764e-01
143554, 140721,deca0100c4b48784,  3.539921617171325e+00,  -5.215510757003742e-01
143555, 140721,deca0100c4b48784,  3.197314438511316e+00,  2.094646598113309e-01
143555, 140721,deca0100c4b48784,  3.175971300254765e+00,  4.671277344982264e-02
143555, 140721,deca0100c4b48784,  3.129639059995550e+00,  -5.530008554911362e-02
143555, 140721,deca0100c4b48784,  3.159303420892377e+00,  1.893021217259616e-02
143555, 140721,deca0100c4b48784,  3.145291905261850e+00,  4.247954451148798e-02
143555, 140721,deca0100c4b48784,  3.081144241249342e+00,  3.394903350014866e-02
143555, 140721,deca0100c4b48784,  3.013731431834352e+00,  6.060484404590102e-02
143555, 140721,deca0100c4b48784,  3.082320380602251e+00,  1.024516540347875e-01
143555, 140721,deca0100c4b48784,  3.027155386592003e+00,  -4.417452595183817e-03
143555, 140721,deca0100c4b48784,  2.971587661161458e+00,  1.000131436661847e-01
143556, 140721,deca0100c4b48784,  2.970289603678616e+00,  -2.657532099845072e-02
143556, 140721,deca0100c4b48784,  2.889545376514407e+00,  -1.045714475747808e-01
143556, 140721,deca0100c4b48784,  2.899747089534619e+00,  -8.662480057885387e-02
143556, 140721,deca0100c4b48784,  2.887052454301790e+00,  -1.922172979674726e-02
143556, 140721,deca0100c4b48784,  2.976695687084691e+00,  1.127092649422422e-01
143556, 140721,deca0100c4b48784,  2.991034069734089e+00,  1.972830270749290e-01
143556, 140721,deca0100c4b48784,  1.436918142161075e+00,  -2.181316953191984e+00
143556, 140721,deca0100c4b48784,  1.537486934713100e+00,  -1.956057011339144e+00
143556, 140721,deca0100c4b48784,  1.680111972382817e+00,  -1.707911356372284e+00
143556, 140721,deca0100c4b48784,  6.584338512259055e-01,  -3.041317997931039e+00
143557, 140721,deca0100c4b48784,  2.907880472474073e+00,  1.512865724732818e-01
143557, 140721,deca0100c4b48784,  2.875032865632281e+00,  8.098341638910093e-02
143557, 140721,deca0100c4b48784,  1.236225849342353e+00,  -2.141998107097663e+00
143557, 140721,deca0100c4b48784,  1.167593393951214e+00,  -2.156484509118066e+00
143557, 140721,deca0100c4b48784,  1.213991751175718e+00,  -2.140077792534430e+00
143557, 140721,deca0100c4b48784,  1.264300608069546e+00,  -2.039716743608690e+00
143557, 140721,deca0100c4b48784,  1.425634060622296e+00,  -1.756292931140067e+00
143557, 140721,deca0100c4b48784,  1.737557552747396e+00,  -1.368537034287668e+00
143557, 140721,deca0100c4b48784,  -3.113081631966827e+01,  -2.725908826924552e+01
143557, 140721,deca0100c4b48784,  -2.318666649957422e+01,  -2.182971103423579e+01
143558, 140721,deca0100c4b48784,  -9.644628901137132e+00,  -1.217841037479841e+01
143558, 140721,deca0100c4b48784,  -4.616249469004490e-01,  -3.938971455192159e+00
143558, 140721,deca0100c4b48784,  -1.066730053112084e+01,  -1.279009303784123e+01
143558, 140721,deca0100c4b48784,  9.546363297625448e-01,  -2.242077744434652e+00
143558, 140721,deca0100c4b48784,  1.501608030271304e+00,  -1.429687522982435e+00
143558, 140721,deca0100c4b48784,  3.027452251766896e+00,  1.957776405506364e+00
143558, 140721,deca0100c4b48784,  2.978852280933607e+00,  2.399855728948948e+00
143558, 140721,deca0100c4b48784,  3.163343553370615e+00,  2.196673383551007e+00
143558, 140721,deca0100c4b48784,  3.190373883078789e+00,  2.239551332433882e+00
143558, 140721,deca0100c4b48784,  3.082924973866659e+00,  2.487788861490671e+00
143559, 140721,deca0100c4b48784,  3.175986073699444e+00,  2.082472768080526e+00
143559, 140721,deca0100c4b48784,  3.139816923138840e+00,  1.947623521899225e+00
143559, 140721,deca0100c4b48784,  3.095400209166172e+00,  2.391777335307044e+00
143559, 140721,deca0100c4b48784,  3.134666616311743e+00,  2.013848427855931e+00
143559, 140721,deca0100c4b48784,  3.208639051296865e+00,  2.141231928312308e+00
143559, 140721,deca0100c4b48784,  3.155388140364073e+00,  2.105213220911995e+00
143559, 140721,deca0100c4b48784,  2.918011487529386e+00,  6.336179979140346e-01
143559, 140721,deca0100c4b48784,  2.944591085693939e+00,  6.138184997927191e-01
143559, 140721,deca0100c4b48784,  3.070687019630008e+00,  9.109913366510463e-01
143559, 140721,deca0100c4b48784,  3.034845535736664e+00,  6.770201250645725e-01
143600, 140721,deca0100c4b48784,  2.930215788249670e+00,  4.728270886253476e-01
143600, 140721,deca0100c4b48784,  3.069549162359215e+00,  8.797531234875370e-01
143600, 140721,deca0100c4b48784,  3.040618304782914e+00,  5.670838128390332e-01
143600, 140721,deca0100c4b48784,  3.083063246001528e+00,  6.299604058806026e-01
143600, 140721,deca0100c4b48784,  3.124731076874478e+00,  7.485859898357335e-01
143600, 140721,deca0100c4b48784,  3.149543904978825e+00,  9.206772506711466e-01
143600, 140721,deca0100c4b48784,  3.141318939318465e+00,  7.684996059385968e-01
143600, 140721,deca0100c4b48784,  3.256046556653743e+00,  8.308111300377349e-01
143600, 140721,deca0100c4b48784,  3.174197328078524e+00,  5.477631171579170e-01
143600, 140721,deca0100c4b48784,  3.284193118574539e+00,  6.806989597573749e-01
143601, 140721,deca0100c4b48784,  3.286910817848653e+00,  5.367373087194814e-01
143601, 140721,deca0100c4b48784,  3.339672966495400e+00,  5.703413003944783e-01
143601, 140721,deca0100c4b48784,  3.439090669747632e+00,  6.347049913793171e-01
143601, 140721,deca0100c4b48784,  3.251806211390162e+00,  6.159237304615012e-01
143601, 140721,deca0100c4b48784,  3.428804962440900e+00,  8.482464411340590e-01
143601, 140721,deca0100c4b48784,  3.393227751763217e+00,  8.602033830097368e-01
143601, 140721,deca0100c4b48784,  3.372431863028365e+00,  7.421359017429751e-01
143601, 140721,deca0100c4b48784,  3.317791322836359e+00,  6.059008811224759e-01
143601, 140721,deca0100c4b48784,  3.502704391304574e+00,  7.638215083078284e-01
143601, 140721,deca0100c4b48784,  3.523727013392809e+00,  5.716041447169422e-01
143601, 140721,deca0100c4b48784,  3.237247939905069e+00,  3.753526450655220e-01
143602, 140721,deca0100c4b48784,  3.167100879698500e+00,  2.641322619777468e-01
143602, 140721,deca0100c4b48784,  3.220887212811382e+00,  2.581333011111295e-01
143602, 140721,deca0100c4b48784,  3.167448294979558e+00,  1.764890952656979e-01
143602, 140721,deca0100c4b48784,  3.188669963597838e+00,  1.915702228989666e-01
143602, 140721,deca0100c4b48784,  3.200770839425926e+00,  9.109312568451540e-02
143602, 140721,deca0100c4b48784,  3.642646969532175e+00,  3.244416059520273e-01
143602, 140721,deca0100c4b48784,  3.698583787307985e+00,  3.433029928828827e-01
143602, 140721,deca0100c4b48784,  3.634731587791078e+00,  -1.072845040899442e+00
143602, 140721,deca0100c4b48784,  3.168293953966112e+00,  1.169722579968568e-01
143603, 140721,deca0100c4b48784,  3.585392959690898e+00,  -1.224450124796696e+00
143603, 140721,deca0100c4b48784,  3.188223136063660e+00,  2.152287346242902e-01
143603, 140721,deca0100c4b48784,  3.598920948995777e+00,  -1.269636364223148e+00
143603, 140721,deca0100c4b48784,  3.665638839805146e+00,  -1.084918682870479e+00
143603, 140721,deca0100c4b48784,  3.695855725348471e+00,  -9.560044861594524e-01
143603, 140721,deca0100c4b48784,  3.718562805353250e+00,  -9.534039781465520e-01
143603, 140721,deca0100c4b48784,  3.552673544388956e+00,  -4.317380267717963e-01
143603, 140721,deca0100c4b48784,  3.568098995341175e+00,  -4.416693969818216e-01
143603, 140721,deca0100c4b48784,  3.170541837644969e+00,  7.466503117062821e-02
143603, 140721,deca0100c4b48784,  3.083862172164803e+00,  -2.183337464327972e-03
143603, 140721,deca0100c4b48784,  3.104085989080628e+00,  1.359098899886827e-02
143604, 140721,deca0100c4b48784,  3.072724247256923e+00,  -3.794826235604835e-02
143604, 140721,deca0100c4b48784,  3.160181470580849e+00,  1.698401234246160e-01
143604, 140721,deca0100c4b48784,  2.988996685297577e+00,  -9.791096928750125e-02
143604, 140721,deca0100c4b48784,  2.966255325444573e+00,  -1.368116297469202e-01
143604, 140721,deca0100c4b48784,  3.017843188059159e+00,  2.980459082277753e-02
143604, 140721,deca0100c4b48784,  3.042581630949615e+00,  2.860120101273382e-02
143604, 140721,deca0100c4b48784,  2.968722713306080e+00,  1.677924094558407e-02
143604, 140721,deca0100c4b48784,  3.020366760803307e+00,  2.448080500298770e-02
143604, 140721,deca0100c4b48784,  2.992826895738894e+00,  -1.905515669942659e-02
143604, 140721,deca0100c4b48784,  3.048536397771528e+00,  2.130834269296929e-01
143605, 140721,deca0100c4b48784,  3.030466758115569e+00,  1.820700166417198e-01
143605, 140721,deca0100c4b48784,  3.053885328331664e+00,  2.152505121862337e-01
143605, 140721,deca0100c4b48784,  3.062977693557048e+00,  2.462179812978741e-01
143605, 140721,deca0100c4b48784,  3.028056323928967e+00,  1.274643608093163e-01
143605, 140721,deca0100c4b48784,  3.024734865631288e+00,  2.220775300956434e-01
143605, 140721,deca0100c4b48784,  3.087516603251551e+00,  4.074525261011746e-01
143605, 140721,deca0100c4b48784,  1.752553226874698e+00,  -1.545458203336548e+00
143605, 140721,deca0100c4b48784,  2.859887302703129e+00,  1.292271901790425e-01
143605, 140721,deca0100c4b48784,  2.745816732227035e+00,  -5.663259550491592e-02
143605, 140721,deca0100c4b48784,  2.947796008843063e+00,  4.757901423488746e-01
143606, 140721,deca0100c4b48784,  2.941961997160762e+00,  3.417548046995131e-01
143606, 140721,deca0100c4b48784,  1.516924958201617e+00,  -1.824336735498899e+00
143606, 140721,deca0100c4b48784,  1.502442964749064e+00,  -1.848284727021324e+00
143606, 140721,deca0100c4b48784,  1.037598042424319e+00,  -2.442518959624897e+00
143606, 140721,deca0100c4b48784,  1.521048973420581e+00,  -1.690347651579894e+00
143606, 140721,deca0100c4b48784,  -3.470056113642340e-01,  -3.949643871825686e+00
143606, 140721,deca0100c4b48784,  1.114434341158175e+00,  -2.209624218705344e+00
143606, 140721,deca0100c4b48784,  1.766024537666026e+00,  -1.386630601267296e+00
143606, 140721,deca0100c4b48784,  1.940120498102195e+00,  -1.148226656581331e+00
143606, 140721,deca0100c4b48784,  7.810962851130500e-01,  -2.532226543818259e+00
143607, 140721,deca0100c4b48784,  -8.667524322979162e+00,  -1.156766957170462e+01
143607, 140721,deca0100c4b48784,  -1.292316714548550e+00,  -5.002918331674125e+00
143607, 140721,deca0100c4b48784,  -1.010439194029280e-01,  -3.628842404055967e+00
143607, 140721,deca0100c4b48784,  -1.210284765345284e+01,  -1.457738906272892e+01
143607, 140721,deca0100c4b48784,  2.505384538060391e+00,  -2.395792984939500e-01
143607, 140721,deca0100c4b48784,  2.599257736233882e+00,  -4.101982606784064e-02
143607, 140721,deca0100c4b48784,  1.879567201659442e+00,  -1.082124221126864e+00
143607, 140721,deca0100c4b48784,  1.672704107827693e+00,  -1.332704084314165e+00
143607, 140721,deca0100c4b48784,  3.143200398348702e+00,  2.203766326294359e+00
143607, 140721,deca0100c4b48784,  3.143419743082077e+00,  2.169337004233353e+00
143608, 140721,deca0100c4b48784,  3.017784107283259e+00,  1.814454738996185e+00
143608, 140721,deca0100c4b48784,  3.092197101166393e+00,  1.799883456503776e+00
143608, 140721,deca0100c4b48784,  3.108213468211472e+00,  1.797201537844128e+00
143608, 140721,deca0100c4b48784,  3.011567927482538e+00,  1.530206986305263e+00
143608, 140721,deca0100c4b48784,  3.007262591941871e+00,  1.474681698019851e+00
143608, 140721,deca0100c4b48784,  3.102855626211336e+00,  2.009066505340899e+00
143608, 140721,deca0100c4b48784,  3.117974651899615e+00,  1.980539286265766e+00
143608, 140721,deca0100c4b48784,  2.802741504039707e+00,  3.871532543259531e-01
143608, 140721,deca0100c4b48784,  2.809117748858653e+00,  5.085342416196675e-01
143608, 140721,deca0100c4b48784,  2.945373908316686e+00,  6.773370414165684e-01
143609, 140721,deca0100c4b48784,  3.043206820036686e+00,  1.030094931293643e+00
143609, 140721,deca0100c4b48784,  3.044967876582975e+00,  1.012460007349239e+00
143609, 140721,deca0100c4b48784,  3.339204226002487e+00,  2.429431607665296e+00
143609, 140721,deca0100c4b48784,  3.456596153403097e+00,  2.399974037490631e+00
143609, 140721,deca0100c4b48784,  3.415745618936673e+00,  2.335439893101526e+00
143609, 140721,deca0100c4b48784,  3.445895726163574e+00,  2.557506695637405e+00
143609, 140721,deca0100c4b48784,  3.264110215161669e+00,  1.036542088234576e+00
143609, 140721,deca0100c4b48784,  3.180668131343571e+00,  9.612372495958939e-01
143609, 140721,deca0100c4b48784,  3.144989121594677e+00,  6.397835034079044e-01
143609, 140721,deca0100c4b48784,  3.199394054374684e+00,  6.477355084607160e-01
143610, 140721,deca0100c4b48784,  3.166626204318153e+00,  8.449756639940652e-01
143610, 140721,deca0100c4b48784,  3.132316120952172e+00,  6.254212017296652e-01
143610, 140721,deca0100c4b48784,  3.073458138778683e+00,  4.192082209986632e-01
143610, 140721,deca0100c4b48784,  3.098217020918089e+00,  4.417086683284944e-01
143610, 140721,deca0100c4b48784,  3.086443397321367e+00,  3.364654350383162e-01
143610, 140721,deca0100c4b48784,  3.146368887966863e+00,  2.223292163931574e-01
143610, 140721,deca0100c4b48784,  3.682653333890522e+00,  1.628739628962374e-01
143610, 140721,deca0100c4b48784,  3.293043640266141e+00,  6.426281475132274e-01
143610, 140721,deca0100c4b48784,  3.349394609631570e+00,  6.269496391558166e-01
143611, 140721,deca0100c4b48784,  3.529175467420453e+00,  9.681556332325189e-01
143611, 140721,deca0100c4b48784,  3.304157819316661e+00,  6.228585491707582e-01
143611, 140721,deca0100c4b48784,  3.291936001019866e+00,  6.007628698308739e-01
143611, 140721,deca0100c4b48784,  3.890642551860501e+00,  -1.471471780119049e-01
143611, 140721,deca0100c4b48784,  3.674406185607376e+00,  4.887730158948862e-01
143611, 140721,deca0100c4b48784,  3.630370916605890e+00,  -1.219914481433095e-01
143611, 140721,deca0100c4b48784,  3.631894740266477e+00,  -1.608339152258451e-01
143611, 140721,deca0100c4b48784,  3.678898732511849e+00,  -9.662793051892622e-02
143611, 140721,deca0100c4b48784,  3.731340461361992e+00,  1.761915149412966e-03
143611, 140721,deca0100c4b48784,  4.001932622417314e+00,  -1.149807831760548e+00
143611, 140721,deca0100c4b48784,  3.327669813352618e+00,  2.101587245961000e-01
143612, 140721,deca0100c4b48784,  3.334070731967476e+00,  2.567912670872034e-01
143612, 140721,deca0100c4b48784,  3.639146766585229e+00,  5.500685991071443e-01
143612, 140721,deca0100c4b48784,  3.629720952146329e+00,  4.638710042154670e-01
143612, 140721,deca0100c4b48784,  3.625150108589755e+00,  4.820885477460814e-01
143612, 140721,deca0100c4b48784,  3.667826084855926e+00,  6.195460380083152e-01
143612, 140721,deca0100c4b48784,  3.803180654295812e+00,  4.763866502434884e-01
143612, 140721,deca0100c4b48784,  3.730642637960079e+00,  -1.074554216108868e+00
143612, 140721,deca0100c4b48784,  3.714903579672056e+00,  -1.077850040578308e+00
143612, 140721,deca0100c4b48784,  3.849245235358459e+00,  -9.188974147968741e-01
143612, 140721,deca0100c4b48784,  3.756630919683026e+00,  -1.257920743848465e+00
143613, 140721,deca0100c4b48784,  3.753859347215723e+00,  -1.146340659367634e+00
143613, 140721,deca0100c4b48784,  3.788183426969304e+00,  -1.108359676214153e+00
143613, 140721,deca0100c4b48784,  3.787286644998430e+00,  -9.796210763232613e-01
143613, 140721,deca0100c4b48784,  3.577166967285699e+00,  -4.669269322213123e-01
143613, 140721,deca0100c4b48784,  3.702624366811801e+00,  -1.221813106353636e+00
143613, 140721,deca0100c4b48784,  3.520447816266068e+00,  -2.048923285658011e+00
143613, 140721,deca0100c4b48784,  5.650163086123801e+00,  -8.763463087663487e-02
143613, 140721,deca0100c4b48784,  3.196592935664411e+00,  -2.829346047200698e+00
143613, 140721,deca0100c4b48784,  3.531279203130058e+00,  -6.092941319796151e-01
143613, 140721,deca0100c4b48784,  3.456088271807998e+00,  -7.217367329336000e-01
143614, 140721,deca0100c4b48784,  3.226105058584587e+00,  -1.302600868629310e-01
143614, 140721,deca0100c4b48784,  3.178803442163810e+00,  -5.505944414184283e-03
143614, 140721,deca0100c4b48784,  3.206415765076634e+00,  1.538807670304544e-01
143614, 140721,deca0100c4b48784,  3.108754553488934e+00,  -5.606620768287962e-02
143614, 140721,deca0100c4b48784,  3.132436028282355e+00,  -2.420720548873730e-02
143614, 140721,deca0100c4b48784,  3.072553054024125e+00,  3.036059886014760e-02
143614, 140721,deca0100c4b48784,  3.089927631752054e+00,  4.110977875768307e-03
143614, 140721,deca0100c4b48784,  3.005689849014816e+00,  -8.393231299854713e-02
143614, 140721,deca0100c4b48784,  3.083215586396368e+00,  1.264853103921174e-01
143614, 140721,deca0100c4b48784,  3.003002273134091e+00,  -5.159398339721163e-02
143615, 140721,deca0100c4b48784,  2.990732134570731e+00,  -5.294005055673131e-02
143615, 140721,deca0100c4b48784,  3.009504029189181e+00,  6.926110364570577e-02
143615, 140721,deca0100c4b48784,  2.954703375413060e+00,  -4.655217881634843e-02
143615, 140721,deca0100c4b48784,  2.989591315765963e+00,  -5.153033669767026e-02
143615, 140721,deca0100c4b48784,  2.923859060875275e+00,  -8.040302019502628e-02
143615, 140721,deca0100c4b48784,  3.001025480099727e+00,  1.039563552019783e-01
143615, 140721,deca0100c4b48784,  3.087067310236821e+00,  2.072331290594791e-01
143615, 140721,deca0100c4b48784,  3.052779034301092e+00,  2.113427392551124e-01
143615, 140721,deca0100c4b48784,  3.097448455512335e+00,  3.402683352366616e-01
143615, 140721,deca0100c4b48784,  2.956304149458665e+00,  1.346892550653292e-01
143616, 140721,deca0100c4b48784,  1.585937140071598e+00,  -1.835671248250733e+00
143616, 140721,deca0100c4b48784,  2.981555124401591e+00,  3.531384672406047e-01
143616, 140721,deca0100c4b48784,  2.964865634777921e+00,  3.370912085081083e-01
143616, 140721,deca0100c4b48784,  2.833274799323103e+00,  5.983306696052526e-02
143616, 140721,deca0100c4b48784,  2.816622490266168e+00,  1.523338467872908e-01
143616, 140721,deca0100c4b48784,  2.787266413843700e+00,  8.755710172117544e-02
143616, 140721,deca0100c4b48784,  1.664028816617208e+00,  -1.507462372662419e+00
143616, 140721,deca0100c4b48784,  2.659491557821283e+00,  -1.698873098435680e-01
143616, 140721,deca0100c4b48784,  1.532306787570323e+00,  -1.626602273730965e+00
143616, 140721,deca0100c4b48784,  -1.225487177047370e+00,  -4.819442478681220e+00
143616, 140721,deca0100c4b48784,  1.057076898732332e+00,  -2.276044322570739e+00
143617, 140721,deca0100c4b48784,  9.793136806672788e-01,  -2.437198147634754e+00
143617, 140721,deca0100c4b48784,  1.097636049700385e+00,  -2.319737579557972e+00
143617, 140721,deca0100c4b48784,  1.352955195471750e+00,  -1.931196651432783e+00
143617, 140721,deca0100c4b48784,  1.098381347581378e+00,  -2.222488008370933e+00
143617, 140721,deca0100c4b48784,  2.278334180766188e+00,  -7.374529260255634e-01
143617, 140721,deca0100c4b48784,  9.435469615844356e-01,  -2.401062760208993e+00
143617, 140721,deca0100c4b48784,  0.000000000000000e+00,  0.000000000000000e+00
143617, 140721,deca0100c4b48784,  -1.538987909295993e+00,  -5.165487206233205e+00
143617, 140721,deca0100c4b48784,  2.764107261425357e+00,  2.281129431934844e-01
143618, 140721,deca0100c4b48784,  2.576839907644518e+00,  -1.054786345590851e-01
143618, 140721,deca0100c4b48784,  1.844327986177233e+00,  -1.139142791851984e+00
143618, 140721,deca0100c4b48784,  1.105234896534967e+00,  -2.033822971131915e+00
143618, 140721,deca0100c4b48784,  1.246209302974516e+00,  -1.823646140856533e+00
143618, 140721,deca0100c4b48784,  3.019704258567098e+00,  2.051563228098373e+00
143618, 140721,deca0100c4b48784,  3.025333356371350e+00,  2.023767784649822e+00
143618, 140721,deca0100c4b48784,  2.593523114570120e+00,  4.803601876259656e-02
143618, 140721,deca0100c4b48784,  3.123546430970823e+00,  2.235762462323839e+00
143618, 140721,deca0100c4b48784,  3.093053684919300e+00,  2.150737187846536e+00
143618, 140721,deca0100c4b48784,  3.119008058645839e+00,  2.027931467505409e+00
143618, 140721,deca0100c4b48784,  3.111039318049468e+00,  2.003916356111322e+00
143619, 140721,deca0100c4b48784,  3.166674985078284e+00,  2.041537430432090e+00
143619, 140721,deca0100c4b48784,  2.913711848036656e+00,  7.138262442504719e-01
143619, 140721,deca0100c4b48784,  2.888785562853040e+00,  5.652404016293168e-01
143619, 140721,deca0100c4b48784,  2.909214715181818e+00,  5.775958024977014e-01
143619, 140721,deca0100c4b48784,  2.915656144524373e+00,  5.165358481868463e-01
143619, 140721,deca0100c4b48784,  2.908743645891286e+00,  4.736113942578125e-01
143